
*** Running vivado
    with args -log design_1_led_controller_1_0.vds -m64 -product Vivado -mode batch -messageDb vivado.pb -notrace -source design_1_led_controller_1_0.tcl


****** Vivado v2018.2 (64-bit)
  **** SW Build 2258646 on Thu Jun 14 20:02:38 MDT 2018
  **** IP Build 2256618 on Thu Jun 14 22:10:49 MDT 2018
    ** Copyright 1986-2018 Xilinx, Inc. All Rights Reserved.

source design_1_led_controller_1_0.tcl -notrace
Command: synth_design -top design_1_led_controller_1_0 -part xc7z020clg484-1 -mode out_of_context
Starting synth_design
Attempting to get a license for feature 'Synthesis' and/or device 'xc7z020'
INFO: [Common 17-349] Got license for feature 'Synthesis' and/or device 'xc7z020'
INFO: Launching helper process for spawning children vivado processes
INFO: Helper process launched with PID 12345 
---------------------------------------------------------------------------------
Starting RTL Elaboration : Time (s): cpu = 00:00:01 ; elapsed = 00:00:02 . Memory (MB): peak = 1341.633 ; gain = 82.699 ; free physical = 12948 ; free virtual = 55197
---------------------------------------------------------------------------------
INFO: [Synth 8-6157] synthesizing module 'design_1_led_controller_1_0' [/home/justin/github/2018_fall_hardware_software_codesign_lab/custom_ip/custom_ip.srcs/sources_1/bd/design_1/ip/design_1_led_controller_1_0/synth/design_1_led_controller_1_0.v:56]
INFO: [Synth 8-6157] synthesizing module 'led_controller_v1_0' [/home/justin/github/2018_fall_hardware_software_codesign_lab/custom_ip/custom_ip.srcs/sources_1/bd/design_1/ipshared/30fe/hdl/led_controller_v1_0.v:4]
	Parameter C_S0_AXI_DATA_WIDTH bound to: 32 - type: integer 
	Parameter C_S0_AXI_ADDR_WIDTH bound to: 4 - type: integer 
INFO: [Synth 8-6157] synthesizing module 'led_controller_v1_0_S0_AXI' [/home/justin/github/2018_fall_hardware_software_codesign_lab/custom_ip/custom_ip.srcs/sources_1/bd/design_1/ipshared/30fe/hdl/led_controller_v1_0_S0_AXI.v:4]
	Parameter C_S_AXI_DATA_WIDTH bound to: 32 - type: integer 
	Parameter C_S_AXI_ADDR_WIDTH bound to: 4 - type: integer 
	Parameter ADDR_LSB bound to: 2 - type: integer 
	Parameter OPT_MEM_ADDR_BITS bound to: 1 - type: integer 
INFO: [Synth 8-226] default block is never used [/home/justin/github/2018_fall_hardware_software_codesign_lab/custom_ip/custom_ip.srcs/sources_1/bd/design_1/ipshared/30fe/hdl/led_controller_v1_0_S0_AXI.v:231]
INFO: [Synth 8-226] default block is never used [/home/justin/github/2018_fall_hardware_software_codesign_lab/custom_ip/custom_ip.srcs/sources_1/bd/design_1/ipshared/30fe/hdl/led_controller_v1_0_S0_AXI.v:372]
INFO: [Synth 8-6157] synthesizing module 'led' [/home/justin/github/2018_fall_hardware_software_codesign_lab/custom_ip/custom_ip.srcs/sources_1/bd/design_1/ipshared/led.v:23]
INFO: [Synth 8-6155] done synthesizing module 'led' (1#1) [/home/justin/github/2018_fall_hardware_software_codesign_lab/custom_ip/custom_ip.srcs/sources_1/bd/design_1/ipshared/led.v:23]
WARNING: [Synth 8-689] width (32) of port connection 'led_in' does not match port width (8) of module 'led' [/home/justin/github/2018_fall_hardware_software_codesign_lab/custom_ip/custom_ip.srcs/sources_1/bd/design_1/ipshared/30fe/hdl/led_controller_v1_0_S0_AXI.v:403]
INFO: [Synth 8-6155] done synthesizing module 'led_controller_v1_0_S0_AXI' (2#1) [/home/justin/github/2018_fall_hardware_software_codesign_lab/custom_ip/custom_ip.srcs/sources_1/bd/design_1/ipshared/30fe/hdl/led_controller_v1_0_S0_AXI.v:4]
INFO: [Synth 8-6155] done synthesizing module 'led_controller_v1_0' (3#1) [/home/justin/github/2018_fall_hardware_software_codesign_lab/custom_ip/custom_ip.srcs/sources_1/bd/design_1/ipshared/30fe/hdl/led_controller_v1_0.v:4]
INFO: [Synth 8-6155] done synthesizing module 'design_1_led_controller_1_0' (4#1) [/home/justin/github/2018_fall_hardware_software_codesign_lab/custom_ip/custom_ip.srcs/sources_1/bd/design_1/ip/design_1_led_controller_1_0/synth/design_1_led_controller_1_0.v:56]
WARNING: [Synth 8-3331] design led_controller_v1_0_S0_AXI has unconnected port S_AXI_AWPROT[2]
WARNING: [Synth 8-3331] design led_controller_v1_0_S0_AXI has unconnected port S_AXI_AWPROT[1]
WARNING: [Synth 8-3331] design led_controller_v1_0_S0_AXI has unconnected port S_AXI_AWPROT[0]
WARNING: [Synth 8-3331] design led_controller_v1_0_S0_AXI has unconnected port S_AXI_ARPROT[2]
WARNING: [Synth 8-3331] design led_controller_v1_0_S0_AXI has unconnected port S_AXI_ARPROT[1]
WARNING: [Synth 8-3331] design led_controller_v1_0_S0_AXI has unconnected port S_AXI_ARPROT[0]
---------------------------------------------------------------------------------
Finished RTL Elaboration : Time (s): cpu = 00:00:02 ; elapsed = 00:00:03 . Memory (MB): peak = 1386.258 ; gain = 127.324 ; free physical = 12923 ; free virtual = 55173
---------------------------------------------------------------------------------

Report Check Netlist: 
+------+------------------+-------+---------+-------+------------------+
|      |Item              |Errors |Warnings |Status |Description       |
+------+------------------+-------+---------+-------+------------------+
|1     |multi_driven_nets |      0|        0|Passed |Multi driven nets |
+------+------------------+-------+---------+-------+------------------+
---------------------------------------------------------------------------------
Start Handling Custom Attributes
---------------------------------------------------------------------------------
---------------------------------------------------------------------------------
Finished Handling Custom Attributes : Time (s): cpu = 00:00:02 ; elapsed = 00:00:03 . Memory (MB): peak = 1386.258 ; gain = 127.324 ; free physical = 12910 ; free virtual = 55160
---------------------------------------------------------------------------------
---------------------------------------------------------------------------------
Finished RTL Optimization Phase 1 : Time (s): cpu = 00:00:02 ; elapsed = 00:00:03 . Memory (MB): peak = 1386.258 ; gain = 127.324 ; free physical = 12910 ; free virtual = 55160
---------------------------------------------------------------------------------
INFO: [Device 21-403] Loading part xc7z020clg484-1
INFO: [Project 1-570] Preparing netlist for logic optimization

Processing XDC Constraints
Initializing timing engine
Completed Processing XDC Constraints

INFO: [Project 1-111] Unisim Transformation Summary:
No Unisim elements were transformed.

WARNING: [Constraints 18-5210] No constraint will be written out.
Constraint Validation Runtime : Time (s): cpu = 00:00:00.07 ; elapsed = 00:00:00.12 . Memory (MB): peak = 1756.273 ; gain = 2.000 ; free physical = 12503 ; free virtual = 54753
---------------------------------------------------------------------------------
Finished Constraint Validation : Time (s): cpu = 00:00:11 ; elapsed = 00:00:24 . Memory (MB): peak = 1756.273 ; gain = 497.340 ; free physical = 12555 ; free virtual = 54807
---------------------------------------------------------------------------------
---------------------------------------------------------------------------------
Start Loading Part and Timing Information
---------------------------------------------------------------------------------
Loading part: xc7z020clg484-1
---------------------------------------------------------------------------------
Finished Loading Part and Timing Information : Time (s): cpu = 00:00:11 ; elapsed = 00:00:24 . Memory (MB): peak = 1756.273 ; gain = 497.340 ; free physical = 12555 ; free virtual = 54807
---------------------------------------------------------------------------------
---------------------------------------------------------------------------------
Start Applying 'set_property' XDC Constraints
---------------------------------------------------------------------------------
---------------------------------------------------------------------------------
Finished applying 'set_property' XDC Constraints : Time (s): cpu = 00:00:11 ; elapsed = 00:00:24 . Memory (MB): peak = 1756.273 ; gain = 497.340 ; free physical = 12557 ; free virtual = 54809
---------------------------------------------------------------------------------
---------------------------------------------------------------------------------
Finished RTL Optimization Phase 2 : Time (s): cpu = 00:00:11 ; elapsed = 00:00:25 . Memory (MB): peak = 1756.273 ; gain = 497.340 ; free physical = 12546 ; free virtual = 54798
---------------------------------------------------------------------------------

Report RTL Partitions: 
+-+--------------+------------+----------+
| |RTL Partition |Replication |Instances |
+-+--------------+------------+----------+
+-+--------------+------------+----------+
---------------------------------------------------------------------------------
Start RTL Component Statistics 
---------------------------------------------------------------------------------
Detailed RTL Component Info : 
+---Registers : 
	               32 Bit    Registers := 5     
	                4 Bit    Registers := 2     
	                2 Bit    Registers := 2     
	                1 Bit    Registers := 6     
+---Muxes : 
	   2 Input     32 Bit        Muxes := 4     
	   4 Input     32 Bit        Muxes := 5     
	   2 Input      1 Bit        Muxes := 5     
---------------------------------------------------------------------------------
Finished RTL Component Statistics 
---------------------------------------------------------------------------------
---------------------------------------------------------------------------------
Start RTL Hierarchical Component Statistics 
---------------------------------------------------------------------------------
Hierarchical RTL Component report 
Module led_controller_v1_0_S0_AXI 
Detailed RTL Component Info : 
+---Registers : 
	               32 Bit    Registers := 5     
	                4 Bit    Registers := 2     
	                2 Bit    Registers := 2     
	                1 Bit    Registers := 6     
+---Muxes : 
	   2 Input     32 Bit        Muxes := 4     
	   4 Input     32 Bit        Muxes := 5     
	   2 Input      1 Bit        Muxes := 5     
---------------------------------------------------------------------------------
Finished RTL Hierarchical Component Statistics
---------------------------------------------------------------------------------
---------------------------------------------------------------------------------
Start Part Resource Summary
---------------------------------------------------------------------------------
Part Resources:
DSPs: 220 (col length:60)
BRAMs: 280 (col length: RAMB18 60 RAMB36 30)
---------------------------------------------------------------------------------
Finished Part Resource Summary
---------------------------------------------------------------------------------
---------------------------------------------------------------------------------
Start Cross Boundary and Area Optimization
---------------------------------------------------------------------------------
Warning: Parallel synthesis criteria is not met 
WARNING: [Synth 8-3331] design design_1_led_controller_1_0 has unconnected port s0_axi_awprot[2]
WARNING: [Synth 8-3331] design design_1_led_controller_1_0 has unconnected port s0_axi_awprot[1]
WARNING: [Synth 8-3331] design design_1_led_controller_1_0 has unconnected port s0_axi_awprot[0]
WARNING: [Synth 8-3331] design design_1_led_controller_1_0 has unconnected port s0_axi_arprot[2]
WARNING: [Synth 8-3331] design design_1_led_controller_1_0 has unconnected port s0_axi_arprot[1]
WARNING: [Synth 8-3331] design design_1_led_controller_1_0 has unconnected port s0_axi_arprot[0]
INFO: [Synth 8-3886] merging instance 'inst/led_controller_v1_0_S0_AXI_inst/axi_rresp_reg[0]' (FDRE) to 'inst/led_controller_v1_0_S0_AXI_inst/axi_rresp_reg[1]'
INFO: [Synth 8-3333] propagating constant 0 across sequential element (\inst/led_controller_v1_0_S0_AXI_inst/axi_rresp_reg[1] )
INFO: [Synth 8-3886] merging instance 'inst/led_controller_v1_0_S0_AXI_inst/axi_bresp_reg[0]' (FDRE) to 'inst/led_controller_v1_0_S0_AXI_inst/axi_bresp_reg[1]'
INFO: [Synth 8-3333] propagating constant 0 across sequential element (\inst/led_controller_v1_0_S0_AXI_inst/axi_bresp_reg[1] )
INFO: [Synth 8-3332] Sequential element (inst/led_controller_v1_0_S0_AXI_inst/axi_bresp_reg[1]) is unused and will be removed from module design_1_led_controller_1_0.
INFO: [Synth 8-3332] Sequential element (inst/led_controller_v1_0_S0_AXI_inst/axi_awaddr_reg[1]) is unused and will be removed from module design_1_led_controller_1_0.
INFO: [Synth 8-3332] Sequential element (inst/led_controller_v1_0_S0_AXI_inst/axi_awaddr_reg[0]) is unused and will be removed from module design_1_led_controller_1_0.
INFO: [Synth 8-3332] Sequential element (inst/led_controller_v1_0_S0_AXI_inst/axi_araddr_reg[1]) is unused and will be removed from module design_1_led_controller_1_0.
INFO: [Synth 8-3332] Sequential element (inst/led_controller_v1_0_S0_AXI_inst/axi_araddr_reg[0]) is unused and will be removed from module design_1_led_controller_1_0.
INFO: [Synth 8-3332] Sequential element (inst/led_controller_v1_0_S0_AXI_inst/axi_rresp_reg[1]) is unused and will be removed from module design_1_led_controller_1_0.
---------------------------------------------------------------------------------
Finished Cross Boundary and Area Optimization : Time (s): cpu = 00:00:11 ; elapsed = 00:00:25 . Memory (MB): peak = 1756.273 ; gain = 497.340 ; free physical = 12553 ; free virtual = 54808
---------------------------------------------------------------------------------

Report RTL Partitions: 
+-+--------------+------------+----------+
| |RTL Partition |Replication |Instances |
+-+--------------+------------+----------+
+-+--------------+------------+----------+
---------------------------------------------------------------------------------
Start Applying XDC Timing Constraints
---------------------------------------------------------------------------------
---------------------------------------------------------------------------------
Finished Applying XDC Timing Constraints : Time (s): cpu = 00:00:17 ; elapsed = 00:00:33 . Memory (MB): peak = 1756.273 ; gain = 497.340 ; free physical = 12348 ; free virtual = 54613
---------------------------------------------------------------------------------
---------------------------------------------------------------------------------
Start Timing Optimization
---------------------------------------------------------------------------------
---------------------------------------------------------------------------------
Finished Timing Optimization : Time (s): cpu = 00:00:17 ; elapsed = 00:00:33 . Memory (MB): peak = 1756.273 ; gain = 497.340 ; free physical = 12348 ; free virtual = 54613
---------------------------------------------------------------------------------

Report RTL Partitions: 
+-+--------------+------------+----------+
| |RTL Partition |Replication |Instances |
+-+--------------+------------+----------+
+-+--------------+------------+----------+
---------------------------------------------------------------------------------
Start Technology Mapping
---------------------------------------------------------------------------------
---------------------------------------------------------------------------------
Finished Technology Mapping : Time (s): cpu = 00:00:17 ; elapsed = 00:00:33 . Memory (MB): peak = 1756.273 ; gain = 497.340 ; free physical = 12346 ; free virtual = 54611
---------------------------------------------------------------------------------

Report RTL Partitions: 
+-+--------------+------------+----------+
| |RTL Partition |Replication |Instances |
+-+--------------+------------+----------+
+-+--------------+------------+----------+
---------------------------------------------------------------------------------
Start IO Insertion
---------------------------------------------------------------------------------
---------------------------------------------------------------------------------
Start Flattening Before IO Insertion
---------------------------------------------------------------------------------
---------------------------------------------------------------------------------
Finished Flattening Before IO Insertion
---------------------------------------------------------------------------------
---------------------------------------------------------------------------------
Start Final Netlist Cleanup
---------------------------------------------------------------------------------
---------------------------------------------------------------------------------
Finished Final Netlist Cleanup
---------------------------------------------------------------------------------
---------------------------------------------------------------------------------
Finished IO Insertion : Time (s): cpu = 00:00:17 ; elapsed = 00:00:33 . Memory (MB): peak = 1756.273 ; gain = 497.340 ; free physical = 12344 ; free virtual = 54609
---------------------------------------------------------------------------------

Report Check Netlist: 
+------+------------------+-------+---------+-------+------------------+
|      |Item              |Errors |Warnings |Status |Description       |
+------+------------------+-------+---------+-------+------------------+
|1     |multi_driven_nets |      0|        0|Passed |Multi driven nets |
+------+------------------+-------+---------+-------+------------------+
---------------------------------------------------------------------------------
Start Renaming Generated Instances
---------------------------------------------------------------------------------
---------------------------------------------------------------------------------
Finished Renaming Generated Instances : Time (s): cpu = 00:00:17 ; elapsed = 00:00:33 . Memory (MB): peak = 1756.273 ; gain = 497.340 ; free physical = 12344 ; free virtual = 54609
---------------------------------------------------------------------------------

Report RTL Partitions: 
+-+--------------+------------+----------+
| |RTL Partition |Replication |Instances |
+-+--------------+------------+----------+
+-+--------------+------------+----------+
---------------------------------------------------------------------------------
Start Rebuilding User Hierarchy
---------------------------------------------------------------------------------
---------------------------------------------------------------------------------
Finished Rebuilding User Hierarchy : Time (s): cpu = 00:00:17 ; elapsed = 00:00:33 . Memory (MB): peak = 1756.273 ; gain = 497.340 ; free physical = 12344 ; free virtual = 54609
---------------------------------------------------------------------------------
---------------------------------------------------------------------------------
Start Renaming Generated Ports
---------------------------------------------------------------------------------
---------------------------------------------------------------------------------
Finished Renaming Generated Ports : Time (s): cpu = 00:00:17 ; elapsed = 00:00:33 . Memory (MB): peak = 1756.273 ; gain = 497.340 ; free physical = 12344 ; free virtual = 54609
---------------------------------------------------------------------------------
---------------------------------------------------------------------------------
Start Handling Custom Attributes
---------------------------------------------------------------------------------
---------------------------------------------------------------------------------
Finished Handling Custom Attributes : Time (s): cpu = 00:00:17 ; elapsed = 00:00:33 . Memory (MB): peak = 1756.273 ; gain = 497.340 ; free physical = 12344 ; free virtual = 54609
---------------------------------------------------------------------------------
---------------------------------------------------------------------------------
Start Renaming Generated Nets
---------------------------------------------------------------------------------
---------------------------------------------------------------------------------
Finished Renaming Generated Nets : Time (s): cpu = 00:00:17 ; elapsed = 00:00:33 . Memory (MB): peak = 1756.273 ; gain = 497.340 ; free physical = 12344 ; free virtual = 54609
---------------------------------------------------------------------------------
---------------------------------------------------------------------------------
Start Writing Synthesis Report
---------------------------------------------------------------------------------

Report BlackBoxes: 
+-+--------------+----------+
| |BlackBox name |Instances |
+-+--------------+----------+
+-+--------------+----------+

Report Cell Usage: 
+------+-----+------+
|      |Cell |Count |
+------+-----+------+
|1     |LUT1 |     1|
|2     |LUT2 |     1|
|3     |LUT3 |     1|
|4     |LUT4 |    22|
|5     |LUT6 |    36|
|6     |FDRE |   169|
|7     |FDSE |     1|
+------+-----+------+

Report Instance Areas: 
+------+------------------------------------+---------------------------+------+
|      |Instance                            |Module                     |Cells |
+------+------------------------------------+---------------------------+------+
|1     |top                                 |                           |   231|
|2     |  inst                              |led_controller_v1_0        |   231|
|3     |    led_controller_v1_0_S0_AXI_inst |led_controller_v1_0_S0_AXI |   231|
+------+------------------------------------+---------------------------+------+
---------------------------------------------------------------------------------
Finished Writing Synthesis Report : Time (s): cpu = 00:00:17 ; elapsed = 00:00:33 . Memory (MB): peak = 1756.273 ; gain = 497.340 ; free physical = 12344 ; free virtual = 54609
---------------------------------------------------------------------------------
Synthesis finished with 0 errors, 0 critical warnings and 6 warnings.
Synthesis Optimization Runtime : Time (s): cpu = 00:00:10 ; elapsed = 00:00:14 . Memory (MB): peak = 1756.273 ; gain = 127.324 ; free physical = 12401 ; free virtual = 54666
Synthesis Optimization Complete : Time (s): cpu = 00:00:17 ; elapsed = 00:00:33 . Memory (MB): peak = 1756.273 ; gain = 497.340 ; free physical = 12401 ; free virtual = 54666
INFO: [Project 1-571] Translating synthesized netlist
INFO: [Project 1-570] Preparing netlist for logic optimization
INFO: [Opt 31-138] Pushed 0 inverter(s) to 0 load pin(s).
INFO: [Project 1-111] Unisim Transformation Summary:
No Unisim elements were transformed.

INFO: [Common 17-83] Releasing license: Synthesis
29 Infos, 14 Warnings, 0 Critical Warnings and 0 Errors encountered.
synth_design completed successfully
synth_design: Time (s): cpu = 00:00:19 ; elapsed = 00:00:34 . Memory (MB): peak = 1756.273 ; gain = 509.094 ; free physical = 12390 ; free virtual = 54655
WARNING: [Constraints 18-5210] No constraint will be written out.
INFO: [Common 17-1381] The checkpoint '/home/justin/github/2018_fall_hardware_software_codesign_lab/custom_ip/custom_ip.runs/design_1_led_controller_1_0_synth_1/design_1_led_controller_1_0.dcp' has been generated.
