12:18:21 INFO  : Registering command handlers for SDK TCF services
12:18:22 INFO  : Launching XSCT server: xsct -n -interactive /home/justin/github/2018_fall_hardware_software_codesign_lab/mux_operation/mux_operation.sdk/temp_xsdb_launch_script.tcl
12:18:24 INFO  : XSCT server has started successfully.
12:18:25 INFO  : Successfully done setting XSCT server connection channel  
12:18:25 INFO  : Successfully done setting SDK workspace  
12:18:25 INFO  : Processing command line option -hwspec /home/justin/github/2018_fall_hardware_software_codesign_lab/mux_operation/mux_operation.sdk/design_1_wrapper.hdf.
17:42:30 INFO  : Connected to target on host '127.0.0.1' and port '3121'.
17:42:32 INFO  : 'targets -set -filter {jtag_cable_name =~ "Digilent Zed 210248585406" && level==0} -index 1' command is executed.
17:42:35 INFO  : FPGA configured successfully with bitstream "/home/justin/github/2018_fall_hardware_software_codesign_lab/mux_operation/mux_operation.sdk/design_1_wrapper_hw_platform_0/design_1_wrapper.bit"
17:42:56 INFO  : 'targets -set -filter {jtag_cable_name =~ "Digilent Zed 210248585406" && level==0} -index 1' command is executed.
17:42:56 INFO  : 'fpga -state' command is executed.
17:42:56 INFO  : Connected to target on host '127.0.0.1' and port '3121'.
17:42:56 INFO  : Jtag cable 'Digilent Zed 210248585406' is selected.
17:42:56 INFO  : 'jtag frequency' command is executed.
17:42:56 INFO  : Sourcing of '/home/justin/github/2018_fall_hardware_software_codesign_lab/mux_operation/mux_operation.sdk/design_1_wrapper_hw_platform_0/ps7_init.tcl' is done.
17:42:56 INFO  : Context for 'APU' is selected.
17:42:56 INFO  : Hardware design information is loaded from '/home/justin/github/2018_fall_hardware_software_codesign_lab/mux_operation/mux_operation.sdk/design_1_wrapper_hw_platform_0/system.hdf'.
17:42:56 INFO  : 'configparams force-mem-access 1' command is executed.
17:42:56 INFO  : Context for 'APU' is selected.
17:42:56 INFO  : 'stop' command is executed.
17:42:56 INFO  : 'ps7_init' command is executed.
17:42:56 INFO  : 'ps7_post_config' command is executed.
17:42:56 INFO  : Context for processor 'ps7_cortexa9_0' is selected.
17:42:56 INFO  : Processor reset is completed for 'ps7_cortexa9_0'.
17:42:56 INFO  : Context for processor 'ps7_cortexa9_0' is selected.
17:42:57 INFO  : The application '/home/justin/github/2018_fall_hardware_software_codesign_lab/mux_operation/mux_operation.sdk/mux_operation/Debug/mux_operation.elf' is downloaded to processor 'ps7_cortexa9_0'.
17:42:57 INFO  : 'configparams force-mem-access 0' command is executed.
17:42:57 INFO  : ----------------XSDB Script----------------
connect -url tcp:127.0.0.1:3121
source /home/justin/github/2018_fall_hardware_software_codesign_lab/mux_operation/mux_operation.sdk/design_1_wrapper_hw_platform_0/ps7_init.tcl
targets -set -nocase -filter {name =~"APU*" && jtag_cable_name =~ "Digilent Zed 210248585406"} -index 0
loadhw -hw /home/justin/github/2018_fall_hardware_software_codesign_lab/mux_operation/mux_operation.sdk/design_1_wrapper_hw_platform_0/system.hdf -mem-ranges [list {0x40000000 0xbfffffff}]
configparams force-mem-access 1
targets -set -nocase -filter {name =~"APU*" && jtag_cable_name =~ "Digilent Zed 210248585406"} -index 0
stop
ps7_init
ps7_post_config
targets -set -nocase -filter {name =~ "ARM*#0" && jtag_cable_name =~ "Digilent Zed 210248585406"} -index 0
rst -processor
targets -set -nocase -filter {name =~ "ARM*#0" && jtag_cable_name =~ "Digilent Zed 210248585406"} -index 0
dow /home/justin/github/2018_fall_hardware_software_codesign_lab/mux_operation/mux_operation.sdk/mux_operation/Debug/mux_operation.elf
configparams force-mem-access 0
----------------End of Script----------------

17:42:57 INFO  : Context for processor 'ps7_cortexa9_0' is selected.
17:42:57 INFO  : 'con' command is executed.
17:42:57 INFO  : ----------------XSDB Script (After Launch)----------------
targets -set -nocase -filter {name =~ "ARM*#0" && jtag_cable_name =~ "Digilent Zed 210248585406"} -index 0
con
----------------End of Script----------------

17:42:57 INFO  : Disconnected from the channel tcfchan#1.
17:48:10 INFO  : 'targets -set -filter {jtag_cable_name =~ "Digilent Zed 210248585406" && level==0} -index 1' command is executed.
17:48:10 INFO  : 'fpga -state' command is executed.
17:48:10 INFO  : Connected to target on host '127.0.0.1' and port '3121'.
17:48:10 INFO  : Jtag cable 'Digilent Zed 210248585406' is selected.
17:48:10 INFO  : 'jtag frequency' command is executed.
17:48:10 INFO  : Sourcing of '/home/justin/github/2018_fall_hardware_software_codesign_lab/mux_operation/mux_operation.sdk/design_1_wrapper_hw_platform_0/ps7_init.tcl' is done.
17:48:10 INFO  : Context for 'APU' is selected.
17:48:10 INFO  : Hardware design information is loaded from '/home/justin/github/2018_fall_hardware_software_codesign_lab/mux_operation/mux_operation.sdk/design_1_wrapper_hw_platform_0/system.hdf'.
17:48:10 INFO  : 'configparams force-mem-access 1' command is executed.
17:48:10 INFO  : Context for 'APU' is selected.
17:48:10 INFO  : 'stop' command is executed.
17:48:10 INFO  : 'ps7_init' command is executed.
17:48:10 INFO  : 'ps7_post_config' command is executed.
17:48:10 INFO  : Context for processor 'ps7_cortexa9_0' is selected.
17:48:10 INFO  : Processor reset is completed for 'ps7_cortexa9_0'.
17:48:10 INFO  : Context for processor 'ps7_cortexa9_0' is selected.
17:48:11 INFO  : The application '/home/justin/github/2018_fall_hardware_software_codesign_lab/mux_operation/mux_operation.sdk/mux_operation/Debug/mux_operation.elf' is downloaded to processor 'ps7_cortexa9_0'.
17:48:11 INFO  : 'configparams force-mem-access 0' command is executed.
17:48:11 INFO  : ----------------XSDB Script----------------
connect -url tcp:127.0.0.1:3121
source /home/justin/github/2018_fall_hardware_software_codesign_lab/mux_operation/mux_operation.sdk/design_1_wrapper_hw_platform_0/ps7_init.tcl
targets -set -nocase -filter {name =~"APU*" && jtag_cable_name =~ "Digilent Zed 210248585406"} -index 0
loadhw -hw /home/justin/github/2018_fall_hardware_software_codesign_lab/mux_operation/mux_operation.sdk/design_1_wrapper_hw_platform_0/system.hdf -mem-ranges [list {0x40000000 0xbfffffff}]
configparams force-mem-access 1
targets -set -nocase -filter {name =~"APU*" && jtag_cable_name =~ "Digilent Zed 210248585406"} -index 0
stop
ps7_init
ps7_post_config
targets -set -nocase -filter {name =~ "ARM*#0" && jtag_cable_name =~ "Digilent Zed 210248585406"} -index 0
rst -processor
targets -set -nocase -filter {name =~ "ARM*#0" && jtag_cable_name =~ "Digilent Zed 210248585406"} -index 0
dow /home/justin/github/2018_fall_hardware_software_codesign_lab/mux_operation/mux_operation.sdk/mux_operation/Debug/mux_operation.elf
configparams force-mem-access 0
----------------End of Script----------------

17:48:11 INFO  : Context for processor 'ps7_cortexa9_0' is selected.
17:48:11 INFO  : 'con' command is executed.
17:48:11 INFO  : ----------------XSDB Script (After Launch)----------------
targets -set -nocase -filter {name =~ "ARM*#0" && jtag_cable_name =~ "Digilent Zed 210248585406"} -index 0
con
----------------End of Script----------------

17:48:11 INFO  : Disconnected from the channel tcfchan#2.
