14:52:00 INFO  : Registering command handlers for SDK TCF services
14:52:00 INFO  : Launching XSCT server: xsct -n -interactive /home/justin/github/2018_fall_hardware_software_codesign_lab/basic_integration/basic_integration.sdk/temp_xsdb_launch_script.tcl
14:52:02 INFO  : XSCT server has started successfully.
14:52:02 INFO  : Successfully done setting XSCT server connection channel  
14:52:02 INFO  : Successfully done setting SDK workspace  
14:52:02 INFO  : Processing command line option -hwspec /home/justin/github/2018_fall_hardware_software_codesign_lab/basic_integration/basic_integration.sdk/design_1_wrapper.hdf.
18:10:46 INFO  : Connected to target on host '127.0.0.1' and port '3121'.
18:11:00 INFO  : Connected to target on host '127.0.0.1' and port '3121'.
18:11:06 INFO  : ----------------XSDB Script----------------
connect -url tcp:127.0.0.1:3121
----------------End of Script----------------

18:17:57 INFO  : Connected to target on host '127.0.0.1' and port '3121'.
18:39:46 INFO  : Registering command handlers for SDK TCF services
18:39:47 INFO  : Launching XSCT server: xsct -n -interactive /home/justin/github/2018_fall_hardware_software_codesign_lab/basic_integration/basic_integration.sdk/temp_xsdb_launch_script.tcl
18:39:49 INFO  : XSCT server has started successfully.
18:39:49 INFO  : Successfully done setting XSCT server connection channel  
18:39:49 INFO  : Successfully done setting SDK workspace  
18:39:49 INFO  : Processing command line option -hwspec /home/justin/github/2018_fall_hardware_software_codesign_lab/basic_integration/basic_integration.sdk/design_1_wrapper.hdf.
18:39:49 INFO  : Checking for hwspec changes in the project design_1_wrapper_hw_platform_0.
18:39:59 INFO  : Connected to target on host '127.0.0.1' and port '3121'.
19:02:23 INFO  : Connected to target on host '127.0.0.1' and port '3121'.
19:22:37 INFO  : Registering command handlers for SDK TCF services
19:22:38 INFO  : Launching XSCT server: xsct -n -interactive /home/justin/github/2018_fall_hardware_software_codesign_lab/basic_integration/basic_integration.sdk/temp_xsdb_launch_script.tcl
19:22:40 INFO  : XSCT server has started successfully.
19:22:40 INFO  : Successfully done setting XSCT server connection channel  
19:22:40 INFO  : Successfully done setting SDK workspace  
19:22:40 INFO  : Processing command line option -hwspec /home/justin/github/2018_fall_hardware_software_codesign_lab/basic_integration/basic_integration.sdk/design_1_wrapper.hdf.
19:22:40 INFO  : Checking for hwspec changes in the project design_1_wrapper_hw_platform_0.
19:23:01 INFO  : Connected to target on host '127.0.0.1' and port '3121'.
19:23:01 INFO  : 'targets -set -filter {jtag_cable_name =~ "Digilent Zed 210248585406" && level==0} -index 1' command is executed.
19:23:04 INFO  : FPGA configured successfully with bitstream "/home/justin/github/2018_fall_hardware_software_codesign_lab/basic_integration/basic_integration.sdk/design_1_wrapper_hw_platform_0/design_1_wrapper.bit"
19:26:19 INFO  : Registering command handlers for SDK TCF services
19:26:20 INFO  : Launching XSCT server: xsct -n -interactive /home/justin/github/2018_fall_hardware_software_codesign_lab/basic_integration/basic_integration.sdk/temp_xsdb_launch_script.tcl
19:26:22 INFO  : XSCT server has started successfully.
19:26:22 INFO  : Successfully done setting XSCT server connection channel  
19:26:22 INFO  : Successfully done setting SDK workspace  
19:26:22 INFO  : Processing command line option -hwspec /home/justin/github/2018_fall_hardware_software_codesign_lab/basic_integration/basic_integration.sdk/design_1_wrapper.hdf.
19:26:22 INFO  : Checking for hwspec changes in the project design_1_wrapper_hw_platform_0.
19:27:28 INFO  : Registering command handlers for SDK TCF services
19:27:29 INFO  : Launching XSCT server: xsct -n -interactive /home/justin/github/2018_fall_hardware_software_codesign_lab/basic_integration/basic_integration.sdk/temp_xsdb_launch_script.tcl
19:27:31 INFO  : XSCT server has started successfully.
19:27:31 INFO  : Successfully done setting XSCT server connection channel  
19:27:31 INFO  : Successfully done setting SDK workspace  
19:27:31 INFO  : Processing command line option -hwspec /home/justin/github/2018_fall_hardware_software_codesign_lab/basic_integration/basic_integration.sdk/design_1_wrapper.hdf.
19:27:31 INFO  : Checking for hwspec changes in the project design_1_wrapper_hw_platform_0.
19:27:52 WARN  : Couldn't find target with name: Linux Agent
19:28:05 INFO  : Connected to target on host '127.0.0.1' and port '3121'.
19:28:05 INFO  : Jtag cable 'Digilent Zed 210248585406' is selected.
19:28:05 INFO  : 'jtag frequency' command is executed.
19:28:05 INFO  : Sourcing of '/home/justin/github/2018_fall_hardware_software_codesign_lab/basic_integration/basic_integration.sdk/design_1_wrapper_hw_platform_0/ps7_init.tcl' is done.
19:28:05 INFO  : 'targets -set -filter {jtag_cable_name =~ "Digilent Zed 210248585406" && level==0} -index 1' command is executed.
19:28:07 INFO  : FPGA configured successfully with bitstream "/home/justin/github/2018_fall_hardware_software_codesign_lab/basic_integration/basic_integration.sdk/design_1_wrapper_hw_platform_0/design_1_wrapper.bit"
19:28:07 INFO  : Context for 'APU' is selected.
19:28:07 INFO  : Hardware design information is loaded from '/home/justin/github/2018_fall_hardware_software_codesign_lab/basic_integration/basic_integration.sdk/design_1_wrapper_hw_platform_0/system.hdf'.
19:28:07 INFO  : 'configparams force-mem-access 1' command is executed.
19:28:08 INFO  : Context for 'APU' is selected.
19:28:08 INFO  : 'stop' command is executed.
19:28:08 INFO  : 'ps7_init' command is executed.
19:28:08 INFO  : 'configparams force-mem-access 0' command is executed.
19:28:08 INFO  : ----------------XSDB Script----------------
connect -url tcp:127.0.0.1:3121
source /home/justin/github/2018_fall_hardware_software_codesign_lab/basic_integration/basic_integration.sdk/design_1_wrapper_hw_platform_0/ps7_init.tcl
targets -set -filter {jtag_cable_name =~ "Digilent Zed 210248585406" && level==0} -index 1
fpga -file /home/justin/github/2018_fall_hardware_software_codesign_lab/basic_integration/basic_integration.sdk/design_1_wrapper_hw_platform_0/design_1_wrapper.bit
targets -set -nocase -filter {name =~"APU*" && jtag_cable_name =~ "Digilent Zed 210248585406"} -index 0
loadhw -hw /home/justin/github/2018_fall_hardware_software_codesign_lab/basic_integration/basic_integration.sdk/design_1_wrapper_hw_platform_0/system.hdf -mem-ranges [list {0x40000000 0xbfffffff}]
configparams force-mem-access 1
targets -set -nocase -filter {name =~"APU*" && jtag_cable_name =~ "Digilent Zed 210248585406"} -index 0
stop
ps7_init
configparams force-mem-access 0
----------------End of Script----------------

19:28:08 INFO  : Disconnected from the channel tcfchan#1.
19:28:21 INFO  : Connected to target on host '127.0.0.1' and port '3121'.
19:28:21 INFO  : Jtag cable 'Digilent Zed 210248585406' is selected.
19:28:21 INFO  : 'jtag frequency' command is executed.
19:28:21 INFO  : Sourcing of '/home/justin/github/2018_fall_hardware_software_codesign_lab/basic_integration/basic_integration.sdk/design_1_wrapper_hw_platform_0/ps7_init.tcl' is done.
19:28:22 INFO  : 'targets -set -filter {jtag_cable_name =~ "Digilent Zed 210248585406" && level==0} -index 1' command is executed.
19:28:24 INFO  : FPGA configured successfully with bitstream "/home/justin/github/2018_fall_hardware_software_codesign_lab/basic_integration/basic_integration.sdk/design_1_wrapper_hw_platform_0/design_1_wrapper.bit"
19:28:24 INFO  : Context for 'APU' is selected.
19:28:25 INFO  : Hardware design information is loaded from '/home/justin/github/2018_fall_hardware_software_codesign_lab/basic_integration/basic_integration.sdk/design_1_wrapper_hw_platform_0/system.hdf'.
19:28:25 INFO  : 'configparams force-mem-access 1' command is executed.
19:28:25 INFO  : Context for 'APU' is selected.
19:28:25 INFO  : 'stop' command is executed.
19:28:25 INFO  : 'ps7_init' command is executed.
19:28:25 INFO  : 'configparams force-mem-access 0' command is executed.
19:28:25 INFO  : ----------------XSDB Script----------------
connect -url tcp:127.0.0.1:3121
source /home/justin/github/2018_fall_hardware_software_codesign_lab/basic_integration/basic_integration.sdk/design_1_wrapper_hw_platform_0/ps7_init.tcl
targets -set -filter {jtag_cable_name =~ "Digilent Zed 210248585406" && level==0} -index 1
fpga -file /home/justin/github/2018_fall_hardware_software_codesign_lab/basic_integration/basic_integration.sdk/design_1_wrapper_hw_platform_0/design_1_wrapper.bit
targets -set -nocase -filter {name =~"APU*" && jtag_cable_name =~ "Digilent Zed 210248585406"} -index 0
loadhw -hw /home/justin/github/2018_fall_hardware_software_codesign_lab/basic_integration/basic_integration.sdk/design_1_wrapper_hw_platform_0/system.hdf -mem-ranges [list {0x40000000 0xbfffffff}]
configparams force-mem-access 1
targets -set -nocase -filter {name =~"APU*" && jtag_cable_name =~ "Digilent Zed 210248585406"} -index 0
stop
ps7_init
configparams force-mem-access 0
----------------End of Script----------------

19:28:25 INFO  : Disconnected from the channel tcfchan#2.
19:29:11 INFO  : Connected to target on host '127.0.0.1' and port '3121'.
19:29:12 INFO  : Jtag cable 'Digilent Zed 210248585406' is selected.
19:29:12 INFO  : 'jtag frequency' command is executed.
19:29:12 INFO  : Sourcing of '/home/justin/github/2018_fall_hardware_software_codesign_lab/basic_integration/basic_integration.sdk/design_1_wrapper_hw_platform_0/ps7_init.tcl' is done.
19:29:12 INFO  : 'targets -set -filter {jtag_cable_name =~ "Digilent Zed 210248585406" && level==0} -index 1' command is executed.
19:29:14 INFO  : FPGA configured successfully with bitstream "/home/justin/github/2018_fall_hardware_software_codesign_lab/basic_integration/basic_integration.sdk/design_1_wrapper_hw_platform_0/design_1_wrapper.bit"
19:29:14 INFO  : Context for 'APU' is selected.
19:29:15 INFO  : Hardware design information is loaded from '/home/justin/github/2018_fall_hardware_software_codesign_lab/basic_integration/basic_integration.sdk/design_1_wrapper_hw_platform_0/system.hdf'.
19:29:15 INFO  : 'configparams force-mem-access 1' command is executed.
19:29:15 INFO  : Context for 'APU' is selected.
19:29:15 INFO  : 'stop' command is executed.
19:29:15 INFO  : 'ps7_init' command is executed.
19:29:15 INFO  : 'configparams force-mem-access 0' command is executed.
19:29:15 INFO  : ----------------XSDB Script----------------
connect -url tcp:127.0.0.1:3121
source /home/justin/github/2018_fall_hardware_software_codesign_lab/basic_integration/basic_integration.sdk/design_1_wrapper_hw_platform_0/ps7_init.tcl
targets -set -filter {jtag_cable_name =~ "Digilent Zed 210248585406" && level==0} -index 1
fpga -file /home/justin/github/2018_fall_hardware_software_codesign_lab/basic_integration/basic_integration.sdk/design_1_wrapper_hw_platform_0/design_1_wrapper.bit
targets -set -nocase -filter {name =~"APU*" && jtag_cable_name =~ "Digilent Zed 210248585406"} -index 0
loadhw -hw /home/justin/github/2018_fall_hardware_software_codesign_lab/basic_integration/basic_integration.sdk/design_1_wrapper_hw_platform_0/system.hdf -mem-ranges [list {0x40000000 0xbfffffff}]
configparams force-mem-access 1
targets -set -nocase -filter {name =~"APU*" && jtag_cable_name =~ "Digilent Zed 210248585406"} -index 0
stop
ps7_init
configparams force-mem-access 0
----------------End of Script----------------

19:29:22 INFO  : Disconnected from the channel tcfchan#3.
19:30:27 INFO  : Connected to target on host '127.0.0.1' and port '3121'.
19:30:27 INFO  : Jtag cable 'Digilent Zed 210248585406' is selected.
19:30:27 INFO  : 'jtag frequency' command is executed.
19:30:27 INFO  : Sourcing of '/home/justin/github/2018_fall_hardware_software_codesign_lab/basic_integration/basic_integration.sdk/design_1_wrapper_hw_platform_0/ps7_init.tcl' is done.
19:30:27 INFO  : 'targets -set -filter {jtag_cable_name =~ "Digilent Zed 210248585406" && level==0} -index 1' command is executed.
19:30:30 INFO  : FPGA configured successfully with bitstream "/home/justin/github/2018_fall_hardware_software_codesign_lab/basic_integration/basic_integration.sdk/design_1_wrapper_hw_platform_0/design_1_wrapper.bit"
19:30:30 INFO  : Context for 'APU' is selected.
19:30:31 INFO  : Hardware design information is loaded from '/home/justin/github/2018_fall_hardware_software_codesign_lab/basic_integration/basic_integration.sdk/design_1_wrapper_hw_platform_0/system.hdf'.
19:30:31 INFO  : 'configparams force-mem-access 1' command is executed.
19:30:31 INFO  : Context for 'APU' is selected.
19:30:31 INFO  : 'stop' command is executed.
19:30:31 INFO  : 'ps7_init' command is executed.
19:30:31 INFO  : 'configparams force-mem-access 0' command is executed.
19:30:31 INFO  : ----------------XSDB Script----------------
connect -url tcp:127.0.0.1:3121
source /home/justin/github/2018_fall_hardware_software_codesign_lab/basic_integration/basic_integration.sdk/design_1_wrapper_hw_platform_0/ps7_init.tcl
targets -set -filter {jtag_cable_name =~ "Digilent Zed 210248585406" && level==0} -index 1
fpga -file /home/justin/github/2018_fall_hardware_software_codesign_lab/basic_integration/basic_integration.sdk/design_1_wrapper_hw_platform_0/design_1_wrapper.bit
targets -set -nocase -filter {name =~"APU*" && jtag_cable_name =~ "Digilent Zed 210248585406"} -index 0
loadhw -hw /home/justin/github/2018_fall_hardware_software_codesign_lab/basic_integration/basic_integration.sdk/design_1_wrapper_hw_platform_0/system.hdf -mem-ranges [list {0x40000000 0xbfffffff}]
configparams force-mem-access 1
targets -set -nocase -filter {name =~"APU*" && jtag_cable_name =~ "Digilent Zed 210248585406"} -index 0
stop
ps7_init
configparams force-mem-access 0
----------------End of Script----------------

19:30:31 INFO  : Disconnected from the channel tcfchan#4.
19:32:37 INFO  : Registering command handlers for SDK TCF services
19:32:38 INFO  : Launching XSCT server: xsct -n -interactive /home/justin/github/2018_fall_hardware_software_codesign_lab/basic_integration/basic_integration.sdk/temp_xsdb_launch_script.tcl
19:32:40 INFO  : XSCT server has started successfully.
19:32:40 INFO  : Successfully done setting XSCT server connection channel  
19:32:40 INFO  : Successfully done setting SDK workspace  
19:32:40 INFO  : Processing command line option -hwspec /home/justin/github/2018_fall_hardware_software_codesign_lab/basic_integration/basic_integration.sdk/design_1_wrapper.hdf.
19:32:40 INFO  : Checking for hwspec changes in the project design_1_wrapper_hw_platform_0.
19:33:13 INFO  : Launching QEMU with command '/home/justin/software/Xilinx/SDK/2018.3/bin/qemu-system-aarch64 -nographic -M arm-generic-fdt -dtb /home/justin/software/Xilinx/SDK/2018.3/data/qemu/zynqMP/SINGLE_ARCH/zcu102-arm.dtb -gdb tcp::1137 -S'
19:33:13 INFO  : Launching tcfgdbclient with command 'tcfgdbclient -s tcp::1138 -S'
19:33:13 ERROR : (QEMU Process )audio: Could not init `oss' audio driver

19:33:14 INFO  : Connected to target on host 'localhost' and port '1138'.
19:33:23 INFO  : 'tcf send_command tcfchan#1 GdbClient connect "o{host s port s}" eA {{host localhost port 1137 architecture aarch64}}' command is executed.
19:33:34 INFO  : QEMU process is terminated.
19:33:34 INFO  : tcfgdbclient process is terminated.
20:26:42 INFO  : Registering command handlers for SDK TCF services
20:26:43 INFO  : Launching XSCT server: xsct -n -interactive /home/justin/github/2018_fall_hardware_software_codesign_lab/basic_integration/basic_integration.sdk/temp_xsdb_launch_script.tcl
20:26:45 INFO  : XSCT server has started successfully.
20:26:45 INFO  : Successfully done setting XSCT server connection channel  
20:26:45 INFO  : Successfully done setting SDK workspace  
20:26:45 INFO  : Processing command line option -hwspec /home/justin/github/2018_fall_hardware_software_codesign_lab/basic_integration/basic_integration.sdk/design_1_wrapper.hdf.
20:26:45 INFO  : Checking for hwspec changes in the project design_1_wrapper_hw_platform_0.
20:26:47 INFO  : SDK has detected change in the last modified timestamps for source hardware specification file Source:1545913564000,  Project:1545893164000
20:26:47 INFO  : The hardware specification for project 'design_1_wrapper_hw_platform_0' is different from /home/justin/github/2018_fall_hardware_software_codesign_lab/basic_integration/basic_integration.sdk/design_1_wrapper.hdf.
20:26:48 INFO  : Copied contents of /home/justin/github/2018_fall_hardware_software_codesign_lab/basic_integration/basic_integration.sdk/design_1_wrapper.hdf into /design_1_wrapper_hw_platform_0/system.hdf.
20:26:49 INFO  : Synchronizing projects in the workspace with the hardware platform specification changes.
20:26:50 INFO  : Clearing existing target manager status.
20:26:50 INFO  : Workspace synchronized with the new hardware specification file. Cleaning dependent projects...
20:26:50 WARN  : Linker script will not be updated automatically. Users need to update it manually.
20:29:21 INFO  : 'targets -set -filter {jtag_cable_name =~ "Digilent Zed 210248585406" && level==0} -index 1' command is executed.
20:29:21 INFO  : 'fpga -state' command is executed.
20:29:21 INFO  : Connected to target on host '127.0.0.1' and port '3121'.
20:29:21 INFO  : Jtag cable 'Digilent Zed 210248585406' is selected.
20:29:21 INFO  : 'jtag frequency' command is executed.
20:29:21 INFO  : Sourcing of '/home/justin/github/2018_fall_hardware_software_codesign_lab/basic_integration/basic_integration.sdk/design_1_wrapper_hw_platform_0/ps7_init.tcl' is done.
20:29:21 INFO  : Context for 'APU' is selected.
20:29:21 INFO  : Hardware design information is loaded from '/home/justin/github/2018_fall_hardware_software_codesign_lab/basic_integration/basic_integration.sdk/design_1_wrapper_hw_platform_0/system.hdf'.
20:29:21 INFO  : 'configparams force-mem-access 1' command is executed.
20:29:21 INFO  : Context for 'APU' is selected.
20:29:21 INFO  : 'stop' command is executed.
20:29:22 INFO  : 'ps7_init' command is executed.
20:29:22 INFO  : 'ps7_post_config' command is executed.
20:29:22 INFO  : Context for processor 'ps7_cortexa9_0' is selected.
20:29:22 INFO  : Processor reset is completed for 'ps7_cortexa9_0'.
20:29:22 INFO  : Context for processor 'ps7_cortexa9_0' is selected.
20:29:22 INFO  : The application '/home/justin/github/2018_fall_hardware_software_codesign_lab/basic_integration/basic_integration.sdk/basic_integration/Debug/basic_integration.elf' is downloaded to processor 'ps7_cortexa9_0'.
20:29:22 INFO  : 'configparams force-mem-access 0' command is executed.
20:29:22 INFO  : ----------------XSDB Script----------------
connect -url tcp:127.0.0.1:3121
source /home/justin/github/2018_fall_hardware_software_codesign_lab/basic_integration/basic_integration.sdk/design_1_wrapper_hw_platform_0/ps7_init.tcl
targets -set -nocase -filter {name =~"APU*" && jtag_cable_name =~ "Digilent Zed 210248585406"} -index 0
loadhw -hw /home/justin/github/2018_fall_hardware_software_codesign_lab/basic_integration/basic_integration.sdk/design_1_wrapper_hw_platform_0/system.hdf -mem-ranges [list {0x40000000 0xbfffffff}]
configparams force-mem-access 1
targets -set -nocase -filter {name =~"APU*" && jtag_cable_name =~ "Digilent Zed 210248585406"} -index 0
stop
ps7_init
ps7_post_config
targets -set -nocase -filter {name =~ "ARM*#0" && jtag_cable_name =~ "Digilent Zed 210248585406"} -index 0
rst -processor
targets -set -nocase -filter {name =~ "ARM*#0" && jtag_cable_name =~ "Digilent Zed 210248585406"} -index 0
dow /home/justin/github/2018_fall_hardware_software_codesign_lab/basic_integration/basic_integration.sdk/basic_integration/Debug/basic_integration.elf
configparams force-mem-access 0
----------------End of Script----------------

20:29:22 INFO  : Context for processor 'ps7_cortexa9_0' is selected.
20:29:22 INFO  : 'con' command is executed.
20:29:22 INFO  : ----------------XSDB Script (After Launch)----------------
targets -set -nocase -filter {name =~ "ARM*#0" && jtag_cable_name =~ "Digilent Zed 210248585406"} -index 0
con
----------------End of Script----------------

20:29:22 INFO  : Disconnected from the channel tcfchan#1.
21:24:22 INFO  : 'targets -set -filter {jtag_cable_name =~ "Digilent Zed 210248585406" && level==0} -index 1' command is executed.
21:24:22 INFO  : 'fpga -state' command is executed.
21:24:22 INFO  : Connected to target on host '127.0.0.1' and port '3121'.
21:24:22 INFO  : Jtag cable 'Digilent Zed 210248585406' is selected.
21:24:22 INFO  : 'jtag frequency' command is executed.
21:24:22 INFO  : Sourcing of '/home/justin/github/2018_fall_hardware_software_codesign_lab/basic_integration/basic_integration.sdk/design_1_wrapper_hw_platform_0/ps7_init.tcl' is done.
21:24:22 INFO  : Context for 'APU' is selected.
21:24:22 INFO  : Hardware design information is loaded from '/home/justin/github/2018_fall_hardware_software_codesign_lab/basic_integration/basic_integration.sdk/design_1_wrapper_hw_platform_0/system.hdf'.
21:24:22 INFO  : 'configparams force-mem-access 1' command is executed.
21:24:22 INFO  : Context for 'APU' is selected.
21:24:22 INFO  : 'stop' command is executed.
21:24:23 INFO  : 'ps7_init' command is executed.
21:24:23 INFO  : 'ps7_post_config' command is executed.
21:24:23 INFO  : Context for processor 'ps7_cortexa9_0' is selected.
21:24:23 INFO  : Processor reset is completed for 'ps7_cortexa9_0'.
21:24:23 INFO  : Context for processor 'ps7_cortexa9_0' is selected.
21:24:23 INFO  : The application '/home/justin/github/2018_fall_hardware_software_codesign_lab/basic_integration/basic_integration.sdk/basic_integration/Debug/basic_integration.elf' is downloaded to processor 'ps7_cortexa9_0'.
21:24:23 INFO  : 'configparams force-mem-access 0' command is executed.
21:24:23 INFO  : ----------------XSDB Script----------------
connect -url tcp:127.0.0.1:3121
source /home/justin/github/2018_fall_hardware_software_codesign_lab/basic_integration/basic_integration.sdk/design_1_wrapper_hw_platform_0/ps7_init.tcl
targets -set -nocase -filter {name =~"APU*" && jtag_cable_name =~ "Digilent Zed 210248585406"} -index 0
loadhw -hw /home/justin/github/2018_fall_hardware_software_codesign_lab/basic_integration/basic_integration.sdk/design_1_wrapper_hw_platform_0/system.hdf -mem-ranges [list {0x40000000 0xbfffffff}]
configparams force-mem-access 1
targets -set -nocase -filter {name =~"APU*" && jtag_cable_name =~ "Digilent Zed 210248585406"} -index 0
stop
ps7_init
ps7_post_config
targets -set -nocase -filter {name =~ "ARM*#0" && jtag_cable_name =~ "Digilent Zed 210248585406"} -index 0
rst -processor
targets -set -nocase -filter {name =~ "ARM*#0" && jtag_cable_name =~ "Digilent Zed 210248585406"} -index 0
dow /home/justin/github/2018_fall_hardware_software_codesign_lab/basic_integration/basic_integration.sdk/basic_integration/Debug/basic_integration.elf
configparams force-mem-access 0
----------------End of Script----------------

21:24:23 INFO  : Context for processor 'ps7_cortexa9_0' is selected.
21:24:23 INFO  : 'con' command is executed.
21:24:23 INFO  : ----------------XSDB Script (After Launch)----------------
targets -set -nocase -filter {name =~ "ARM*#0" && jtag_cable_name =~ "Digilent Zed 210248585406"} -index 0
con
----------------End of Script----------------

21:24:23 INFO  : Disconnected from the channel tcfchan#2.
21:25:39 INFO  : 'targets -set -filter {jtag_cable_name =~ "Digilent Zed 210248585406" && level==0} -index 1' command is executed.
21:25:39 INFO  : 'fpga -state' command is executed.
21:25:39 INFO  : Connected to target on host '127.0.0.1' and port '3121'.
21:25:40 INFO  : Jtag cable 'Digilent Zed 210248585406' is selected.
21:25:40 INFO  : 'jtag frequency' command is executed.
21:25:40 INFO  : Sourcing of '/home/justin/github/2018_fall_hardware_software_codesign_lab/basic_integration/basic_integration.sdk/design_1_wrapper_hw_platform_0/ps7_init.tcl' is done.
21:25:40 INFO  : Context for 'APU' is selected.
21:25:40 INFO  : Hardware design information is loaded from '/home/justin/github/2018_fall_hardware_software_codesign_lab/basic_integration/basic_integration.sdk/design_1_wrapper_hw_platform_0/system.hdf'.
21:25:40 INFO  : 'configparams force-mem-access 1' command is executed.
21:25:40 INFO  : Context for 'APU' is selected.
21:25:40 INFO  : 'stop' command is executed.
21:25:40 INFO  : 'ps7_init' command is executed.
21:25:40 INFO  : 'ps7_post_config' command is executed.
21:25:40 INFO  : Context for processor 'ps7_cortexa9_0' is selected.
21:25:40 INFO  : Processor reset is completed for 'ps7_cortexa9_0'.
21:25:40 INFO  : Context for processor 'ps7_cortexa9_0' is selected.
21:25:40 INFO  : The application '/home/justin/github/2018_fall_hardware_software_codesign_lab/basic_integration/basic_integration.sdk/basic_integration/Debug/basic_integration.elf' is downloaded to processor 'ps7_cortexa9_0'.
21:25:40 INFO  : 'configparams force-mem-access 0' command is executed.
21:25:40 INFO  : ----------------XSDB Script----------------
connect -url tcp:127.0.0.1:3121
source /home/justin/github/2018_fall_hardware_software_codesign_lab/basic_integration/basic_integration.sdk/design_1_wrapper_hw_platform_0/ps7_init.tcl
targets -set -nocase -filter {name =~"APU*" && jtag_cable_name =~ "Digilent Zed 210248585406"} -index 0
loadhw -hw /home/justin/github/2018_fall_hardware_software_codesign_lab/basic_integration/basic_integration.sdk/design_1_wrapper_hw_platform_0/system.hdf -mem-ranges [list {0x40000000 0xbfffffff}]
configparams force-mem-access 1
targets -set -nocase -filter {name =~"APU*" && jtag_cable_name =~ "Digilent Zed 210248585406"} -index 0
stop
ps7_init
ps7_post_config
targets -set -nocase -filter {name =~ "ARM*#0" && jtag_cable_name =~ "Digilent Zed 210248585406"} -index 0
rst -processor
targets -set -nocase -filter {name =~ "ARM*#0" && jtag_cable_name =~ "Digilent Zed 210248585406"} -index 0
dow /home/justin/github/2018_fall_hardware_software_codesign_lab/basic_integration/basic_integration.sdk/basic_integration/Debug/basic_integration.elf
configparams force-mem-access 0
----------------End of Script----------------

21:25:40 INFO  : Context for processor 'ps7_cortexa9_0' is selected.
21:25:40 INFO  : 'con' command is executed.
21:25:40 INFO  : ----------------XSDB Script (After Launch)----------------
targets -set -nocase -filter {name =~ "ARM*#0" && jtag_cable_name =~ "Digilent Zed 210248585406"} -index 0
con
----------------End of Script----------------

21:25:40 INFO  : Disconnected from the channel tcfchan#3.
21:27:10 INFO  : 'targets -set -filter {jtag_cable_name =~ "Digilent Zed 210248585406" && level==0} -index 1' command is executed.
21:27:10 INFO  : 'fpga -state' command is executed.
21:27:10 INFO  : Connected to target on host '127.0.0.1' and port '3121'.
21:27:10 INFO  : Jtag cable 'Digilent Zed 210248585406' is selected.
21:27:10 INFO  : 'jtag frequency' command is executed.
21:27:10 INFO  : Sourcing of '/home/justin/github/2018_fall_hardware_software_codesign_lab/basic_integration/basic_integration.sdk/design_1_wrapper_hw_platform_0/ps7_init.tcl' is done.
21:27:10 INFO  : Context for 'APU' is selected.
21:27:10 INFO  : Hardware design information is loaded from '/home/justin/github/2018_fall_hardware_software_codesign_lab/basic_integration/basic_integration.sdk/design_1_wrapper_hw_platform_0/system.hdf'.
21:27:10 INFO  : 'configparams force-mem-access 1' command is executed.
21:27:10 INFO  : Context for 'APU' is selected.
21:27:10 INFO  : 'stop' command is executed.
21:27:10 INFO  : 'ps7_init' command is executed.
21:27:10 INFO  : 'ps7_post_config' command is executed.
21:27:10 INFO  : Context for processor 'ps7_cortexa9_0' is selected.
21:27:10 INFO  : Processor reset is completed for 'ps7_cortexa9_0'.
21:27:10 INFO  : Context for processor 'ps7_cortexa9_0' is selected.
21:27:11 INFO  : The application '/home/justin/github/2018_fall_hardware_software_codesign_lab/basic_integration/basic_integration.sdk/basic_integration/Debug/basic_integration.elf' is downloaded to processor 'ps7_cortexa9_0'.
21:27:11 INFO  : 'configparams force-mem-access 0' command is executed.
21:27:11 INFO  : ----------------XSDB Script----------------
connect -url tcp:127.0.0.1:3121
source /home/justin/github/2018_fall_hardware_software_codesign_lab/basic_integration/basic_integration.sdk/design_1_wrapper_hw_platform_0/ps7_init.tcl
targets -set -nocase -filter {name =~"APU*" && jtag_cable_name =~ "Digilent Zed 210248585406"} -index 0
loadhw -hw /home/justin/github/2018_fall_hardware_software_codesign_lab/basic_integration/basic_integration.sdk/design_1_wrapper_hw_platform_0/system.hdf -mem-ranges [list {0x40000000 0xbfffffff}]
configparams force-mem-access 1
targets -set -nocase -filter {name =~"APU*" && jtag_cable_name =~ "Digilent Zed 210248585406"} -index 0
stop
ps7_init
ps7_post_config
targets -set -nocase -filter {name =~ "ARM*#0" && jtag_cable_name =~ "Digilent Zed 210248585406"} -index 0
rst -processor
targets -set -nocase -filter {name =~ "ARM*#0" && jtag_cable_name =~ "Digilent Zed 210248585406"} -index 0
dow /home/justin/github/2018_fall_hardware_software_codesign_lab/basic_integration/basic_integration.sdk/basic_integration/Debug/basic_integration.elf
configparams force-mem-access 0
----------------End of Script----------------

21:27:11 INFO  : Context for processor 'ps7_cortexa9_0' is selected.
21:27:11 INFO  : 'con' command is executed.
21:27:11 INFO  : ----------------XSDB Script (After Launch)----------------
targets -set -nocase -filter {name =~ "ARM*#0" && jtag_cable_name =~ "Digilent Zed 210248585406"} -index 0
con
----------------End of Script----------------

21:27:11 INFO  : Disconnected from the channel tcfchan#4.
21:27:37 INFO  : 'targets -set -filter {jtag_cable_name =~ "Digilent Zed 210248585406" && level==0} -index 1' command is executed.
21:27:37 INFO  : 'fpga -state' command is executed.
21:27:37 INFO  : Connected to target on host '127.0.0.1' and port '3121'.
21:27:37 INFO  : Jtag cable 'Digilent Zed 210248585406' is selected.
21:27:37 INFO  : 'jtag frequency' command is executed.
21:27:37 INFO  : Sourcing of '/home/justin/github/2018_fall_hardware_software_codesign_lab/basic_integration/basic_integration.sdk/design_1_wrapper_hw_platform_0/ps7_init.tcl' is done.
21:27:37 INFO  : Context for 'APU' is selected.
21:27:37 INFO  : Hardware design information is loaded from '/home/justin/github/2018_fall_hardware_software_codesign_lab/basic_integration/basic_integration.sdk/design_1_wrapper_hw_platform_0/system.hdf'.
21:27:37 INFO  : 'configparams force-mem-access 1' command is executed.
21:27:37 INFO  : Context for 'APU' is selected.
21:27:37 INFO  : 'stop' command is executed.
21:27:37 INFO  : 'ps7_init' command is executed.
21:27:37 INFO  : 'ps7_post_config' command is executed.
21:27:37 INFO  : Context for processor 'ps7_cortexa9_0' is selected.
21:27:37 INFO  : Processor reset is completed for 'ps7_cortexa9_0'.
21:27:37 INFO  : Context for processor 'ps7_cortexa9_0' is selected.
21:27:37 INFO  : The application '/home/justin/github/2018_fall_hardware_software_codesign_lab/basic_integration/basic_integration.sdk/basic_integration/Debug/basic_integration.elf' is downloaded to processor 'ps7_cortexa9_0'.
21:27:37 INFO  : 'configparams force-mem-access 0' command is executed.
21:27:37 INFO  : ----------------XSDB Script----------------
connect -url tcp:127.0.0.1:3121
source /home/justin/github/2018_fall_hardware_software_codesign_lab/basic_integration/basic_integration.sdk/design_1_wrapper_hw_platform_0/ps7_init.tcl
targets -set -nocase -filter {name =~"APU*" && jtag_cable_name =~ "Digilent Zed 210248585406"} -index 0
loadhw -hw /home/justin/github/2018_fall_hardware_software_codesign_lab/basic_integration/basic_integration.sdk/design_1_wrapper_hw_platform_0/system.hdf -mem-ranges [list {0x40000000 0xbfffffff}]
configparams force-mem-access 1
targets -set -nocase -filter {name =~"APU*" && jtag_cable_name =~ "Digilent Zed 210248585406"} -index 0
stop
ps7_init
ps7_post_config
targets -set -nocase -filter {name =~ "ARM*#0" && jtag_cable_name =~ "Digilent Zed 210248585406"} -index 0
rst -processor
targets -set -nocase -filter {name =~ "ARM*#0" && jtag_cable_name =~ "Digilent Zed 210248585406"} -index 0
dow /home/justin/github/2018_fall_hardware_software_codesign_lab/basic_integration/basic_integration.sdk/basic_integration/Debug/basic_integration.elf
configparams force-mem-access 0
----------------End of Script----------------

21:27:37 INFO  : Context for processor 'ps7_cortexa9_0' is selected.
21:27:37 INFO  : 'con' command is executed.
21:27:37 INFO  : ----------------XSDB Script (After Launch)----------------
targets -set -nocase -filter {name =~ "ARM*#0" && jtag_cable_name =~ "Digilent Zed 210248585406"} -index 0
con
----------------End of Script----------------

21:27:37 INFO  : Disconnected from the channel tcfchan#5.
21:31:28 INFO  : 'targets -set -filter {jtag_cable_name =~ "Digilent Zed 210248585406" && level==0} -index 1' command is executed.
21:31:28 INFO  : 'fpga -state' command is executed.
21:31:28 INFO  : Connected to target on host '127.0.0.1' and port '3121'.
21:31:28 INFO  : Jtag cable 'Digilent Zed 210248585406' is selected.
21:31:28 INFO  : 'jtag frequency' command is executed.
21:31:28 INFO  : Sourcing of '/home/justin/github/2018_fall_hardware_software_codesign_lab/basic_integration/basic_integration.sdk/design_1_wrapper_hw_platform_0/ps7_init.tcl' is done.
21:31:28 INFO  : Context for 'APU' is selected.
21:31:28 INFO  : Hardware design information is loaded from '/home/justin/github/2018_fall_hardware_software_codesign_lab/basic_integration/basic_integration.sdk/design_1_wrapper_hw_platform_0/system.hdf'.
21:31:28 INFO  : 'configparams force-mem-access 1' command is executed.
21:31:28 INFO  : Context for 'APU' is selected.
21:31:28 INFO  : 'stop' command is executed.
21:31:28 INFO  : 'ps7_init' command is executed.
21:31:28 INFO  : 'ps7_post_config' command is executed.
21:31:28 INFO  : Context for processor 'ps7_cortexa9_0' is selected.
21:31:28 INFO  : Processor reset is completed for 'ps7_cortexa9_0'.
21:31:28 INFO  : Context for processor 'ps7_cortexa9_0' is selected.
21:31:29 INFO  : The application '/home/justin/github/2018_fall_hardware_software_codesign_lab/basic_integration/basic_integration.sdk/basic_integration/Debug/basic_integration.elf' is downloaded to processor 'ps7_cortexa9_0'.
21:31:29 INFO  : 'configparams force-mem-access 0' command is executed.
21:31:29 INFO  : ----------------XSDB Script----------------
connect -url tcp:127.0.0.1:3121
source /home/justin/github/2018_fall_hardware_software_codesign_lab/basic_integration/basic_integration.sdk/design_1_wrapper_hw_platform_0/ps7_init.tcl
targets -set -nocase -filter {name =~"APU*" && jtag_cable_name =~ "Digilent Zed 210248585406"} -index 0
loadhw -hw /home/justin/github/2018_fall_hardware_software_codesign_lab/basic_integration/basic_integration.sdk/design_1_wrapper_hw_platform_0/system.hdf -mem-ranges [list {0x40000000 0xbfffffff}]
configparams force-mem-access 1
targets -set -nocase -filter {name =~"APU*" && jtag_cable_name =~ "Digilent Zed 210248585406"} -index 0
stop
ps7_init
ps7_post_config
targets -set -nocase -filter {name =~ "ARM*#0" && jtag_cable_name =~ "Digilent Zed 210248585406"} -index 0
rst -processor
targets -set -nocase -filter {name =~ "ARM*#0" && jtag_cable_name =~ "Digilent Zed 210248585406"} -index 0
dow /home/justin/github/2018_fall_hardware_software_codesign_lab/basic_integration/basic_integration.sdk/basic_integration/Debug/basic_integration.elf
configparams force-mem-access 0
----------------End of Script----------------

21:31:29 INFO  : Context for processor 'ps7_cortexa9_0' is selected.
21:31:29 INFO  : 'con' command is executed.
21:31:29 INFO  : ----------------XSDB Script (After Launch)----------------
targets -set -nocase -filter {name =~ "ARM*#0" && jtag_cable_name =~ "Digilent Zed 210248585406"} -index 0
con
----------------End of Script----------------

21:31:29 INFO  : Disconnected from the channel tcfchan#6.
21:32:07 INFO  : 'targets -set -filter {jtag_cable_name =~ "Digilent Zed 210248585406" && level==0} -index 1' command is executed.
21:32:07 INFO  : 'fpga -state' command is executed.
21:32:07 INFO  : Connected to target on host '127.0.0.1' and port '3121'.
21:32:08 INFO  : Jtag cable 'Digilent Zed 210248585406' is selected.
21:32:08 INFO  : 'jtag frequency' command is executed.
21:32:08 INFO  : Sourcing of '/home/justin/github/2018_fall_hardware_software_codesign_lab/basic_integration/basic_integration.sdk/design_1_wrapper_hw_platform_0/ps7_init.tcl' is done.
21:32:08 INFO  : Context for 'APU' is selected.
21:32:08 INFO  : Hardware design information is loaded from '/home/justin/github/2018_fall_hardware_software_codesign_lab/basic_integration/basic_integration.sdk/design_1_wrapper_hw_platform_0/system.hdf'.
21:32:08 INFO  : 'configparams force-mem-access 1' command is executed.
21:32:08 INFO  : Context for 'APU' is selected.
21:32:08 INFO  : 'stop' command is executed.
21:32:08 INFO  : 'ps7_init' command is executed.
21:32:08 INFO  : 'ps7_post_config' command is executed.
21:32:08 INFO  : Context for processor 'ps7_cortexa9_0' is selected.
21:32:08 INFO  : Processor reset is completed for 'ps7_cortexa9_0'.
21:32:08 INFO  : Context for processor 'ps7_cortexa9_0' is selected.
21:32:08 INFO  : The application '/home/justin/github/2018_fall_hardware_software_codesign_lab/basic_integration/basic_integration.sdk/basic_integration/Debug/basic_integration.elf' is downloaded to processor 'ps7_cortexa9_0'.
21:32:08 INFO  : 'configparams force-mem-access 0' command is executed.
21:32:08 INFO  : ----------------XSDB Script----------------
connect -url tcp:127.0.0.1:3121
source /home/justin/github/2018_fall_hardware_software_codesign_lab/basic_integration/basic_integration.sdk/design_1_wrapper_hw_platform_0/ps7_init.tcl
targets -set -nocase -filter {name =~"APU*" && jtag_cable_name =~ "Digilent Zed 210248585406"} -index 0
loadhw -hw /home/justin/github/2018_fall_hardware_software_codesign_lab/basic_integration/basic_integration.sdk/design_1_wrapper_hw_platform_0/system.hdf -mem-ranges [list {0x40000000 0xbfffffff}]
configparams force-mem-access 1
targets -set -nocase -filter {name =~"APU*" && jtag_cable_name =~ "Digilent Zed 210248585406"} -index 0
stop
ps7_init
ps7_post_config
targets -set -nocase -filter {name =~ "ARM*#0" && jtag_cable_name =~ "Digilent Zed 210248585406"} -index 0
rst -processor
targets -set -nocase -filter {name =~ "ARM*#0" && jtag_cable_name =~ "Digilent Zed 210248585406"} -index 0
dow /home/justin/github/2018_fall_hardware_software_codesign_lab/basic_integration/basic_integration.sdk/basic_integration/Debug/basic_integration.elf
configparams force-mem-access 0
----------------End of Script----------------

21:32:08 INFO  : Context for processor 'ps7_cortexa9_0' is selected.
21:32:08 INFO  : 'con' command is executed.
21:32:08 INFO  : ----------------XSDB Script (After Launch)----------------
targets -set -nocase -filter {name =~ "ARM*#0" && jtag_cable_name =~ "Digilent Zed 210248585406"} -index 0
con
----------------End of Script----------------

21:32:08 INFO  : Disconnected from the channel tcfchan#7.
21:33:48 INFO  : 'targets -set -filter {jtag_cable_name =~ "Digilent Zed 210248585406" && level==0} -index 1' command is executed.
21:33:48 INFO  : 'fpga -state' command is executed.
21:33:48 INFO  : Connected to target on host '127.0.0.1' and port '3121'.
21:33:48 INFO  : Jtag cable 'Digilent Zed 210248585406' is selected.
21:33:48 INFO  : 'jtag frequency' command is executed.
21:33:48 INFO  : Sourcing of '/home/justin/github/2018_fall_hardware_software_codesign_lab/basic_integration/basic_integration.sdk/design_1_wrapper_hw_platform_0/ps7_init.tcl' is done.
21:33:48 INFO  : Context for 'APU' is selected.
21:33:48 INFO  : Hardware design information is loaded from '/home/justin/github/2018_fall_hardware_software_codesign_lab/basic_integration/basic_integration.sdk/design_1_wrapper_hw_platform_0/system.hdf'.
21:33:48 INFO  : 'configparams force-mem-access 1' command is executed.
21:33:48 INFO  : Context for 'APU' is selected.
21:33:48 INFO  : 'stop' command is executed.
21:33:48 INFO  : 'ps7_init' command is executed.
21:33:48 INFO  : 'ps7_post_config' command is executed.
21:33:48 INFO  : Context for processor 'ps7_cortexa9_0' is selected.
21:33:48 INFO  : Processor reset is completed for 'ps7_cortexa9_0'.
21:33:48 INFO  : Context for processor 'ps7_cortexa9_0' is selected.
21:33:49 INFO  : The application '/home/justin/github/2018_fall_hardware_software_codesign_lab/basic_integration/basic_integration.sdk/basic_integration/Debug/basic_integration.elf' is downloaded to processor 'ps7_cortexa9_0'.
21:33:49 INFO  : 'configparams force-mem-access 0' command is executed.
21:33:49 INFO  : ----------------XSDB Script----------------
connect -url tcp:127.0.0.1:3121
source /home/justin/github/2018_fall_hardware_software_codesign_lab/basic_integration/basic_integration.sdk/design_1_wrapper_hw_platform_0/ps7_init.tcl
targets -set -nocase -filter {name =~"APU*" && jtag_cable_name =~ "Digilent Zed 210248585406"} -index 0
loadhw -hw /home/justin/github/2018_fall_hardware_software_codesign_lab/basic_integration/basic_integration.sdk/design_1_wrapper_hw_platform_0/system.hdf -mem-ranges [list {0x40000000 0xbfffffff}]
configparams force-mem-access 1
targets -set -nocase -filter {name =~"APU*" && jtag_cable_name =~ "Digilent Zed 210248585406"} -index 0
stop
ps7_init
ps7_post_config
targets -set -nocase -filter {name =~ "ARM*#0" && jtag_cable_name =~ "Digilent Zed 210248585406"} -index 0
rst -processor
targets -set -nocase -filter {name =~ "ARM*#0" && jtag_cable_name =~ "Digilent Zed 210248585406"} -index 0
dow /home/justin/github/2018_fall_hardware_software_codesign_lab/basic_integration/basic_integration.sdk/basic_integration/Debug/basic_integration.elf
configparams force-mem-access 0
----------------End of Script----------------

21:33:49 INFO  : Context for processor 'ps7_cortexa9_0' is selected.
21:33:49 INFO  : 'con' command is executed.
21:33:49 INFO  : ----------------XSDB Script (After Launch)----------------
targets -set -nocase -filter {name =~ "ARM*#0" && jtag_cable_name =~ "Digilent Zed 210248585406"} -index 0
con
----------------End of Script----------------

21:33:49 INFO  : Disconnected from the channel tcfchan#8.
21:35:59 INFO  : 'targets -set -filter {jtag_cable_name =~ "Digilent Zed 210248585406" && level==0} -index 1' command is executed.
21:35:59 INFO  : 'fpga -state' command is executed.
21:35:59 INFO  : Connected to target on host '127.0.0.1' and port '3121'.
21:35:59 INFO  : Jtag cable 'Digilent Zed 210248585406' is selected.
21:35:59 INFO  : 'jtag frequency' command is executed.
21:35:59 INFO  : Sourcing of '/home/justin/github/2018_fall_hardware_software_codesign_lab/basic_integration/basic_integration.sdk/design_1_wrapper_hw_platform_0/ps7_init.tcl' is done.
21:35:59 INFO  : Context for 'APU' is selected.
21:35:59 INFO  : Hardware design information is loaded from '/home/justin/github/2018_fall_hardware_software_codesign_lab/basic_integration/basic_integration.sdk/design_1_wrapper_hw_platform_0/system.hdf'.
21:35:59 INFO  : 'configparams force-mem-access 1' command is executed.
21:35:59 INFO  : Context for 'APU' is selected.
21:35:59 INFO  : 'stop' command is executed.
21:36:00 INFO  : 'ps7_init' command is executed.
21:36:00 INFO  : 'ps7_post_config' command is executed.
21:36:00 INFO  : Context for processor 'ps7_cortexa9_0' is selected.
21:36:00 INFO  : Processor reset is completed for 'ps7_cortexa9_0'.
21:36:00 INFO  : Context for processor 'ps7_cortexa9_0' is selected.
21:36:00 INFO  : The application '/home/justin/github/2018_fall_hardware_software_codesign_lab/basic_integration/basic_integration.sdk/basic_integration/Debug/basic_integration.elf' is downloaded to processor 'ps7_cortexa9_0'.
21:36:00 INFO  : 'configparams force-mem-access 0' command is executed.
21:36:00 INFO  : ----------------XSDB Script----------------
connect -url tcp:127.0.0.1:3121
source /home/justin/github/2018_fall_hardware_software_codesign_lab/basic_integration/basic_integration.sdk/design_1_wrapper_hw_platform_0/ps7_init.tcl
targets -set -nocase -filter {name =~"APU*" && jtag_cable_name =~ "Digilent Zed 210248585406"} -index 0
loadhw -hw /home/justin/github/2018_fall_hardware_software_codesign_lab/basic_integration/basic_integration.sdk/design_1_wrapper_hw_platform_0/system.hdf -mem-ranges [list {0x40000000 0xbfffffff}]
configparams force-mem-access 1
targets -set -nocase -filter {name =~"APU*" && jtag_cable_name =~ "Digilent Zed 210248585406"} -index 0
stop
ps7_init
ps7_post_config
targets -set -nocase -filter {name =~ "ARM*#0" && jtag_cable_name =~ "Digilent Zed 210248585406"} -index 0
rst -processor
targets -set -nocase -filter {name =~ "ARM*#0" && jtag_cable_name =~ "Digilent Zed 210248585406"} -index 0
dow /home/justin/github/2018_fall_hardware_software_codesign_lab/basic_integration/basic_integration.sdk/basic_integration/Debug/basic_integration.elf
configparams force-mem-access 0
----------------End of Script----------------

21:36:00 INFO  : Context for processor 'ps7_cortexa9_0' is selected.
21:36:00 INFO  : 'con' command is executed.
21:36:00 INFO  : ----------------XSDB Script (After Launch)----------------
targets -set -nocase -filter {name =~ "ARM*#0" && jtag_cable_name =~ "Digilent Zed 210248585406"} -index 0
con
----------------End of Script----------------

21:36:00 INFO  : Disconnected from the channel tcfchan#9.
21:36:25 INFO  : 'targets -set -filter {jtag_cable_name =~ "Digilent Zed 210248585406" && level==0} -index 1' command is executed.
21:36:25 INFO  : 'fpga -state' command is executed.
21:36:25 INFO  : Connected to target on host '127.0.0.1' and port '3121'.
21:36:25 INFO  : Jtag cable 'Digilent Zed 210248585406' is selected.
21:36:25 INFO  : 'jtag frequency' command is executed.
21:36:25 INFO  : Sourcing of '/home/justin/github/2018_fall_hardware_software_codesign_lab/basic_integration/basic_integration.sdk/design_1_wrapper_hw_platform_0/ps7_init.tcl' is done.
21:36:25 INFO  : Context for 'APU' is selected.
21:36:25 INFO  : Hardware design information is loaded from '/home/justin/github/2018_fall_hardware_software_codesign_lab/basic_integration/basic_integration.sdk/design_1_wrapper_hw_platform_0/system.hdf'.
21:36:25 INFO  : 'configparams force-mem-access 1' command is executed.
21:36:25 INFO  : Context for 'APU' is selected.
21:36:25 INFO  : 'stop' command is executed.
21:36:26 INFO  : 'ps7_init' command is executed.
21:36:26 INFO  : 'ps7_post_config' command is executed.
21:36:26 INFO  : Context for processor 'ps7_cortexa9_0' is selected.
21:36:26 INFO  : Processor reset is completed for 'ps7_cortexa9_0'.
21:36:26 INFO  : Context for processor 'ps7_cortexa9_0' is selected.
21:36:26 INFO  : The application '/home/justin/github/2018_fall_hardware_software_codesign_lab/basic_integration/basic_integration.sdk/basic_integration/Debug/basic_integration.elf' is downloaded to processor 'ps7_cortexa9_0'.
21:36:26 INFO  : 'configparams force-mem-access 0' command is executed.
21:36:26 INFO  : ----------------XSDB Script----------------
connect -url tcp:127.0.0.1:3121
source /home/justin/github/2018_fall_hardware_software_codesign_lab/basic_integration/basic_integration.sdk/design_1_wrapper_hw_platform_0/ps7_init.tcl
targets -set -nocase -filter {name =~"APU*" && jtag_cable_name =~ "Digilent Zed 210248585406"} -index 0
loadhw -hw /home/justin/github/2018_fall_hardware_software_codesign_lab/basic_integration/basic_integration.sdk/design_1_wrapper_hw_platform_0/system.hdf -mem-ranges [list {0x40000000 0xbfffffff}]
configparams force-mem-access 1
targets -set -nocase -filter {name =~"APU*" && jtag_cable_name =~ "Digilent Zed 210248585406"} -index 0
stop
ps7_init
ps7_post_config
targets -set -nocase -filter {name =~ "ARM*#0" && jtag_cable_name =~ "Digilent Zed 210248585406"} -index 0
rst -processor
targets -set -nocase -filter {name =~ "ARM*#0" && jtag_cable_name =~ "Digilent Zed 210248585406"} -index 0
dow /home/justin/github/2018_fall_hardware_software_codesign_lab/basic_integration/basic_integration.sdk/basic_integration/Debug/basic_integration.elf
configparams force-mem-access 0
----------------End of Script----------------

21:36:26 INFO  : Context for processor 'ps7_cortexa9_0' is selected.
21:36:26 INFO  : 'con' command is executed.
21:36:26 INFO  : ----------------XSDB Script (After Launch)----------------
targets -set -nocase -filter {name =~ "ARM*#0" && jtag_cable_name =~ "Digilent Zed 210248585406"} -index 0
con
----------------End of Script----------------

21:36:26 INFO  : Disconnected from the channel tcfchan#10.
23:17:54 INFO  : 'targets -set -filter {jtag_cable_name =~ "Digilent Zed 210248585406" && level==0} -index 1' command is executed.
23:17:54 INFO  : 'fpga -state' command is executed.
23:17:54 INFO  : Connected to target on host '127.0.0.1' and port '3121'.
23:17:54 INFO  : Jtag cable 'Digilent Zed 210248585406' is selected.
23:17:54 INFO  : 'jtag frequency' command is executed.
23:17:54 INFO  : Sourcing of '/home/justin/github/2018_fall_hardware_software_codesign_lab/basic_integration/basic_integration.sdk/design_1_wrapper_hw_platform_0/ps7_init.tcl' is done.
23:17:54 INFO  : Context for 'APU' is selected.
23:17:54 INFO  : Hardware design information is loaded from '/home/justin/github/2018_fall_hardware_software_codesign_lab/basic_integration/basic_integration.sdk/design_1_wrapper_hw_platform_0/system.hdf'.
23:17:54 INFO  : 'configparams force-mem-access 1' command is executed.
23:17:54 INFO  : Context for 'APU' is selected.
23:17:54 INFO  : 'stop' command is executed.
23:17:54 INFO  : 'ps7_init' command is executed.
23:17:54 INFO  : 'ps7_post_config' command is executed.
23:17:54 INFO  : Context for processor 'ps7_cortexa9_0' is selected.
23:17:54 INFO  : Processor reset is completed for 'ps7_cortexa9_0'.
23:17:54 INFO  : Context for processor 'ps7_cortexa9_0' is selected.
23:17:54 INFO  : The application '/home/justin/github/2018_fall_hardware_software_codesign_lab/basic_integration/basic_integration.sdk/basic_integration/Debug/basic_integration.elf' is downloaded to processor 'ps7_cortexa9_0'.
23:17:54 INFO  : 'configparams force-mem-access 0' command is executed.
23:17:54 INFO  : ----------------XSDB Script----------------
connect -url tcp:127.0.0.1:3121
source /home/justin/github/2018_fall_hardware_software_codesign_lab/basic_integration/basic_integration.sdk/design_1_wrapper_hw_platform_0/ps7_init.tcl
targets -set -nocase -filter {name =~"APU*" && jtag_cable_name =~ "Digilent Zed 210248585406"} -index 0
loadhw -hw /home/justin/github/2018_fall_hardware_software_codesign_lab/basic_integration/basic_integration.sdk/design_1_wrapper_hw_platform_0/system.hdf -mem-ranges [list {0x40000000 0xbfffffff}]
configparams force-mem-access 1
targets -set -nocase -filter {name =~"APU*" && jtag_cable_name =~ "Digilent Zed 210248585406"} -index 0
stop
ps7_init
ps7_post_config
targets -set -nocase -filter {name =~ "ARM*#0" && jtag_cable_name =~ "Digilent Zed 210248585406"} -index 0
rst -processor
targets -set -nocase -filter {name =~ "ARM*#0" && jtag_cable_name =~ "Digilent Zed 210248585406"} -index 0
dow /home/justin/github/2018_fall_hardware_software_codesign_lab/basic_integration/basic_integration.sdk/basic_integration/Debug/basic_integration.elf
configparams force-mem-access 0
----------------End of Script----------------

23:17:55 INFO  : Context for processor 'ps7_cortexa9_0' is selected.
23:17:55 INFO  : 'con' command is executed.
23:17:55 INFO  : ----------------XSDB Script (After Launch)----------------
targets -set -nocase -filter {name =~ "ARM*#0" && jtag_cable_name =~ "Digilent Zed 210248585406"} -index 0
con
----------------End of Script----------------

23:17:55 INFO  : Disconnected from the channel tcfchan#11.
23:19:26 INFO  : 'targets -set -filter {jtag_cable_name =~ "Digilent Zed 210248585406" && level==0} -index 1' command is executed.
23:19:26 INFO  : 'fpga -state' command is executed.
23:19:26 INFO  : Connected to target on host '127.0.0.1' and port '3121'.
23:19:27 INFO  : Jtag cable 'Digilent Zed 210248585406' is selected.
23:19:27 INFO  : 'jtag frequency' command is executed.
23:19:27 INFO  : Sourcing of '/home/justin/github/2018_fall_hardware_software_codesign_lab/basic_integration/basic_integration.sdk/design_1_wrapper_hw_platform_0/ps7_init.tcl' is done.
23:19:27 INFO  : Context for 'APU' is selected.
23:19:27 INFO  : Hardware design information is loaded from '/home/justin/github/2018_fall_hardware_software_codesign_lab/basic_integration/basic_integration.sdk/design_1_wrapper_hw_platform_0/system.hdf'.
23:19:27 INFO  : 'configparams force-mem-access 1' command is executed.
23:19:27 INFO  : Context for 'APU' is selected.
23:19:27 INFO  : 'stop' command is executed.
23:19:27 INFO  : 'ps7_init' command is executed.
23:19:27 INFO  : 'ps7_post_config' command is executed.
23:19:27 INFO  : Context for processor 'ps7_cortexa9_0' is selected.
23:19:27 INFO  : Processor reset is completed for 'ps7_cortexa9_0'.
23:19:27 INFO  : Context for processor 'ps7_cortexa9_0' is selected.
23:19:27 INFO  : The application '/home/justin/github/2018_fall_hardware_software_codesign_lab/basic_integration/basic_integration.sdk/basic_integration/Debug/basic_integration.elf' is downloaded to processor 'ps7_cortexa9_0'.
23:19:27 INFO  : 'configparams force-mem-access 0' command is executed.
23:19:27 INFO  : ----------------XSDB Script----------------
connect -url tcp:127.0.0.1:3121
source /home/justin/github/2018_fall_hardware_software_codesign_lab/basic_integration/basic_integration.sdk/design_1_wrapper_hw_platform_0/ps7_init.tcl
targets -set -nocase -filter {name =~"APU*" && jtag_cable_name =~ "Digilent Zed 210248585406"} -index 0
loadhw -hw /home/justin/github/2018_fall_hardware_software_codesign_lab/basic_integration/basic_integration.sdk/design_1_wrapper_hw_platform_0/system.hdf -mem-ranges [list {0x40000000 0xbfffffff}]
configparams force-mem-access 1
targets -set -nocase -filter {name =~"APU*" && jtag_cable_name =~ "Digilent Zed 210248585406"} -index 0
stop
ps7_init
ps7_post_config
targets -set -nocase -filter {name =~ "ARM*#0" && jtag_cable_name =~ "Digilent Zed 210248585406"} -index 0
rst -processor
targets -set -nocase -filter {name =~ "ARM*#0" && jtag_cable_name =~ "Digilent Zed 210248585406"} -index 0
dow /home/justin/github/2018_fall_hardware_software_codesign_lab/basic_integration/basic_integration.sdk/basic_integration/Debug/basic_integration.elf
configparams force-mem-access 0
----------------End of Script----------------

23:19:27 INFO  : Context for processor 'ps7_cortexa9_0' is selected.
23:19:27 INFO  : 'con' command is executed.
23:19:27 INFO  : ----------------XSDB Script (After Launch)----------------
targets -set -nocase -filter {name =~ "ARM*#0" && jtag_cable_name =~ "Digilent Zed 210248585406"} -index 0
con
----------------End of Script----------------

23:19:27 INFO  : Disconnected from the channel tcfchan#12.
23:19:48 INFO  : 'targets -set -filter {jtag_cable_name =~ "Digilent Zed 210248585406" && level==0} -index 1' command is executed.
23:19:48 INFO  : 'fpga -state' command is executed.
23:19:48 INFO  : Connected to target on host '127.0.0.1' and port '3121'.
23:19:48 INFO  : Jtag cable 'Digilent Zed 210248585406' is selected.
23:19:49 INFO  : 'jtag frequency' command is executed.
23:19:49 INFO  : Sourcing of '/home/justin/github/2018_fall_hardware_software_codesign_lab/basic_integration/basic_integration.sdk/design_1_wrapper_hw_platform_0/ps7_init.tcl' is done.
23:19:49 INFO  : Context for 'APU' is selected.
23:19:49 INFO  : Hardware design information is loaded from '/home/justin/github/2018_fall_hardware_software_codesign_lab/basic_integration/basic_integration.sdk/design_1_wrapper_hw_platform_0/system.hdf'.
23:19:49 INFO  : 'configparams force-mem-access 1' command is executed.
23:19:49 INFO  : Context for 'APU' is selected.
23:19:49 INFO  : 'stop' command is executed.
23:19:49 INFO  : 'ps7_init' command is executed.
23:19:49 INFO  : 'ps7_post_config' command is executed.
23:19:49 INFO  : Context for processor 'ps7_cortexa9_0' is selected.
23:19:49 INFO  : Processor reset is completed for 'ps7_cortexa9_0'.
23:19:49 INFO  : Context for processor 'ps7_cortexa9_0' is selected.
23:19:49 INFO  : The application '/home/justin/github/2018_fall_hardware_software_codesign_lab/basic_integration/basic_integration.sdk/basic_integration/Debug/basic_integration.elf' is downloaded to processor 'ps7_cortexa9_0'.
23:19:49 INFO  : 'configparams force-mem-access 0' command is executed.
23:19:49 INFO  : ----------------XSDB Script----------------
connect -url tcp:127.0.0.1:3121
source /home/justin/github/2018_fall_hardware_software_codesign_lab/basic_integration/basic_integration.sdk/design_1_wrapper_hw_platform_0/ps7_init.tcl
targets -set -nocase -filter {name =~"APU*" && jtag_cable_name =~ "Digilent Zed 210248585406"} -index 0
loadhw -hw /home/justin/github/2018_fall_hardware_software_codesign_lab/basic_integration/basic_integration.sdk/design_1_wrapper_hw_platform_0/system.hdf -mem-ranges [list {0x40000000 0xbfffffff}]
configparams force-mem-access 1
targets -set -nocase -filter {name =~"APU*" && jtag_cable_name =~ "Digilent Zed 210248585406"} -index 0
stop
ps7_init
ps7_post_config
targets -set -nocase -filter {name =~ "ARM*#0" && jtag_cable_name =~ "Digilent Zed 210248585406"} -index 0
rst -processor
targets -set -nocase -filter {name =~ "ARM*#0" && jtag_cable_name =~ "Digilent Zed 210248585406"} -index 0
dow /home/justin/github/2018_fall_hardware_software_codesign_lab/basic_integration/basic_integration.sdk/basic_integration/Debug/basic_integration.elf
configparams force-mem-access 0
----------------End of Script----------------

23:19:49 INFO  : Context for processor 'ps7_cortexa9_0' is selected.
23:19:49 INFO  : 'con' command is executed.
23:19:49 INFO  : ----------------XSDB Script (After Launch)----------------
targets -set -nocase -filter {name =~ "ARM*#0" && jtag_cable_name =~ "Digilent Zed 210248585406"} -index 0
con
----------------End of Script----------------

23:19:49 INFO  : Disconnected from the channel tcfchan#13.
23:20:11 INFO  : 'targets -set -filter {jtag_cable_name =~ "Digilent Zed 210248585406" && level==0} -index 1' command is executed.
23:20:11 INFO  : 'fpga -state' command is executed.
23:20:11 INFO  : Connected to target on host '127.0.0.1' and port '3121'.
23:20:12 INFO  : Jtag cable 'Digilent Zed 210248585406' is selected.
23:20:12 INFO  : 'jtag frequency' command is executed.
23:20:12 INFO  : Sourcing of '/home/justin/github/2018_fall_hardware_software_codesign_lab/basic_integration/basic_integration.sdk/design_1_wrapper_hw_platform_0/ps7_init.tcl' is done.
23:20:12 INFO  : Context for 'APU' is selected.
23:20:12 INFO  : Hardware design information is loaded from '/home/justin/github/2018_fall_hardware_software_codesign_lab/basic_integration/basic_integration.sdk/design_1_wrapper_hw_platform_0/system.hdf'.
23:20:12 INFO  : 'configparams force-mem-access 1' command is executed.
23:20:12 INFO  : Context for 'APU' is selected.
23:20:12 INFO  : 'stop' command is executed.
23:20:12 INFO  : 'ps7_init' command is executed.
23:20:12 INFO  : 'ps7_post_config' command is executed.
23:20:12 INFO  : Context for processor 'ps7_cortexa9_0' is selected.
23:20:12 INFO  : Processor reset is completed for 'ps7_cortexa9_0'.
23:20:12 INFO  : Context for processor 'ps7_cortexa9_0' is selected.
23:20:12 INFO  : The application '/home/justin/github/2018_fall_hardware_software_codesign_lab/basic_integration/basic_integration.sdk/basic_integration/Debug/basic_integration.elf' is downloaded to processor 'ps7_cortexa9_0'.
23:20:12 INFO  : 'configparams force-mem-access 0' command is executed.
23:20:12 INFO  : ----------------XSDB Script----------------
connect -url tcp:127.0.0.1:3121
source /home/justin/github/2018_fall_hardware_software_codesign_lab/basic_integration/basic_integration.sdk/design_1_wrapper_hw_platform_0/ps7_init.tcl
targets -set -nocase -filter {name =~"APU*" && jtag_cable_name =~ "Digilent Zed 210248585406"} -index 0
loadhw -hw /home/justin/github/2018_fall_hardware_software_codesign_lab/basic_integration/basic_integration.sdk/design_1_wrapper_hw_platform_0/system.hdf -mem-ranges [list {0x40000000 0xbfffffff}]
configparams force-mem-access 1
targets -set -nocase -filter {name =~"APU*" && jtag_cable_name =~ "Digilent Zed 210248585406"} -index 0
stop
ps7_init
ps7_post_config
targets -set -nocase -filter {name =~ "ARM*#0" && jtag_cable_name =~ "Digilent Zed 210248585406"} -index 0
rst -processor
targets -set -nocase -filter {name =~ "ARM*#0" && jtag_cable_name =~ "Digilent Zed 210248585406"} -index 0
dow /home/justin/github/2018_fall_hardware_software_codesign_lab/basic_integration/basic_integration.sdk/basic_integration/Debug/basic_integration.elf
configparams force-mem-access 0
----------------End of Script----------------

23:20:12 INFO  : Context for processor 'ps7_cortexa9_0' is selected.
23:20:12 INFO  : 'con' command is executed.
23:20:12 INFO  : ----------------XSDB Script (After Launch)----------------
targets -set -nocase -filter {name =~ "ARM*#0" && jtag_cable_name =~ "Digilent Zed 210248585406"} -index 0
con
----------------End of Script----------------

23:20:12 INFO  : Disconnected from the channel tcfchan#14.
23:20:56 INFO  : 'targets -set -filter {jtag_cable_name =~ "Digilent Zed 210248585406" && level==0} -index 1' command is executed.
23:20:56 INFO  : 'fpga -state' command is executed.
23:20:56 INFO  : Connected to target on host '127.0.0.1' and port '3121'.
23:20:56 INFO  : Jtag cable 'Digilent Zed 210248585406' is selected.
23:20:56 INFO  : 'jtag frequency' command is executed.
23:20:56 INFO  : Sourcing of '/home/justin/github/2018_fall_hardware_software_codesign_lab/basic_integration/basic_integration.sdk/design_1_wrapper_hw_platform_0/ps7_init.tcl' is done.
23:20:56 INFO  : Context for 'APU' is selected.
23:20:56 INFO  : Hardware design information is loaded from '/home/justin/github/2018_fall_hardware_software_codesign_lab/basic_integration/basic_integration.sdk/design_1_wrapper_hw_platform_0/system.hdf'.
23:20:56 INFO  : 'configparams force-mem-access 1' command is executed.
23:20:56 INFO  : Context for 'APU' is selected.
23:20:56 INFO  : 'stop' command is executed.
23:20:56 INFO  : 'ps7_init' command is executed.
23:20:56 INFO  : 'ps7_post_config' command is executed.
23:20:56 INFO  : Context for processor 'ps7_cortexa9_0' is selected.
23:20:56 INFO  : Processor reset is completed for 'ps7_cortexa9_0'.
23:20:56 INFO  : Context for processor 'ps7_cortexa9_0' is selected.
23:20:57 INFO  : The application '/home/justin/github/2018_fall_hardware_software_codesign_lab/basic_integration/basic_integration.sdk/basic_integration/Debug/basic_integration.elf' is downloaded to processor 'ps7_cortexa9_0'.
23:20:57 INFO  : 'configparams force-mem-access 0' command is executed.
23:20:57 INFO  : ----------------XSDB Script----------------
connect -url tcp:127.0.0.1:3121
source /home/justin/github/2018_fall_hardware_software_codesign_lab/basic_integration/basic_integration.sdk/design_1_wrapper_hw_platform_0/ps7_init.tcl
targets -set -nocase -filter {name =~"APU*" && jtag_cable_name =~ "Digilent Zed 210248585406"} -index 0
loadhw -hw /home/justin/github/2018_fall_hardware_software_codesign_lab/basic_integration/basic_integration.sdk/design_1_wrapper_hw_platform_0/system.hdf -mem-ranges [list {0x40000000 0xbfffffff}]
configparams force-mem-access 1
targets -set -nocase -filter {name =~"APU*" && jtag_cable_name =~ "Digilent Zed 210248585406"} -index 0
stop
ps7_init
ps7_post_config
targets -set -nocase -filter {name =~ "ARM*#0" && jtag_cable_name =~ "Digilent Zed 210248585406"} -index 0
rst -processor
targets -set -nocase -filter {name =~ "ARM*#0" && jtag_cable_name =~ "Digilent Zed 210248585406"} -index 0
dow /home/justin/github/2018_fall_hardware_software_codesign_lab/basic_integration/basic_integration.sdk/basic_integration/Debug/basic_integration.elf
configparams force-mem-access 0
----------------End of Script----------------

23:20:57 INFO  : Context for processor 'ps7_cortexa9_0' is selected.
23:20:57 INFO  : 'con' command is executed.
23:20:57 INFO  : ----------------XSDB Script (After Launch)----------------
targets -set -nocase -filter {name =~ "ARM*#0" && jtag_cable_name =~ "Digilent Zed 210248585406"} -index 0
con
----------------End of Script----------------

23:20:57 INFO  : Disconnected from the channel tcfchan#15.
23:21:24 INFO  : Connected to target on host '127.0.0.1' and port '3121'.
23:21:24 INFO  : 'targets -set -filter {jtag_cable_name =~ "Digilent Zed 210248585406" && level==0} -index 1' command is executed.
23:21:27 INFO  : FPGA configured successfully with bitstream "/home/justin/github/2018_fall_hardware_software_codesign_lab/basic_integration/basic_integration.sdk/design_1_wrapper_hw_platform_0/design_1_wrapper.bit"
23:21:41 INFO  : 'targets -set -filter {jtag_cable_name =~ "Digilent Zed 210248585406" && level==0} -index 1' command is executed.
23:21:41 INFO  : 'fpga -state' command is executed.
23:21:41 INFO  : Connected to target on host '127.0.0.1' and port '3121'.
23:21:41 INFO  : Jtag cable 'Digilent Zed 210248585406' is selected.
23:21:41 INFO  : 'jtag frequency' command is executed.
23:21:41 INFO  : Sourcing of '/home/justin/github/2018_fall_hardware_software_codesign_lab/basic_integration/basic_integration.sdk/design_1_wrapper_hw_platform_0/ps7_init.tcl' is done.
23:21:41 INFO  : Context for 'APU' is selected.
23:21:41 INFO  : Hardware design information is loaded from '/home/justin/github/2018_fall_hardware_software_codesign_lab/basic_integration/basic_integration.sdk/design_1_wrapper_hw_platform_0/system.hdf'.
23:21:41 INFO  : 'configparams force-mem-access 1' command is executed.
23:21:41 INFO  : Context for 'APU' is selected.
23:21:41 INFO  : 'stop' command is executed.
23:21:41 INFO  : 'ps7_init' command is executed.
23:21:41 INFO  : 'ps7_post_config' command is executed.
23:21:41 INFO  : Context for processor 'ps7_cortexa9_0' is selected.
23:21:41 INFO  : Processor reset is completed for 'ps7_cortexa9_0'.
23:21:41 INFO  : Context for processor 'ps7_cortexa9_0' is selected.
23:21:41 INFO  : The application '/home/justin/github/2018_fall_hardware_software_codesign_lab/basic_integration/basic_integration.sdk/basic_integration/Debug/basic_integration.elf' is downloaded to processor 'ps7_cortexa9_0'.
23:21:41 INFO  : 'configparams force-mem-access 0' command is executed.
23:21:41 INFO  : ----------------XSDB Script----------------
connect -url tcp:127.0.0.1:3121
source /home/justin/github/2018_fall_hardware_software_codesign_lab/basic_integration/basic_integration.sdk/design_1_wrapper_hw_platform_0/ps7_init.tcl
targets -set -nocase -filter {name =~"APU*" && jtag_cable_name =~ "Digilent Zed 210248585406"} -index 0
loadhw -hw /home/justin/github/2018_fall_hardware_software_codesign_lab/basic_integration/basic_integration.sdk/design_1_wrapper_hw_platform_0/system.hdf -mem-ranges [list {0x40000000 0xbfffffff}]
configparams force-mem-access 1
targets -set -nocase -filter {name =~"APU*" && jtag_cable_name =~ "Digilent Zed 210248585406"} -index 0
stop
ps7_init
ps7_post_config
targets -set -nocase -filter {name =~ "ARM*#0" && jtag_cable_name =~ "Digilent Zed 210248585406"} -index 0
rst -processor
targets -set -nocase -filter {name =~ "ARM*#0" && jtag_cable_name =~ "Digilent Zed 210248585406"} -index 0
dow /home/justin/github/2018_fall_hardware_software_codesign_lab/basic_integration/basic_integration.sdk/basic_integration/Debug/basic_integration.elf
configparams force-mem-access 0
----------------End of Script----------------

23:21:41 INFO  : Context for processor 'ps7_cortexa9_0' is selected.
23:21:41 INFO  : 'con' command is executed.
23:21:41 INFO  : ----------------XSDB Script (After Launch)----------------
targets -set -nocase -filter {name =~ "ARM*#0" && jtag_cable_name =~ "Digilent Zed 210248585406"} -index 0
con
----------------End of Script----------------

23:21:41 INFO  : Disconnected from the channel tcfchan#16.
23:22:21 INFO  : 'targets -set -filter {jtag_cable_name =~ "Digilent Zed 210248585406" && level==0} -index 1' command is executed.
23:22:21 INFO  : 'fpga -state' command is executed.
23:22:21 INFO  : Connected to target on host '127.0.0.1' and port '3121'.
23:22:21 INFO  : Jtag cable 'Digilent Zed 210248585406' is selected.
23:22:21 INFO  : 'jtag frequency' command is executed.
23:22:21 INFO  : Sourcing of '/home/justin/github/2018_fall_hardware_software_codesign_lab/basic_integration/basic_integration.sdk/design_1_wrapper_hw_platform_0/ps7_init.tcl' is done.
23:22:21 INFO  : Context for 'APU' is selected.
23:22:21 INFO  : Hardware design information is loaded from '/home/justin/github/2018_fall_hardware_software_codesign_lab/basic_integration/basic_integration.sdk/design_1_wrapper_hw_platform_0/system.hdf'.
23:22:21 INFO  : 'configparams force-mem-access 1' command is executed.
23:22:21 INFO  : Context for 'APU' is selected.
23:22:21 INFO  : 'stop' command is executed.
23:22:21 INFO  : 'ps7_init' command is executed.
23:22:21 INFO  : 'ps7_post_config' command is executed.
23:22:21 INFO  : Context for processor 'ps7_cortexa9_0' is selected.
23:22:21 INFO  : Processor reset is completed for 'ps7_cortexa9_0'.
23:22:21 INFO  : Context for processor 'ps7_cortexa9_0' is selected.
23:22:22 INFO  : The application '/home/justin/github/2018_fall_hardware_software_codesign_lab/basic_integration/basic_integration.sdk/basic_integration/Debug/basic_integration.elf' is downloaded to processor 'ps7_cortexa9_0'.
23:22:22 INFO  : 'configparams force-mem-access 0' command is executed.
23:22:22 INFO  : ----------------XSDB Script----------------
connect -url tcp:127.0.0.1:3121
source /home/justin/github/2018_fall_hardware_software_codesign_lab/basic_integration/basic_integration.sdk/design_1_wrapper_hw_platform_0/ps7_init.tcl
targets -set -nocase -filter {name =~"APU*" && jtag_cable_name =~ "Digilent Zed 210248585406"} -index 0
loadhw -hw /home/justin/github/2018_fall_hardware_software_codesign_lab/basic_integration/basic_integration.sdk/design_1_wrapper_hw_platform_0/system.hdf -mem-ranges [list {0x40000000 0xbfffffff}]
configparams force-mem-access 1
targets -set -nocase -filter {name =~"APU*" && jtag_cable_name =~ "Digilent Zed 210248585406"} -index 0
stop
ps7_init
ps7_post_config
targets -set -nocase -filter {name =~ "ARM*#0" && jtag_cable_name =~ "Digilent Zed 210248585406"} -index 0
rst -processor
targets -set -nocase -filter {name =~ "ARM*#0" && jtag_cable_name =~ "Digilent Zed 210248585406"} -index 0
dow /home/justin/github/2018_fall_hardware_software_codesign_lab/basic_integration/basic_integration.sdk/basic_integration/Debug/basic_integration.elf
configparams force-mem-access 0
----------------End of Script----------------

23:22:22 INFO  : Context for processor 'ps7_cortexa9_0' is selected.
23:22:22 INFO  : 'con' command is executed.
23:22:22 INFO  : ----------------XSDB Script (After Launch)----------------
targets -set -nocase -filter {name =~ "ARM*#0" && jtag_cable_name =~ "Digilent Zed 210248585406"} -index 0
con
----------------End of Script----------------

23:22:22 INFO  : Disconnected from the channel tcfchan#17.
23:25:54 INFO  : 'targets -set -filter {jtag_cable_name =~ "Digilent Zed 210248585406" && level==0} -index 1' command is executed.
23:25:54 INFO  : 'fpga -state' command is executed.
23:25:54 INFO  : Connected to target on host '127.0.0.1' and port '3121'.
23:25:54 INFO  : Jtag cable 'Digilent Zed 210248585406' is selected.
23:25:54 INFO  : 'jtag frequency' command is executed.
23:25:54 INFO  : Sourcing of '/home/justin/github/2018_fall_hardware_software_codesign_lab/basic_integration/basic_integration.sdk/design_1_wrapper_hw_platform_0/ps7_init.tcl' is done.
23:25:54 INFO  : Context for 'APU' is selected.
23:25:54 INFO  : Hardware design information is loaded from '/home/justin/github/2018_fall_hardware_software_codesign_lab/basic_integration/basic_integration.sdk/design_1_wrapper_hw_platform_0/system.hdf'.
23:25:54 INFO  : 'configparams force-mem-access 1' command is executed.
23:25:54 INFO  : Context for 'APU' is selected.
23:25:54 INFO  : 'stop' command is executed.
23:25:54 INFO  : 'ps7_init' command is executed.
23:25:54 INFO  : 'ps7_post_config' command is executed.
23:25:54 INFO  : Context for processor 'ps7_cortexa9_0' is selected.
23:25:54 INFO  : Processor reset is completed for 'ps7_cortexa9_0'.
23:25:54 INFO  : Context for processor 'ps7_cortexa9_0' is selected.
23:25:55 INFO  : The application '/home/justin/github/2018_fall_hardware_software_codesign_lab/basic_integration/basic_integration.sdk/basic_integration/Debug/basic_integration.elf' is downloaded to processor 'ps7_cortexa9_0'.
23:25:55 INFO  : 'configparams force-mem-access 0' command is executed.
23:25:55 INFO  : ----------------XSDB Script----------------
connect -url tcp:127.0.0.1:3121
source /home/justin/github/2018_fall_hardware_software_codesign_lab/basic_integration/basic_integration.sdk/design_1_wrapper_hw_platform_0/ps7_init.tcl
targets -set -nocase -filter {name =~"APU*" && jtag_cable_name =~ "Digilent Zed 210248585406"} -index 0
loadhw -hw /home/justin/github/2018_fall_hardware_software_codesign_lab/basic_integration/basic_integration.sdk/design_1_wrapper_hw_platform_0/system.hdf -mem-ranges [list {0x40000000 0xbfffffff}]
configparams force-mem-access 1
targets -set -nocase -filter {name =~"APU*" && jtag_cable_name =~ "Digilent Zed 210248585406"} -index 0
stop
ps7_init
ps7_post_config
targets -set -nocase -filter {name =~ "ARM*#0" && jtag_cable_name =~ "Digilent Zed 210248585406"} -index 0
rst -processor
targets -set -nocase -filter {name =~ "ARM*#0" && jtag_cable_name =~ "Digilent Zed 210248585406"} -index 0
dow /home/justin/github/2018_fall_hardware_software_codesign_lab/basic_integration/basic_integration.sdk/basic_integration/Debug/basic_integration.elf
configparams force-mem-access 0
----------------End of Script----------------

23:25:55 INFO  : Context for processor 'ps7_cortexa9_0' is selected.
23:25:55 INFO  : 'con' command is executed.
23:25:55 INFO  : ----------------XSDB Script (After Launch)----------------
targets -set -nocase -filter {name =~ "ARM*#0" && jtag_cable_name =~ "Digilent Zed 210248585406"} -index 0
con
----------------End of Script----------------

23:25:55 INFO  : Disconnected from the channel tcfchan#18.
23:26:32 INFO  : 'targets -set -filter {jtag_cable_name =~ "Digilent Zed 210248585406" && level==0} -index 1' command is executed.
23:26:32 INFO  : 'fpga -state' command is executed.
23:26:32 INFO  : Connected to target on host '127.0.0.1' and port '3121'.
23:26:32 INFO  : Jtag cable 'Digilent Zed 210248585406' is selected.
23:26:32 INFO  : 'jtag frequency' command is executed.
23:26:32 INFO  : Sourcing of '/home/justin/github/2018_fall_hardware_software_codesign_lab/basic_integration/basic_integration.sdk/design_1_wrapper_hw_platform_0/ps7_init.tcl' is done.
23:26:32 INFO  : Context for 'APU' is selected.
23:26:32 INFO  : Hardware design information is loaded from '/home/justin/github/2018_fall_hardware_software_codesign_lab/basic_integration/basic_integration.sdk/design_1_wrapper_hw_platform_0/system.hdf'.
23:26:32 INFO  : 'configparams force-mem-access 1' command is executed.
23:26:32 INFO  : Context for 'APU' is selected.
23:26:32 INFO  : 'stop' command is executed.
23:26:32 INFO  : 'ps7_init' command is executed.
23:26:32 INFO  : 'ps7_post_config' command is executed.
23:26:32 INFO  : Context for processor 'ps7_cortexa9_0' is selected.
23:26:32 INFO  : Processor reset is completed for 'ps7_cortexa9_0'.
23:26:32 INFO  : Context for processor 'ps7_cortexa9_0' is selected.
23:26:33 INFO  : The application '/home/justin/github/2018_fall_hardware_software_codesign_lab/basic_integration/basic_integration.sdk/basic_integration/Debug/basic_integration.elf' is downloaded to processor 'ps7_cortexa9_0'.
23:26:33 INFO  : 'configparams force-mem-access 0' command is executed.
23:26:33 INFO  : ----------------XSDB Script----------------
connect -url tcp:127.0.0.1:3121
source /home/justin/github/2018_fall_hardware_software_codesign_lab/basic_integration/basic_integration.sdk/design_1_wrapper_hw_platform_0/ps7_init.tcl
targets -set -nocase -filter {name =~"APU*" && jtag_cable_name =~ "Digilent Zed 210248585406"} -index 0
loadhw -hw /home/justin/github/2018_fall_hardware_software_codesign_lab/basic_integration/basic_integration.sdk/design_1_wrapper_hw_platform_0/system.hdf -mem-ranges [list {0x40000000 0xbfffffff}]
configparams force-mem-access 1
targets -set -nocase -filter {name =~"APU*" && jtag_cable_name =~ "Digilent Zed 210248585406"} -index 0
stop
ps7_init
ps7_post_config
targets -set -nocase -filter {name =~ "ARM*#0" && jtag_cable_name =~ "Digilent Zed 210248585406"} -index 0
rst -processor
targets -set -nocase -filter {name =~ "ARM*#0" && jtag_cable_name =~ "Digilent Zed 210248585406"} -index 0
dow /home/justin/github/2018_fall_hardware_software_codesign_lab/basic_integration/basic_integration.sdk/basic_integration/Debug/basic_integration.elf
configparams force-mem-access 0
----------------End of Script----------------

23:26:33 INFO  : Context for processor 'ps7_cortexa9_0' is selected.
23:26:33 INFO  : 'con' command is executed.
23:26:33 INFO  : ----------------XSDB Script (After Launch)----------------
targets -set -nocase -filter {name =~ "ARM*#0" && jtag_cable_name =~ "Digilent Zed 210248585406"} -index 0
con
----------------End of Script----------------

23:26:33 INFO  : Disconnected from the channel tcfchan#19.
08:28:00 INFO  : Registering command handlers for SDK TCF services
08:28:01 INFO  : Launching XSCT server: xsct -n -interactive /home/justin/github/2018_fall_hardware_software_codesign_lab/basic_integration/basic_integration.sdk/temp_xsdb_launch_script.tcl
08:28:03 INFO  : XSCT server has started successfully.
08:28:03 INFO  : Successfully done setting XSCT server connection channel  
08:28:03 INFO  : Successfully done setting SDK workspace  
08:28:03 INFO  : Processing command line option -hwspec /home/justin/github/2018_fall_hardware_software_codesign_lab/basic_integration/basic_integration.sdk/design_1_wrapper.hdf.
08:28:03 INFO  : Checking for hwspec changes in the project design_1_wrapper_hw_platform_0.
08:28:05 INFO  : SDK has detected change in the last modified timestamps for source hardware specification file Source:1545956837000,  Project:1545913564000
08:28:05 INFO  : The hardware specification for project 'design_1_wrapper_hw_platform_0' is different from /home/justin/github/2018_fall_hardware_software_codesign_lab/basic_integration/basic_integration.sdk/design_1_wrapper.hdf.
08:28:05 INFO  : Copied contents of /home/justin/github/2018_fall_hardware_software_codesign_lab/basic_integration/basic_integration.sdk/design_1_wrapper.hdf into /design_1_wrapper_hw_platform_0/system.hdf.
08:28:07 INFO  : Synchronizing projects in the workspace with the hardware platform specification changes.
08:28:08 INFO  : 
08:28:09 INFO  : Updating hardware inferred compiler options for basic_integration.
08:28:09 INFO  : Clearing existing target manager status.
08:56:35 INFO  : SDK has detected change in the last modified timestamps for source hardware specification file Source:1545958581000,  Project:1545956837000
08:56:35 INFO  : Project design_1_wrapper_hw_platform_0's source hardware specification located at /home/justin/github/2018_fall_hardware_software_codesign_lab/basic_integration/basic_integration.sdk/design_1_wrapper.hdf is now different from the local copy.
		 The local copy will be replaced with the source specification and your workspace will be updated.
08:57:11 INFO  : Copied contents of /home/justin/github/2018_fall_hardware_software_codesign_lab/basic_integration/basic_integration.sdk/design_1_wrapper.hdf into /design_1_wrapper_hw_platform_0/system.hdf.
08:57:13 INFO  : Synchronizing projects in the workspace with the hardware platform specification changes.
08:57:14 INFO  : 
08:57:15 INFO  : Updating hardware inferred compiler options for basic_integration.
08:57:15 INFO  : Clearing existing target manager status.
20:33:10 INFO  : Registering command handlers for SDK TCF services
20:33:11 INFO  : Launching XSCT server: xsct -n -interactive /home/justin/github/2018_fall_hardware_software_codesign_lab/basic_integration/basic_integration.sdk/temp_xsdb_launch_script.tcl
20:33:13 INFO  : XSCT server has started successfully.
20:33:13 INFO  : Successfully done setting XSCT server connection channel  
20:33:13 INFO  : Successfully done setting SDK workspace  
20:33:13 INFO  : Processing command line option -hwspec /home/justin/github/2018_fall_hardware_software_codesign_lab/basic_integration/basic_integration.sdk/design_1_wrapper.hdf.
20:33:13 INFO  : Checking for hwspec changes in the project design_1_wrapper_hw_platform_0.
20:33:15 INFO  : SDK has detected change in the last modified timestamps for source hardware specification file Source:1546518721000,  Project:1545958581000
20:33:15 INFO  : The hardware specification for project 'design_1_wrapper_hw_platform_0' is different from /home/justin/github/2018_fall_hardware_software_codesign_lab/basic_integration/basic_integration.sdk/design_1_wrapper.hdf.
20:33:15 INFO  : Copied contents of /home/justin/github/2018_fall_hardware_software_codesign_lab/basic_integration/basic_integration.sdk/design_1_wrapper.hdf into /design_1_wrapper_hw_platform_0/system.hdf.
20:33:17 INFO  : Synchronizing projects in the workspace with the hardware platform specification changes.
20:33:18 INFO  : 
20:33:19 INFO  : Updating hardware inferred compiler options for basic_integration.
20:33:33 INFO  : Clearing existing target manager status.
20:38:38 INFO  : Connected to target on host '127.0.0.1' and port '3121'.
20:39:04 INFO  : Connected to target on host '127.0.0.1' and port '3121'.
20:39:04 INFO  : 'targets -set -filter {jtag_cable_name =~ "Digilent Zed 210248585406" && level==0} -index 1' command is executed.
20:39:06 INFO  : FPGA configured successfully with bitstream "/home/justin/github/2018_fall_hardware_software_codesign_lab/basic_integration/basic_integration.sdk/design_1_wrapper_hw_platform_0/design_1_wrapper.bit"
20:39:17 INFO  : 'targets -set -filter {jtag_cable_name =~ "Digilent Zed 210248585406" && level==0} -index 1' command is executed.
20:39:17 INFO  : 'fpga -state' command is executed.
20:39:17 INFO  : Connected to target on host '127.0.0.1' and port '3121'.
20:39:17 INFO  : Jtag cable 'Digilent Zed 210248585406' is selected.
20:39:17 INFO  : 'jtag frequency' command is executed.
20:39:17 INFO  : Sourcing of '/home/justin/github/2018_fall_hardware_software_codesign_lab/basic_integration/basic_integration.sdk/design_1_wrapper_hw_platform_0/ps7_init.tcl' is done.
20:39:17 INFO  : Context for 'APU' is selected.
20:39:17 INFO  : Hardware design information is loaded from '/home/justin/github/2018_fall_hardware_software_codesign_lab/basic_integration/basic_integration.sdk/design_1_wrapper_hw_platform_0/system.hdf'.
20:39:18 INFO  : 'configparams force-mem-access 1' command is executed.
20:39:18 INFO  : Context for 'APU' is selected.
20:39:18 INFO  : 'stop' command is executed.
20:39:18 INFO  : 'ps7_init' command is executed.
20:39:18 INFO  : 'ps7_post_config' command is executed.
20:39:18 INFO  : Context for processor 'ps7_cortexa9_0' is selected.
20:39:18 INFO  : Processor reset is completed for 'ps7_cortexa9_0'.
20:39:18 INFO  : Context for processor 'ps7_cortexa9_0' is selected.
20:39:18 INFO  : The application '/home/justin/github/2018_fall_hardware_software_codesign_lab/basic_integration/basic_integration.sdk/basic_integration/Debug/basic_integration.elf' is downloaded to processor 'ps7_cortexa9_0'.
20:39:18 INFO  : 'configparams force-mem-access 0' command is executed.
20:39:18 INFO  : ----------------XSDB Script----------------
connect -url tcp:127.0.0.1:3121
source /home/justin/github/2018_fall_hardware_software_codesign_lab/basic_integration/basic_integration.sdk/design_1_wrapper_hw_platform_0/ps7_init.tcl
targets -set -nocase -filter {name =~"APU*" && jtag_cable_name =~ "Digilent Zed 210248585406"} -index 0
loadhw -hw /home/justin/github/2018_fall_hardware_software_codesign_lab/basic_integration/basic_integration.sdk/design_1_wrapper_hw_platform_0/system.hdf -mem-ranges [list {0x40000000 0xbfffffff}]
configparams force-mem-access 1
targets -set -nocase -filter {name =~"APU*" && jtag_cable_name =~ "Digilent Zed 210248585406"} -index 0
stop
ps7_init
ps7_post_config
targets -set -nocase -filter {name =~ "ARM*#0" && jtag_cable_name =~ "Digilent Zed 210248585406"} -index 0
rst -processor
targets -set -nocase -filter {name =~ "ARM*#0" && jtag_cable_name =~ "Digilent Zed 210248585406"} -index 0
dow /home/justin/github/2018_fall_hardware_software_codesign_lab/basic_integration/basic_integration.sdk/basic_integration/Debug/basic_integration.elf
configparams force-mem-access 0
----------------End of Script----------------

20:39:18 INFO  : Context for processor 'ps7_cortexa9_0' is selected.
20:39:18 INFO  : 'con' command is executed.
20:39:18 INFO  : ----------------XSDB Script (After Launch)----------------
targets -set -nocase -filter {name =~ "ARM*#0" && jtag_cable_name =~ "Digilent Zed 210248585406"} -index 0
con
----------------End of Script----------------

20:39:18 INFO  : Disconnected from the channel tcfchan#1.
20:40:30 INFO  : 'targets -set -filter {jtag_cable_name =~ "Digilent Zed 210248585406" && level==0} -index 1' command is executed.
20:40:30 INFO  : 'fpga -state' command is executed.
20:40:30 INFO  : Connected to target on host '127.0.0.1' and port '3121'.
20:40:30 INFO  : Jtag cable 'Digilent Zed 210248585406' is selected.
20:40:30 INFO  : 'jtag frequency' command is executed.
20:40:30 INFO  : Sourcing of '/home/justin/github/2018_fall_hardware_software_codesign_lab/basic_integration/basic_integration.sdk/design_1_wrapper_hw_platform_0/ps7_init.tcl' is done.
20:40:30 INFO  : Context for 'APU' is selected.
20:40:30 INFO  : Hardware design information is loaded from '/home/justin/github/2018_fall_hardware_software_codesign_lab/basic_integration/basic_integration.sdk/design_1_wrapper_hw_platform_0/system.hdf'.
20:40:30 INFO  : 'configparams force-mem-access 1' command is executed.
20:40:30 INFO  : Context for 'APU' is selected.
20:40:30 INFO  : 'stop' command is executed.
20:40:31 INFO  : 'ps7_init' command is executed.
20:40:31 INFO  : 'ps7_post_config' command is executed.
20:40:31 INFO  : Context for processor 'ps7_cortexa9_0' is selected.
20:40:31 INFO  : Processor reset is completed for 'ps7_cortexa9_0'.
20:40:31 INFO  : Context for processor 'ps7_cortexa9_0' is selected.
20:40:31 INFO  : The application '/home/justin/github/2018_fall_hardware_software_codesign_lab/basic_integration/basic_integration.sdk/basic_integration/Debug/basic_integration.elf' is downloaded to processor 'ps7_cortexa9_0'.
20:40:31 INFO  : 'configparams force-mem-access 0' command is executed.
20:40:31 INFO  : ----------------XSDB Script----------------
connect -url tcp:127.0.0.1:3121
source /home/justin/github/2018_fall_hardware_software_codesign_lab/basic_integration/basic_integration.sdk/design_1_wrapper_hw_platform_0/ps7_init.tcl
targets -set -nocase -filter {name =~"APU*" && jtag_cable_name =~ "Digilent Zed 210248585406"} -index 0
loadhw -hw /home/justin/github/2018_fall_hardware_software_codesign_lab/basic_integration/basic_integration.sdk/design_1_wrapper_hw_platform_0/system.hdf -mem-ranges [list {0x40000000 0xbfffffff}]
configparams force-mem-access 1
targets -set -nocase -filter {name =~"APU*" && jtag_cable_name =~ "Digilent Zed 210248585406"} -index 0
stop
ps7_init
ps7_post_config
targets -set -nocase -filter {name =~ "ARM*#0" && jtag_cable_name =~ "Digilent Zed 210248585406"} -index 0
rst -processor
targets -set -nocase -filter {name =~ "ARM*#0" && jtag_cable_name =~ "Digilent Zed 210248585406"} -index 0
dow /home/justin/github/2018_fall_hardware_software_codesign_lab/basic_integration/basic_integration.sdk/basic_integration/Debug/basic_integration.elf
configparams force-mem-access 0
----------------End of Script----------------

20:40:31 INFO  : Context for processor 'ps7_cortexa9_0' is selected.
20:40:31 INFO  : 'con' command is executed.
20:40:31 INFO  : ----------------XSDB Script (After Launch)----------------
targets -set -nocase -filter {name =~ "ARM*#0" && jtag_cable_name =~ "Digilent Zed 210248585406"} -index 0
con
----------------End of Script----------------

20:40:31 INFO  : Disconnected from the channel tcfchan#2.
