14:15:32 INFO  : Registering command handlers for SDK TCF services
14:15:32 INFO  : Launching XSCT server: xsct -n -interactive /home/justin/github/2018_fall_hardware_software_codesign_lab/arm-uart/arm-uart.sdk/temp_xsdb_launch_script.tcl
14:15:35 INFO  : XSCT server has started successfully.
14:15:35 INFO  : Successfully done setting XSCT server connection channel  
14:15:35 INFO  : Successfully done setting SDK workspace  
14:15:35 INFO  : Processing command line option -hwspec /home/justin/github/2018_fall_hardware_software_codesign_lab/arm-uart/arm-uart.sdk/design_1_wrapper.hdf.
14:22:07 INFO  : Saving repository preferences.
14:22:07 INFO  : Reading in cores from local repositories: 
		 /home/justin/github/2018_fall_hardware_software_codesign_lab/arm-uart/arm-uart.srcs
14:22:07 INFO  : Cleaning BSP projects in the workspace.
14:25:25 INFO  : Connected to target on host '127.0.0.1' and port '3121'.
14:25:26 INFO  : 'targets -set -filter {jtag_cable_name =~ "Digilent Zed 210248585406" && level==0} -index 1' command is executed.
14:25:28 INFO  : FPGA configured successfully with bitstream "/home/justin/github/2018_fall_hardware_software_codesign_lab/arm-uart/arm-uart.sdk/design_1_wrapper_hw_platform_0/design_1_wrapper.bit"
14:29:38 INFO  : 'targets -set -filter {jtag_cable_name =~ "Digilent Zed 210248585406" && level==0} -index 1' command is executed.
14:29:38 INFO  : 'fpga -state' command is executed.
14:29:38 INFO  : Connected to target on host '127.0.0.1' and port '3121'.
14:29:38 INFO  : Jtag cable 'Digilent Zed 210248585406' is selected.
14:29:38 INFO  : 'jtag frequency' command is executed.
14:29:38 INFO  : Sourcing of '/home/justin/github/2018_fall_hardware_software_codesign_lab/arm-uart/arm-uart.sdk/design_1_wrapper_hw_platform_0/ps7_init.tcl' is done.
14:29:38 INFO  : Context for 'APU' is selected.
14:29:38 INFO  : Hardware design information is loaded from '/home/justin/github/2018_fall_hardware_software_codesign_lab/arm-uart/arm-uart.sdk/design_1_wrapper_hw_platform_0/system.hdf'.
14:29:38 INFO  : 'configparams force-mem-access 1' command is executed.
14:29:38 INFO  : Context for 'APU' is selected.
14:29:38 INFO  : 'stop' command is executed.
14:29:38 INFO  : 'ps7_init' command is executed.
14:29:38 INFO  : 'ps7_post_config' command is executed.
14:29:38 INFO  : Context for processor 'ps7_cortexa9_0' is selected.
14:29:38 INFO  : Processor reset is completed for 'ps7_cortexa9_0'.
14:29:38 INFO  : Context for processor 'ps7_cortexa9_0' is selected.
14:29:39 INFO  : The application '/home/justin/github/2018_fall_hardware_software_codesign_lab/arm-uart/arm-uart.sdk/input_output/Debug/input_output.elf' is downloaded to processor 'ps7_cortexa9_0'.
14:29:39 INFO  : 'configparams force-mem-access 0' command is executed.
14:29:39 INFO  : ----------------XSDB Script----------------
connect -url tcp:127.0.0.1:3121
source /home/justin/github/2018_fall_hardware_software_codesign_lab/arm-uart/arm-uart.sdk/design_1_wrapper_hw_platform_0/ps7_init.tcl
targets -set -nocase -filter {name =~"APU*" && jtag_cable_name =~ "Digilent Zed 210248585406"} -index 0
loadhw -hw /home/justin/github/2018_fall_hardware_software_codesign_lab/arm-uart/arm-uart.sdk/design_1_wrapper_hw_platform_0/system.hdf -mem-ranges [list {0x40000000 0xbfffffff}]
configparams force-mem-access 1
targets -set -nocase -filter {name =~"APU*" && jtag_cable_name =~ "Digilent Zed 210248585406"} -index 0
stop
ps7_init
ps7_post_config
targets -set -nocase -filter {name =~ "ARM*#0" && jtag_cable_name =~ "Digilent Zed 210248585406"} -index 0
rst -processor
targets -set -nocase -filter {name =~ "ARM*#0" && jtag_cable_name =~ "Digilent Zed 210248585406"} -index 0
dow /home/justin/github/2018_fall_hardware_software_codesign_lab/arm-uart/arm-uart.sdk/input_output/Debug/input_output.elf
configparams force-mem-access 0
----------------End of Script----------------

14:29:39 INFO  : Context for processor 'ps7_cortexa9_0' is selected.
14:29:39 INFO  : 'con' command is executed.
14:29:39 INFO  : ----------------XSDB Script (After Launch)----------------
targets -set -nocase -filter {name =~ "ARM*#0" && jtag_cable_name =~ "Digilent Zed 210248585406"} -index 0
con
----------------End of Script----------------

14:29:39 INFO  : Disconnected from the channel tcfchan#1.
14:31:29 INFO  : 'targets -set -filter {jtag_cable_name =~ "Digilent Zed 210248585406" && level==0} -index 1' command is executed.
14:31:29 INFO  : 'fpga -state' command is executed.
14:31:29 INFO  : Connected to target on host '127.0.0.1' and port '3121'.
14:31:30 INFO  : Jtag cable 'Digilent Zed 210248585406' is selected.
14:31:30 INFO  : 'jtag frequency' command is executed.
14:31:30 INFO  : Sourcing of '/home/justin/github/2018_fall_hardware_software_codesign_lab/arm-uart/arm-uart.sdk/design_1_wrapper_hw_platform_0/ps7_init.tcl' is done.
14:31:30 INFO  : Context for 'APU' is selected.
14:31:30 INFO  : Hardware design information is loaded from '/home/justin/github/2018_fall_hardware_software_codesign_lab/arm-uart/arm-uart.sdk/design_1_wrapper_hw_platform_0/system.hdf'.
14:31:30 INFO  : 'configparams force-mem-access 1' command is executed.
14:31:30 INFO  : Context for 'APU' is selected.
14:31:30 INFO  : 'stop' command is executed.
14:31:30 INFO  : 'ps7_init' command is executed.
14:31:30 INFO  : 'ps7_post_config' command is executed.
14:31:30 INFO  : Context for processor 'ps7_cortexa9_0' is selected.
14:31:30 INFO  : Processor reset is completed for 'ps7_cortexa9_0'.
14:31:30 INFO  : Context for processor 'ps7_cortexa9_0' is selected.
14:31:30 INFO  : The application '/home/justin/github/2018_fall_hardware_software_codesign_lab/arm-uart/arm-uart.sdk/input_output/Debug/input_output.elf' is downloaded to processor 'ps7_cortexa9_0'.
14:31:30 INFO  : 'configparams force-mem-access 0' command is executed.
14:31:30 INFO  : ----------------XSDB Script----------------
connect -url tcp:127.0.0.1:3121
source /home/justin/github/2018_fall_hardware_software_codesign_lab/arm-uart/arm-uart.sdk/design_1_wrapper_hw_platform_0/ps7_init.tcl
targets -set -nocase -filter {name =~"APU*" && jtag_cable_name =~ "Digilent Zed 210248585406"} -index 0
loadhw -hw /home/justin/github/2018_fall_hardware_software_codesign_lab/arm-uart/arm-uart.sdk/design_1_wrapper_hw_platform_0/system.hdf -mem-ranges [list {0x40000000 0xbfffffff}]
configparams force-mem-access 1
targets -set -nocase -filter {name =~"APU*" && jtag_cable_name =~ "Digilent Zed 210248585406"} -index 0
stop
ps7_init
ps7_post_config
targets -set -nocase -filter {name =~ "ARM*#0" && jtag_cable_name =~ "Digilent Zed 210248585406"} -index 0
rst -processor
targets -set -nocase -filter {name =~ "ARM*#0" && jtag_cable_name =~ "Digilent Zed 210248585406"} -index 0
dow /home/justin/github/2018_fall_hardware_software_codesign_lab/arm-uart/arm-uart.sdk/input_output/Debug/input_output.elf
configparams force-mem-access 0
----------------End of Script----------------

14:31:30 INFO  : Context for processor 'ps7_cortexa9_0' is selected.
14:31:30 INFO  : 'con' command is executed.
14:31:30 INFO  : ----------------XSDB Script (After Launch)----------------
targets -set -nocase -filter {name =~ "ARM*#0" && jtag_cable_name =~ "Digilent Zed 210248585406"} -index 0
con
----------------End of Script----------------

14:31:30 INFO  : Disconnected from the channel tcfchan#2.
14:33:39 INFO  : 'targets -set -filter {jtag_cable_name =~ "Digilent Zed 210248585406" && level==0} -index 1' command is executed.
14:33:39 INFO  : 'fpga -state' command is executed.
14:33:39 INFO  : Connected to target on host '127.0.0.1' and port '3121'.
14:33:39 INFO  : Jtag cable 'Digilent Zed 210248585406' is selected.
14:33:39 INFO  : 'jtag frequency' command is executed.
14:33:39 INFO  : Sourcing of '/home/justin/github/2018_fall_hardware_software_codesign_lab/arm-uart/arm-uart.sdk/design_1_wrapper_hw_platform_0/ps7_init.tcl' is done.
14:33:39 INFO  : Context for 'APU' is selected.
14:33:39 INFO  : Hardware design information is loaded from '/home/justin/github/2018_fall_hardware_software_codesign_lab/arm-uart/arm-uart.sdk/design_1_wrapper_hw_platform_0/system.hdf'.
14:33:39 INFO  : 'configparams force-mem-access 1' command is executed.
14:33:39 INFO  : Context for 'APU' is selected.
14:33:39 INFO  : 'stop' command is executed.
14:33:39 INFO  : 'ps7_init' command is executed.
14:33:39 INFO  : 'ps7_post_config' command is executed.
14:33:39 INFO  : Context for processor 'ps7_cortexa9_0' is selected.
14:33:39 INFO  : Processor reset is completed for 'ps7_cortexa9_0'.
14:33:39 INFO  : Context for processor 'ps7_cortexa9_0' is selected.
14:33:40 INFO  : The application '/home/justin/github/2018_fall_hardware_software_codesign_lab/arm-uart/arm-uart.sdk/input_data_priority/Debug/input_data_priority.elf' is downloaded to processor 'ps7_cortexa9_0'.
14:33:40 INFO  : 'configparams force-mem-access 0' command is executed.
14:33:40 INFO  : ----------------XSDB Script----------------
connect -url tcp:127.0.0.1:3121
source /home/justin/github/2018_fall_hardware_software_codesign_lab/arm-uart/arm-uart.sdk/design_1_wrapper_hw_platform_0/ps7_init.tcl
targets -set -nocase -filter {name =~"APU*" && jtag_cable_name =~ "Digilent Zed 210248585406"} -index 0
loadhw -hw /home/justin/github/2018_fall_hardware_software_codesign_lab/arm-uart/arm-uart.sdk/design_1_wrapper_hw_platform_0/system.hdf -mem-ranges [list {0x40000000 0xbfffffff}]
configparams force-mem-access 1
targets -set -nocase -filter {name =~"APU*" && jtag_cable_name =~ "Digilent Zed 210248585406"} -index 0
stop
ps7_init
ps7_post_config
targets -set -nocase -filter {name =~ "ARM*#0" && jtag_cable_name =~ "Digilent Zed 210248585406"} -index 0
rst -processor
targets -set -nocase -filter {name =~ "ARM*#0" && jtag_cable_name =~ "Digilent Zed 210248585406"} -index 0
dow /home/justin/github/2018_fall_hardware_software_codesign_lab/arm-uart/arm-uart.sdk/input_data_priority/Debug/input_data_priority.elf
configparams force-mem-access 0
----------------End of Script----------------

14:33:40 INFO  : Context for processor 'ps7_cortexa9_0' is selected.
14:33:40 INFO  : 'con' command is executed.
14:33:40 INFO  : ----------------XSDB Script (After Launch)----------------
targets -set -nocase -filter {name =~ "ARM*#0" && jtag_cable_name =~ "Digilent Zed 210248585406"} -index 0
con
----------------End of Script----------------

14:33:40 INFO  : Disconnected from the channel tcfchan#3.
14:37:46 INFO  : 'targets -set -filter {jtag_cable_name =~ "Digilent Zed 210248585406" && level==0} -index 1' command is executed.
14:37:46 INFO  : 'fpga -state' command is executed.
14:37:46 INFO  : Connected to target on host '127.0.0.1' and port '3121'.
14:37:46 INFO  : Jtag cable 'Digilent Zed 210248585406' is selected.
14:37:46 INFO  : 'jtag frequency' command is executed.
14:37:46 INFO  : Sourcing of '/home/justin/github/2018_fall_hardware_software_codesign_lab/arm-uart/arm-uart.sdk/design_1_wrapper_hw_platform_0/ps7_init.tcl' is done.
14:37:46 INFO  : Context for 'APU' is selected.
14:37:46 INFO  : Hardware design information is loaded from '/home/justin/github/2018_fall_hardware_software_codesign_lab/arm-uart/arm-uart.sdk/design_1_wrapper_hw_platform_0/system.hdf'.
14:37:46 INFO  : 'configparams force-mem-access 1' command is executed.
14:37:46 INFO  : Context for 'APU' is selected.
14:37:46 INFO  : 'stop' command is executed.
14:37:47 INFO  : 'ps7_init' command is executed.
14:37:47 INFO  : 'ps7_post_config' command is executed.
14:37:47 INFO  : Context for processor 'ps7_cortexa9_0' is selected.
14:37:47 INFO  : Processor reset is completed for 'ps7_cortexa9_0'.
14:37:47 INFO  : Context for processor 'ps7_cortexa9_0' is selected.
14:37:47 INFO  : The application '/home/justin/github/2018_fall_hardware_software_codesign_lab/arm-uart/arm-uart.sdk/input_data_priority/Debug/input_data_priority.elf' is downloaded to processor 'ps7_cortexa9_0'.
14:37:47 INFO  : 'configparams force-mem-access 0' command is executed.
14:37:47 INFO  : ----------------XSDB Script----------------
connect -url tcp:127.0.0.1:3121
source /home/justin/github/2018_fall_hardware_software_codesign_lab/arm-uart/arm-uart.sdk/design_1_wrapper_hw_platform_0/ps7_init.tcl
targets -set -nocase -filter {name =~"APU*" && jtag_cable_name =~ "Digilent Zed 210248585406"} -index 0
loadhw -hw /home/justin/github/2018_fall_hardware_software_codesign_lab/arm-uart/arm-uart.sdk/design_1_wrapper_hw_platform_0/system.hdf -mem-ranges [list {0x40000000 0xbfffffff}]
configparams force-mem-access 1
targets -set -nocase -filter {name =~"APU*" && jtag_cable_name =~ "Digilent Zed 210248585406"} -index 0
stop
ps7_init
ps7_post_config
targets -set -nocase -filter {name =~ "ARM*#0" && jtag_cable_name =~ "Digilent Zed 210248585406"} -index 0
rst -processor
targets -set -nocase -filter {name =~ "ARM*#0" && jtag_cable_name =~ "Digilent Zed 210248585406"} -index 0
dow /home/justin/github/2018_fall_hardware_software_codesign_lab/arm-uart/arm-uart.sdk/input_data_priority/Debug/input_data_priority.elf
configparams force-mem-access 0
----------------End of Script----------------

14:37:47 INFO  : Context for processor 'ps7_cortexa9_0' is selected.
14:37:47 INFO  : 'con' command is executed.
14:37:47 INFO  : ----------------XSDB Script (After Launch)----------------
targets -set -nocase -filter {name =~ "ARM*#0" && jtag_cable_name =~ "Digilent Zed 210248585406"} -index 0
con
----------------End of Script----------------

14:37:47 INFO  : Disconnected from the channel tcfchan#4.
14:41:35 INFO  : 'targets -set -filter {jtag_cable_name =~ "Digilent Zed 210248585406" && level==0} -index 1' command is executed.
14:41:35 INFO  : 'fpga -state' command is executed.
14:41:35 INFO  : Connected to target on host '127.0.0.1' and port '3121'.
14:41:36 INFO  : Jtag cable 'Digilent Zed 210248585406' is selected.
14:41:36 INFO  : 'jtag frequency' command is executed.
14:41:36 INFO  : Sourcing of '/home/justin/github/2018_fall_hardware_software_codesign_lab/arm-uart/arm-uart.sdk/design_1_wrapper_hw_platform_0/ps7_init.tcl' is done.
14:41:36 INFO  : Context for 'APU' is selected.
14:41:36 INFO  : Hardware design information is loaded from '/home/justin/github/2018_fall_hardware_software_codesign_lab/arm-uart/arm-uart.sdk/design_1_wrapper_hw_platform_0/system.hdf'.
14:41:36 INFO  : 'configparams force-mem-access 1' command is executed.
14:41:36 INFO  : Context for 'APU' is selected.
14:41:36 INFO  : 'stop' command is executed.
14:41:36 INFO  : 'ps7_init' command is executed.
14:41:36 INFO  : 'ps7_post_config' command is executed.
14:41:36 INFO  : Context for processor 'ps7_cortexa9_0' is selected.
14:41:36 INFO  : Processor reset is completed for 'ps7_cortexa9_0'.
14:41:36 INFO  : Context for processor 'ps7_cortexa9_0' is selected.
14:41:36 INFO  : The application '/home/justin/github/2018_fall_hardware_software_codesign_lab/arm-uart/arm-uart.sdk/input_data_priority/Debug/input_data_priority.elf' is downloaded to processor 'ps7_cortexa9_0'.
14:41:36 INFO  : 'configparams force-mem-access 0' command is executed.
14:41:36 INFO  : ----------------XSDB Script----------------
connect -url tcp:127.0.0.1:3121
source /home/justin/github/2018_fall_hardware_software_codesign_lab/arm-uart/arm-uart.sdk/design_1_wrapper_hw_platform_0/ps7_init.tcl
targets -set -nocase -filter {name =~"APU*" && jtag_cable_name =~ "Digilent Zed 210248585406"} -index 0
loadhw -hw /home/justin/github/2018_fall_hardware_software_codesign_lab/arm-uart/arm-uart.sdk/design_1_wrapper_hw_platform_0/system.hdf -mem-ranges [list {0x40000000 0xbfffffff}]
configparams force-mem-access 1
targets -set -nocase -filter {name =~"APU*" && jtag_cable_name =~ "Digilent Zed 210248585406"} -index 0
stop
ps7_init
ps7_post_config
targets -set -nocase -filter {name =~ "ARM*#0" && jtag_cable_name =~ "Digilent Zed 210248585406"} -index 0
rst -processor
targets -set -nocase -filter {name =~ "ARM*#0" && jtag_cable_name =~ "Digilent Zed 210248585406"} -index 0
dow /home/justin/github/2018_fall_hardware_software_codesign_lab/arm-uart/arm-uart.sdk/input_data_priority/Debug/input_data_priority.elf
configparams force-mem-access 0
----------------End of Script----------------

14:41:36 INFO  : Context for processor 'ps7_cortexa9_0' is selected.
14:41:36 INFO  : 'con' command is executed.
14:41:36 INFO  : ----------------XSDB Script (After Launch)----------------
targets -set -nocase -filter {name =~ "ARM*#0" && jtag_cable_name =~ "Digilent Zed 210248585406"} -index 0
con
----------------End of Script----------------

14:41:36 INFO  : Disconnected from the channel tcfchan#5.
14:41:52 INFO  : 'targets -set -filter {jtag_cable_name =~ "Digilent Zed 210248585406" && level==0} -index 1' command is executed.
14:41:52 INFO  : 'fpga -state' command is executed.
14:41:52 INFO  : Connected to target on host '127.0.0.1' and port '3121'.
14:41:52 INFO  : Jtag cable 'Digilent Zed 210248585406' is selected.
14:41:52 INFO  : 'jtag frequency' command is executed.
14:41:52 INFO  : Sourcing of '/home/justin/github/2018_fall_hardware_software_codesign_lab/arm-uart/arm-uart.sdk/design_1_wrapper_hw_platform_0/ps7_init.tcl' is done.
14:41:52 INFO  : Context for 'APU' is selected.
14:41:52 INFO  : Hardware design information is loaded from '/home/justin/github/2018_fall_hardware_software_codesign_lab/arm-uart/arm-uart.sdk/design_1_wrapper_hw_platform_0/system.hdf'.
14:41:52 INFO  : 'configparams force-mem-access 1' command is executed.
14:41:52 INFO  : Context for 'APU' is selected.
14:41:52 INFO  : 'stop' command is executed.
14:41:53 INFO  : 'ps7_init' command is executed.
14:41:53 INFO  : 'ps7_post_config' command is executed.
14:41:53 INFO  : Context for processor 'ps7_cortexa9_0' is selected.
14:41:53 INFO  : Processor reset is completed for 'ps7_cortexa9_0'.
14:41:53 INFO  : Context for processor 'ps7_cortexa9_0' is selected.
14:41:53 INFO  : The application '/home/justin/github/2018_fall_hardware_software_codesign_lab/arm-uart/arm-uart.sdk/input_data_priority/Debug/input_data_priority.elf' is downloaded to processor 'ps7_cortexa9_0'.
14:41:53 INFO  : 'configparams force-mem-access 0' command is executed.
14:41:53 INFO  : ----------------XSDB Script----------------
connect -url tcp:127.0.0.1:3121
source /home/justin/github/2018_fall_hardware_software_codesign_lab/arm-uart/arm-uart.sdk/design_1_wrapper_hw_platform_0/ps7_init.tcl
targets -set -nocase -filter {name =~"APU*" && jtag_cable_name =~ "Digilent Zed 210248585406"} -index 0
loadhw -hw /home/justin/github/2018_fall_hardware_software_codesign_lab/arm-uart/arm-uart.sdk/design_1_wrapper_hw_platform_0/system.hdf -mem-ranges [list {0x40000000 0xbfffffff}]
configparams force-mem-access 1
targets -set -nocase -filter {name =~"APU*" && jtag_cable_name =~ "Digilent Zed 210248585406"} -index 0
stop
ps7_init
ps7_post_config
targets -set -nocase -filter {name =~ "ARM*#0" && jtag_cable_name =~ "Digilent Zed 210248585406"} -index 0
rst -processor
targets -set -nocase -filter {name =~ "ARM*#0" && jtag_cable_name =~ "Digilent Zed 210248585406"} -index 0
dow /home/justin/github/2018_fall_hardware_software_codesign_lab/arm-uart/arm-uart.sdk/input_data_priority/Debug/input_data_priority.elf
configparams force-mem-access 0
----------------End of Script----------------

14:41:53 INFO  : Context for processor 'ps7_cortexa9_0' is selected.
14:41:53 INFO  : 'con' command is executed.
14:41:53 INFO  : ----------------XSDB Script (After Launch)----------------
targets -set -nocase -filter {name =~ "ARM*#0" && jtag_cable_name =~ "Digilent Zed 210248585406"} -index 0
con
----------------End of Script----------------

14:41:53 INFO  : Disconnected from the channel tcfchan#6.
14:43:38 INFO  : 'targets -set -filter {jtag_cable_name =~ "Digilent Zed 210248585406" && level==0} -index 1' command is executed.
14:43:38 INFO  : 'fpga -state' command is executed.
14:43:38 INFO  : Connected to target on host '127.0.0.1' and port '3121'.
14:43:38 INFO  : Jtag cable 'Digilent Zed 210248585406' is selected.
14:43:38 INFO  : 'jtag frequency' command is executed.
14:43:38 INFO  : Sourcing of '/home/justin/github/2018_fall_hardware_software_codesign_lab/arm-uart/arm-uart.sdk/design_1_wrapper_hw_platform_0/ps7_init.tcl' is done.
14:43:38 INFO  : Context for 'APU' is selected.
14:43:38 INFO  : Hardware design information is loaded from '/home/justin/github/2018_fall_hardware_software_codesign_lab/arm-uart/arm-uart.sdk/design_1_wrapper_hw_platform_0/system.hdf'.
14:43:38 INFO  : 'configparams force-mem-access 1' command is executed.
14:43:38 INFO  : Context for 'APU' is selected.
14:43:38 INFO  : 'stop' command is executed.
14:43:39 INFO  : 'ps7_init' command is executed.
14:43:39 INFO  : 'ps7_post_config' command is executed.
14:43:39 INFO  : Context for processor 'ps7_cortexa9_0' is selected.
14:43:39 INFO  : Processor reset is completed for 'ps7_cortexa9_0'.
14:43:39 INFO  : Context for processor 'ps7_cortexa9_0' is selected.
14:43:39 INFO  : The application '/home/justin/github/2018_fall_hardware_software_codesign_lab/arm-uart/arm-uart.sdk/input_data_priority/Debug/input_data_priority.elf' is downloaded to processor 'ps7_cortexa9_0'.
14:43:39 INFO  : 'configparams force-mem-access 0' command is executed.
14:43:39 INFO  : ----------------XSDB Script----------------
connect -url tcp:127.0.0.1:3121
source /home/justin/github/2018_fall_hardware_software_codesign_lab/arm-uart/arm-uart.sdk/design_1_wrapper_hw_platform_0/ps7_init.tcl
targets -set -nocase -filter {name =~"APU*" && jtag_cable_name =~ "Digilent Zed 210248585406"} -index 0
loadhw -hw /home/justin/github/2018_fall_hardware_software_codesign_lab/arm-uart/arm-uart.sdk/design_1_wrapper_hw_platform_0/system.hdf -mem-ranges [list {0x40000000 0xbfffffff}]
configparams force-mem-access 1
targets -set -nocase -filter {name =~"APU*" && jtag_cable_name =~ "Digilent Zed 210248585406"} -index 0
stop
ps7_init
ps7_post_config
targets -set -nocase -filter {name =~ "ARM*#0" && jtag_cable_name =~ "Digilent Zed 210248585406"} -index 0
rst -processor
targets -set -nocase -filter {name =~ "ARM*#0" && jtag_cable_name =~ "Digilent Zed 210248585406"} -index 0
dow /home/justin/github/2018_fall_hardware_software_codesign_lab/arm-uart/arm-uart.sdk/input_data_priority/Debug/input_data_priority.elf
configparams force-mem-access 0
----------------End of Script----------------

14:43:39 INFO  : Context for processor 'ps7_cortexa9_0' is selected.
14:43:39 INFO  : 'con' command is executed.
14:43:39 INFO  : ----------------XSDB Script (After Launch)----------------
targets -set -nocase -filter {name =~ "ARM*#0" && jtag_cable_name =~ "Digilent Zed 210248585406"} -index 0
con
----------------End of Script----------------

14:43:39 INFO  : Disconnected from the channel tcfchan#7.
14:46:46 INFO  : 'targets -set -filter {jtag_cable_name =~ "Digilent Zed 210248585406" && level==0} -index 1' command is executed.
14:46:46 INFO  : 'fpga -state' command is executed.
14:46:46 INFO  : Connected to target on host '127.0.0.1' and port '3121'.
14:46:46 INFO  : Jtag cable 'Digilent Zed 210248585406' is selected.
14:46:46 INFO  : 'jtag frequency' command is executed.
14:46:46 INFO  : Sourcing of '/home/justin/github/2018_fall_hardware_software_codesign_lab/arm-uart/arm-uart.sdk/design_1_wrapper_hw_platform_0/ps7_init.tcl' is done.
14:46:46 INFO  : Context for 'APU' is selected.
14:46:46 INFO  : Hardware design information is loaded from '/home/justin/github/2018_fall_hardware_software_codesign_lab/arm-uart/arm-uart.sdk/design_1_wrapper_hw_platform_0/system.hdf'.
14:46:46 INFO  : 'configparams force-mem-access 1' command is executed.
14:46:46 INFO  : Context for 'APU' is selected.
14:46:46 INFO  : 'stop' command is executed.
14:46:47 INFO  : 'ps7_init' command is executed.
14:46:47 INFO  : 'ps7_post_config' command is executed.
14:46:47 INFO  : Context for processor 'ps7_cortexa9_0' is selected.
14:46:47 INFO  : Processor reset is completed for 'ps7_cortexa9_0'.
14:46:47 INFO  : Context for processor 'ps7_cortexa9_0' is selected.
14:46:47 INFO  : The application '/home/justin/github/2018_fall_hardware_software_codesign_lab/arm-uart/arm-uart.sdk/input_data_priority/Debug/input_data_priority.elf' is downloaded to processor 'ps7_cortexa9_0'.
14:46:47 INFO  : 'configparams force-mem-access 0' command is executed.
14:46:47 INFO  : ----------------XSDB Script----------------
connect -url tcp:127.0.0.1:3121
source /home/justin/github/2018_fall_hardware_software_codesign_lab/arm-uart/arm-uart.sdk/design_1_wrapper_hw_platform_0/ps7_init.tcl
targets -set -nocase -filter {name =~"APU*" && jtag_cable_name =~ "Digilent Zed 210248585406"} -index 0
loadhw -hw /home/justin/github/2018_fall_hardware_software_codesign_lab/arm-uart/arm-uart.sdk/design_1_wrapper_hw_platform_0/system.hdf -mem-ranges [list {0x40000000 0xbfffffff}]
configparams force-mem-access 1
targets -set -nocase -filter {name =~"APU*" && jtag_cable_name =~ "Digilent Zed 210248585406"} -index 0
stop
ps7_init
ps7_post_config
targets -set -nocase -filter {name =~ "ARM*#0" && jtag_cable_name =~ "Digilent Zed 210248585406"} -index 0
rst -processor
targets -set -nocase -filter {name =~ "ARM*#0" && jtag_cable_name =~ "Digilent Zed 210248585406"} -index 0
dow /home/justin/github/2018_fall_hardware_software_codesign_lab/arm-uart/arm-uart.sdk/input_data_priority/Debug/input_data_priority.elf
configparams force-mem-access 0
----------------End of Script----------------

14:46:47 INFO  : Context for processor 'ps7_cortexa9_0' is selected.
14:46:47 INFO  : 'con' command is executed.
14:46:47 INFO  : ----------------XSDB Script (After Launch)----------------
targets -set -nocase -filter {name =~ "ARM*#0" && jtag_cable_name =~ "Digilent Zed 210248585406"} -index 0
con
----------------End of Script----------------

14:46:47 INFO  : Disconnected from the channel tcfchan#8.
14:48:28 INFO  : 'targets -set -filter {jtag_cable_name =~ "Digilent Zed 210248585406" && level==0} -index 1' command is executed.
14:48:28 INFO  : 'fpga -state' command is executed.
14:48:28 INFO  : Connected to target on host '127.0.0.1' and port '3121'.
14:48:28 INFO  : Jtag cable 'Digilent Zed 210248585406' is selected.
14:48:28 INFO  : 'jtag frequency' command is executed.
14:48:28 INFO  : Sourcing of '/home/justin/github/2018_fall_hardware_software_codesign_lab/arm-uart/arm-uart.sdk/design_1_wrapper_hw_platform_0/ps7_init.tcl' is done.
14:48:28 INFO  : Context for 'APU' is selected.
14:48:28 INFO  : Hardware design information is loaded from '/home/justin/github/2018_fall_hardware_software_codesign_lab/arm-uart/arm-uart.sdk/design_1_wrapper_hw_platform_0/system.hdf'.
14:48:28 INFO  : 'configparams force-mem-access 1' command is executed.
14:48:28 INFO  : Context for 'APU' is selected.
14:48:28 INFO  : 'stop' command is executed.
14:48:29 INFO  : 'ps7_init' command is executed.
14:48:29 INFO  : 'ps7_post_config' command is executed.
14:48:29 INFO  : Context for processor 'ps7_cortexa9_0' is selected.
14:48:29 INFO  : Processor reset is completed for 'ps7_cortexa9_0'.
14:48:29 INFO  : Context for processor 'ps7_cortexa9_0' is selected.
14:48:29 INFO  : The application '/home/justin/github/2018_fall_hardware_software_codesign_lab/arm-uart/arm-uart.sdk/input_data_priority/Debug/input_data_priority.elf' is downloaded to processor 'ps7_cortexa9_0'.
14:48:29 INFO  : 'configparams force-mem-access 0' command is executed.
14:48:29 INFO  : ----------------XSDB Script----------------
connect -url tcp:127.0.0.1:3121
source /home/justin/github/2018_fall_hardware_software_codesign_lab/arm-uart/arm-uart.sdk/design_1_wrapper_hw_platform_0/ps7_init.tcl
targets -set -nocase -filter {name =~"APU*" && jtag_cable_name =~ "Digilent Zed 210248585406"} -index 0
loadhw -hw /home/justin/github/2018_fall_hardware_software_codesign_lab/arm-uart/arm-uart.sdk/design_1_wrapper_hw_platform_0/system.hdf -mem-ranges [list {0x40000000 0xbfffffff}]
configparams force-mem-access 1
targets -set -nocase -filter {name =~"APU*" && jtag_cable_name =~ "Digilent Zed 210248585406"} -index 0
stop
ps7_init
ps7_post_config
targets -set -nocase -filter {name =~ "ARM*#0" && jtag_cable_name =~ "Digilent Zed 210248585406"} -index 0
rst -processor
targets -set -nocase -filter {name =~ "ARM*#0" && jtag_cable_name =~ "Digilent Zed 210248585406"} -index 0
dow /home/justin/github/2018_fall_hardware_software_codesign_lab/arm-uart/arm-uart.sdk/input_data_priority/Debug/input_data_priority.elf
configparams force-mem-access 0
----------------End of Script----------------

14:48:29 INFO  : Context for processor 'ps7_cortexa9_0' is selected.
14:48:29 INFO  : 'con' command is executed.
14:48:29 INFO  : ----------------XSDB Script (After Launch)----------------
targets -set -nocase -filter {name =~ "ARM*#0" && jtag_cable_name =~ "Digilent Zed 210248585406"} -index 0
con
----------------End of Script----------------

14:48:29 INFO  : Disconnected from the channel tcfchan#9.
14:49:00 INFO  : 'targets -set -filter {jtag_cable_name =~ "Digilent Zed 210248585406" && level==0} -index 1' command is executed.
14:49:00 INFO  : 'fpga -state' command is executed.
14:49:00 INFO  : Connected to target on host '127.0.0.1' and port '3121'.
14:49:01 INFO  : Jtag cable 'Digilent Zed 210248585406' is selected.
14:49:01 INFO  : 'jtag frequency' command is executed.
14:49:01 INFO  : Sourcing of '/home/justin/github/2018_fall_hardware_software_codesign_lab/arm-uart/arm-uart.sdk/design_1_wrapper_hw_platform_0/ps7_init.tcl' is done.
14:49:01 INFO  : Context for 'APU' is selected.
14:49:01 INFO  : Hardware design information is loaded from '/home/justin/github/2018_fall_hardware_software_codesign_lab/arm-uart/arm-uart.sdk/design_1_wrapper_hw_platform_0/system.hdf'.
14:49:01 INFO  : 'configparams force-mem-access 1' command is executed.
14:49:01 INFO  : Context for 'APU' is selected.
14:49:01 INFO  : 'stop' command is executed.
14:49:01 INFO  : 'ps7_init' command is executed.
14:49:01 INFO  : 'ps7_post_config' command is executed.
14:49:01 INFO  : Context for processor 'ps7_cortexa9_0' is selected.
14:49:01 INFO  : Processor reset is completed for 'ps7_cortexa9_0'.
14:49:01 INFO  : Context for processor 'ps7_cortexa9_0' is selected.
14:49:01 INFO  : The application '/home/justin/github/2018_fall_hardware_software_codesign_lab/arm-uart/arm-uart.sdk/input_data_priority/Debug/input_data_priority.elf' is downloaded to processor 'ps7_cortexa9_0'.
14:49:01 INFO  : 'configparams force-mem-access 0' command is executed.
14:49:01 INFO  : ----------------XSDB Script----------------
connect -url tcp:127.0.0.1:3121
source /home/justin/github/2018_fall_hardware_software_codesign_lab/arm-uart/arm-uart.sdk/design_1_wrapper_hw_platform_0/ps7_init.tcl
targets -set -nocase -filter {name =~"APU*" && jtag_cable_name =~ "Digilent Zed 210248585406"} -index 0
loadhw -hw /home/justin/github/2018_fall_hardware_software_codesign_lab/arm-uart/arm-uart.sdk/design_1_wrapper_hw_platform_0/system.hdf -mem-ranges [list {0x40000000 0xbfffffff}]
configparams force-mem-access 1
targets -set -nocase -filter {name =~"APU*" && jtag_cable_name =~ "Digilent Zed 210248585406"} -index 0
stop
ps7_init
ps7_post_config
targets -set -nocase -filter {name =~ "ARM*#0" && jtag_cable_name =~ "Digilent Zed 210248585406"} -index 0
rst -processor
targets -set -nocase -filter {name =~ "ARM*#0" && jtag_cable_name =~ "Digilent Zed 210248585406"} -index 0
dow /home/justin/github/2018_fall_hardware_software_codesign_lab/arm-uart/arm-uart.sdk/input_data_priority/Debug/input_data_priority.elf
configparams force-mem-access 0
----------------End of Script----------------

14:49:01 INFO  : Context for processor 'ps7_cortexa9_0' is selected.
14:49:01 INFO  : 'con' command is executed.
14:49:01 INFO  : ----------------XSDB Script (After Launch)----------------
targets -set -nocase -filter {name =~ "ARM*#0" && jtag_cable_name =~ "Digilent Zed 210248585406"} -index 0
con
----------------End of Script----------------

14:49:01 INFO  : Disconnected from the channel tcfchan#10.
14:51:04 INFO  : 'targets -set -filter {jtag_cable_name =~ "Digilent Zed 210248585406" && level==0} -index 1' command is executed.
14:51:04 INFO  : 'fpga -state' command is executed.
14:51:04 INFO  : Connected to target on host '127.0.0.1' and port '3121'.
14:51:04 INFO  : Jtag cable 'Digilent Zed 210248585406' is selected.
14:51:04 INFO  : 'jtag frequency' command is executed.
14:51:04 INFO  : Sourcing of '/home/justin/github/2018_fall_hardware_software_codesign_lab/arm-uart/arm-uart.sdk/design_1_wrapper_hw_platform_0/ps7_init.tcl' is done.
14:51:04 INFO  : Context for 'APU' is selected.
14:51:04 INFO  : Hardware design information is loaded from '/home/justin/github/2018_fall_hardware_software_codesign_lab/arm-uart/arm-uart.sdk/design_1_wrapper_hw_platform_0/system.hdf'.
14:51:04 INFO  : 'configparams force-mem-access 1' command is executed.
14:51:04 INFO  : Context for 'APU' is selected.
14:51:04 INFO  : 'stop' command is executed.
14:51:04 INFO  : 'ps7_init' command is executed.
14:51:04 INFO  : 'ps7_post_config' command is executed.
14:51:04 INFO  : Context for processor 'ps7_cortexa9_0' is selected.
14:51:04 INFO  : Processor reset is completed for 'ps7_cortexa9_0'.
14:51:04 INFO  : Context for processor 'ps7_cortexa9_0' is selected.
14:51:05 INFO  : The application '/home/justin/github/2018_fall_hardware_software_codesign_lab/arm-uart/arm-uart.sdk/input_data_priority/Debug/input_data_priority.elf' is downloaded to processor 'ps7_cortexa9_0'.
14:51:05 INFO  : 'configparams force-mem-access 0' command is executed.
14:51:05 INFO  : ----------------XSDB Script----------------
connect -url tcp:127.0.0.1:3121
source /home/justin/github/2018_fall_hardware_software_codesign_lab/arm-uart/arm-uart.sdk/design_1_wrapper_hw_platform_0/ps7_init.tcl
targets -set -nocase -filter {name =~"APU*" && jtag_cable_name =~ "Digilent Zed 210248585406"} -index 0
loadhw -hw /home/justin/github/2018_fall_hardware_software_codesign_lab/arm-uart/arm-uart.sdk/design_1_wrapper_hw_platform_0/system.hdf -mem-ranges [list {0x40000000 0xbfffffff}]
configparams force-mem-access 1
targets -set -nocase -filter {name =~"APU*" && jtag_cable_name =~ "Digilent Zed 210248585406"} -index 0
stop
ps7_init
ps7_post_config
targets -set -nocase -filter {name =~ "ARM*#0" && jtag_cable_name =~ "Digilent Zed 210248585406"} -index 0
rst -processor
targets -set -nocase -filter {name =~ "ARM*#0" && jtag_cable_name =~ "Digilent Zed 210248585406"} -index 0
dow /home/justin/github/2018_fall_hardware_software_codesign_lab/arm-uart/arm-uart.sdk/input_data_priority/Debug/input_data_priority.elf
configparams force-mem-access 0
----------------End of Script----------------

14:51:05 INFO  : Context for processor 'ps7_cortexa9_0' is selected.
14:51:05 INFO  : 'con' command is executed.
14:51:05 INFO  : ----------------XSDB Script (After Launch)----------------
targets -set -nocase -filter {name =~ "ARM*#0" && jtag_cable_name =~ "Digilent Zed 210248585406"} -index 0
con
----------------End of Script----------------

14:51:05 INFO  : Disconnected from the channel tcfchan#11.
14:52:39 INFO  : 'targets -set -filter {jtag_cable_name =~ "Digilent Zed 210248585406" && level==0} -index 1' command is executed.
14:52:39 INFO  : 'fpga -state' command is executed.
14:52:39 INFO  : Connected to target on host '127.0.0.1' and port '3121'.
14:52:39 INFO  : Jtag cable 'Digilent Zed 210248585406' is selected.
14:52:39 INFO  : 'jtag frequency' command is executed.
14:52:39 INFO  : Sourcing of '/home/justin/github/2018_fall_hardware_software_codesign_lab/arm-uart/arm-uart.sdk/design_1_wrapper_hw_platform_0/ps7_init.tcl' is done.
14:52:39 INFO  : Context for 'APU' is selected.
14:52:39 INFO  : Hardware design information is loaded from '/home/justin/github/2018_fall_hardware_software_codesign_lab/arm-uart/arm-uart.sdk/design_1_wrapper_hw_platform_0/system.hdf'.
14:52:39 INFO  : 'configparams force-mem-access 1' command is executed.
14:52:39 INFO  : Context for 'APU' is selected.
14:52:39 INFO  : 'stop' command is executed.
14:52:39 INFO  : 'ps7_init' command is executed.
14:52:39 INFO  : 'ps7_post_config' command is executed.
14:52:39 INFO  : Context for processor 'ps7_cortexa9_0' is selected.
14:52:39 INFO  : Processor reset is completed for 'ps7_cortexa9_0'.
14:52:39 INFO  : Context for processor 'ps7_cortexa9_0' is selected.
14:52:40 INFO  : The application '/home/justin/github/2018_fall_hardware_software_codesign_lab/arm-uart/arm-uart.sdk/input_data_priority/Debug/input_data_priority.elf' is downloaded to processor 'ps7_cortexa9_0'.
14:52:40 INFO  : 'configparams force-mem-access 0' command is executed.
14:52:40 INFO  : ----------------XSDB Script----------------
connect -url tcp:127.0.0.1:3121
source /home/justin/github/2018_fall_hardware_software_codesign_lab/arm-uart/arm-uart.sdk/design_1_wrapper_hw_platform_0/ps7_init.tcl
targets -set -nocase -filter {name =~"APU*" && jtag_cable_name =~ "Digilent Zed 210248585406"} -index 0
loadhw -hw /home/justin/github/2018_fall_hardware_software_codesign_lab/arm-uart/arm-uart.sdk/design_1_wrapper_hw_platform_0/system.hdf -mem-ranges [list {0x40000000 0xbfffffff}]
configparams force-mem-access 1
targets -set -nocase -filter {name =~"APU*" && jtag_cable_name =~ "Digilent Zed 210248585406"} -index 0
stop
ps7_init
ps7_post_config
targets -set -nocase -filter {name =~ "ARM*#0" && jtag_cable_name =~ "Digilent Zed 210248585406"} -index 0
rst -processor
targets -set -nocase -filter {name =~ "ARM*#0" && jtag_cable_name =~ "Digilent Zed 210248585406"} -index 0
dow /home/justin/github/2018_fall_hardware_software_codesign_lab/arm-uart/arm-uart.sdk/input_data_priority/Debug/input_data_priority.elf
configparams force-mem-access 0
----------------End of Script----------------

14:52:40 INFO  : Context for processor 'ps7_cortexa9_0' is selected.
14:52:40 INFO  : 'con' command is executed.
14:52:40 INFO  : ----------------XSDB Script (After Launch)----------------
targets -set -nocase -filter {name =~ "ARM*#0" && jtag_cable_name =~ "Digilent Zed 210248585406"} -index 0
con
----------------End of Script----------------

14:52:40 INFO  : Disconnected from the channel tcfchan#12.
14:53:23 INFO  : 'targets -set -filter {jtag_cable_name =~ "Digilent Zed 210248585406" && level==0} -index 1' command is executed.
14:53:23 INFO  : 'fpga -state' command is executed.
14:53:23 INFO  : Connected to target on host '127.0.0.1' and port '3121'.
14:53:23 INFO  : Jtag cable 'Digilent Zed 210248585406' is selected.
14:53:23 INFO  : 'jtag frequency' command is executed.
14:53:23 INFO  : Sourcing of '/home/justin/github/2018_fall_hardware_software_codesign_lab/arm-uart/arm-uart.sdk/design_1_wrapper_hw_platform_0/ps7_init.tcl' is done.
14:53:23 INFO  : Context for 'APU' is selected.
14:53:23 INFO  : Hardware design information is loaded from '/home/justin/github/2018_fall_hardware_software_codesign_lab/arm-uart/arm-uart.sdk/design_1_wrapper_hw_platform_0/system.hdf'.
14:53:23 INFO  : 'configparams force-mem-access 1' command is executed.
14:53:23 INFO  : Context for 'APU' is selected.
14:53:23 INFO  : 'stop' command is executed.
14:53:24 INFO  : 'ps7_init' command is executed.
14:53:24 INFO  : 'ps7_post_config' command is executed.
14:53:24 INFO  : Context for processor 'ps7_cortexa9_0' is selected.
14:53:24 INFO  : Processor reset is completed for 'ps7_cortexa9_0'.
14:53:24 INFO  : Context for processor 'ps7_cortexa9_0' is selected.
14:53:24 INFO  : The application '/home/justin/github/2018_fall_hardware_software_codesign_lab/arm-uart/arm-uart.sdk/input_data_priority/Debug/input_data_priority.elf' is downloaded to processor 'ps7_cortexa9_0'.
14:53:24 INFO  : 'configparams force-mem-access 0' command is executed.
14:53:24 INFO  : ----------------XSDB Script----------------
connect -url tcp:127.0.0.1:3121
source /home/justin/github/2018_fall_hardware_software_codesign_lab/arm-uart/arm-uart.sdk/design_1_wrapper_hw_platform_0/ps7_init.tcl
targets -set -nocase -filter {name =~"APU*" && jtag_cable_name =~ "Digilent Zed 210248585406"} -index 0
loadhw -hw /home/justin/github/2018_fall_hardware_software_codesign_lab/arm-uart/arm-uart.sdk/design_1_wrapper_hw_platform_0/system.hdf -mem-ranges [list {0x40000000 0xbfffffff}]
configparams force-mem-access 1
targets -set -nocase -filter {name =~"APU*" && jtag_cable_name =~ "Digilent Zed 210248585406"} -index 0
stop
ps7_init
ps7_post_config
targets -set -nocase -filter {name =~ "ARM*#0" && jtag_cable_name =~ "Digilent Zed 210248585406"} -index 0
rst -processor
targets -set -nocase -filter {name =~ "ARM*#0" && jtag_cable_name =~ "Digilent Zed 210248585406"} -index 0
dow /home/justin/github/2018_fall_hardware_software_codesign_lab/arm-uart/arm-uart.sdk/input_data_priority/Debug/input_data_priority.elf
configparams force-mem-access 0
----------------End of Script----------------

14:53:24 INFO  : Context for processor 'ps7_cortexa9_0' is selected.
14:53:24 INFO  : 'con' command is executed.
14:53:24 INFO  : ----------------XSDB Script (After Launch)----------------
targets -set -nocase -filter {name =~ "ARM*#0" && jtag_cable_name =~ "Digilent Zed 210248585406"} -index 0
con
----------------End of Script----------------

14:53:24 INFO  : Disconnected from the channel tcfchan#13.
14:54:26 INFO  : 'targets -set -filter {jtag_cable_name =~ "Digilent Zed 210248585406" && level==0} -index 1' command is executed.
14:54:26 INFO  : 'fpga -state' command is executed.
14:54:26 INFO  : Connected to target on host '127.0.0.1' and port '3121'.
14:54:26 INFO  : Jtag cable 'Digilent Zed 210248585406' is selected.
14:54:26 INFO  : 'jtag frequency' command is executed.
14:54:26 INFO  : Sourcing of '/home/justin/github/2018_fall_hardware_software_codesign_lab/arm-uart/arm-uart.sdk/design_1_wrapper_hw_platform_0/ps7_init.tcl' is done.
14:54:26 INFO  : Context for 'APU' is selected.
14:54:26 INFO  : Hardware design information is loaded from '/home/justin/github/2018_fall_hardware_software_codesign_lab/arm-uart/arm-uart.sdk/design_1_wrapper_hw_platform_0/system.hdf'.
14:54:26 INFO  : 'configparams force-mem-access 1' command is executed.
14:54:26 INFO  : Context for 'APU' is selected.
14:54:26 INFO  : 'stop' command is executed.
14:54:27 INFO  : 'ps7_init' command is executed.
14:54:27 INFO  : 'ps7_post_config' command is executed.
14:54:27 INFO  : Context for processor 'ps7_cortexa9_0' is selected.
14:54:27 INFO  : Processor reset is completed for 'ps7_cortexa9_0'.
14:54:27 INFO  : Context for processor 'ps7_cortexa9_0' is selected.
14:54:27 INFO  : The application '/home/justin/github/2018_fall_hardware_software_codesign_lab/arm-uart/arm-uart.sdk/input_data_priority/Debug/input_data_priority.elf' is downloaded to processor 'ps7_cortexa9_0'.
14:54:27 INFO  : 'configparams force-mem-access 0' command is executed.
14:54:27 INFO  : ----------------XSDB Script----------------
connect -url tcp:127.0.0.1:3121
source /home/justin/github/2018_fall_hardware_software_codesign_lab/arm-uart/arm-uart.sdk/design_1_wrapper_hw_platform_0/ps7_init.tcl
targets -set -nocase -filter {name =~"APU*" && jtag_cable_name =~ "Digilent Zed 210248585406"} -index 0
loadhw -hw /home/justin/github/2018_fall_hardware_software_codesign_lab/arm-uart/arm-uart.sdk/design_1_wrapper_hw_platform_0/system.hdf -mem-ranges [list {0x40000000 0xbfffffff}]
configparams force-mem-access 1
targets -set -nocase -filter {name =~"APU*" && jtag_cable_name =~ "Digilent Zed 210248585406"} -index 0
stop
ps7_init
ps7_post_config
targets -set -nocase -filter {name =~ "ARM*#0" && jtag_cable_name =~ "Digilent Zed 210248585406"} -index 0
rst -processor
targets -set -nocase -filter {name =~ "ARM*#0" && jtag_cable_name =~ "Digilent Zed 210248585406"} -index 0
dow /home/justin/github/2018_fall_hardware_software_codesign_lab/arm-uart/arm-uart.sdk/input_data_priority/Debug/input_data_priority.elf
configparams force-mem-access 0
----------------End of Script----------------

14:54:27 INFO  : Context for processor 'ps7_cortexa9_0' is selected.
14:54:27 INFO  : 'con' command is executed.
14:54:27 INFO  : ----------------XSDB Script (After Launch)----------------
targets -set -nocase -filter {name =~ "ARM*#0" && jtag_cable_name =~ "Digilent Zed 210248585406"} -index 0
con
----------------End of Script----------------

14:54:27 INFO  : Disconnected from the channel tcfchan#14.
15:03:31 INFO  : 'targets -set -filter {jtag_cable_name =~ "Digilent Zed 210248585406" && level==0} -index 1' command is executed.
15:03:31 INFO  : 'fpga -state' command is executed.
15:03:31 INFO  : Connected to target on host '127.0.0.1' and port '3121'.
15:03:31 INFO  : Jtag cable 'Digilent Zed 210248585406' is selected.
15:03:31 INFO  : 'jtag frequency' command is executed.
15:03:31 INFO  : Sourcing of '/home/justin/github/2018_fall_hardware_software_codesign_lab/arm-uart/arm-uart.sdk/design_1_wrapper_hw_platform_0/ps7_init.tcl' is done.
15:03:31 INFO  : Context for 'APU' is selected.
15:03:32 INFO  : Hardware design information is loaded from '/home/justin/github/2018_fall_hardware_software_codesign_lab/arm-uart/arm-uart.sdk/design_1_wrapper_hw_platform_0/system.hdf'.
15:03:32 INFO  : 'configparams force-mem-access 1' command is executed.
15:03:32 INFO  : Context for 'APU' is selected.
15:03:32 INFO  : 'stop' command is executed.
15:03:32 INFO  : 'ps7_init' command is executed.
15:03:32 INFO  : 'ps7_post_config' command is executed.
15:03:32 INFO  : Context for processor 'ps7_cortexa9_0' is selected.
15:03:32 INFO  : Processor reset is completed for 'ps7_cortexa9_0'.
15:03:32 INFO  : Context for processor 'ps7_cortexa9_0' is selected.
15:03:32 INFO  : The application '/home/justin/github/2018_fall_hardware_software_codesign_lab/arm-uart/arm-uart.sdk/input_data_priority/Debug/input_data_priority.elf' is downloaded to processor 'ps7_cortexa9_0'.
15:03:32 INFO  : 'configparams force-mem-access 0' command is executed.
15:03:32 INFO  : ----------------XSDB Script----------------
connect -url tcp:127.0.0.1:3121
source /home/justin/github/2018_fall_hardware_software_codesign_lab/arm-uart/arm-uart.sdk/design_1_wrapper_hw_platform_0/ps7_init.tcl
targets -set -nocase -filter {name =~"APU*" && jtag_cable_name =~ "Digilent Zed 210248585406"} -index 0
loadhw -hw /home/justin/github/2018_fall_hardware_software_codesign_lab/arm-uart/arm-uart.sdk/design_1_wrapper_hw_platform_0/system.hdf -mem-ranges [list {0x40000000 0xbfffffff}]
configparams force-mem-access 1
targets -set -nocase -filter {name =~"APU*" && jtag_cable_name =~ "Digilent Zed 210248585406"} -index 0
stop
ps7_init
ps7_post_config
targets -set -nocase -filter {name =~ "ARM*#0" && jtag_cable_name =~ "Digilent Zed 210248585406"} -index 0
rst -processor
targets -set -nocase -filter {name =~ "ARM*#0" && jtag_cable_name =~ "Digilent Zed 210248585406"} -index 0
dow /home/justin/github/2018_fall_hardware_software_codesign_lab/arm-uart/arm-uart.sdk/input_data_priority/Debug/input_data_priority.elf
configparams force-mem-access 0
----------------End of Script----------------

15:03:32 INFO  : Context for processor 'ps7_cortexa9_0' is selected.
15:03:32 INFO  : 'con' command is executed.
15:03:32 INFO  : ----------------XSDB Script (After Launch)----------------
targets -set -nocase -filter {name =~ "ARM*#0" && jtag_cable_name =~ "Digilent Zed 210248585406"} -index 0
con
----------------End of Script----------------

15:03:32 INFO  : Disconnected from the channel tcfchan#15.
15:04:20 INFO  : 'targets -set -filter {jtag_cable_name =~ "Digilent Zed 210248585406" && level==0} -index 1' command is executed.
15:04:20 INFO  : 'fpga -state' command is executed.
15:04:20 INFO  : Connected to target on host '127.0.0.1' and port '3121'.
15:04:21 INFO  : Jtag cable 'Digilent Zed 210248585406' is selected.
15:04:21 INFO  : 'jtag frequency' command is executed.
15:04:21 INFO  : Sourcing of '/home/justin/github/2018_fall_hardware_software_codesign_lab/arm-uart/arm-uart.sdk/design_1_wrapper_hw_platform_0/ps7_init.tcl' is done.
15:04:21 INFO  : Context for 'APU' is selected.
15:04:21 INFO  : Hardware design information is loaded from '/home/justin/github/2018_fall_hardware_software_codesign_lab/arm-uart/arm-uart.sdk/design_1_wrapper_hw_platform_0/system.hdf'.
15:04:21 INFO  : 'configparams force-mem-access 1' command is executed.
15:04:21 INFO  : Context for 'APU' is selected.
15:04:21 INFO  : 'stop' command is executed.
15:04:21 INFO  : 'ps7_init' command is executed.
15:04:21 INFO  : 'ps7_post_config' command is executed.
15:04:21 INFO  : Context for processor 'ps7_cortexa9_0' is selected.
15:04:21 INFO  : Processor reset is completed for 'ps7_cortexa9_0'.
15:04:21 INFO  : Context for processor 'ps7_cortexa9_0' is selected.
15:04:21 INFO  : The application '/home/justin/github/2018_fall_hardware_software_codesign_lab/arm-uart/arm-uart.sdk/input_data_priority/Debug/input_data_priority.elf' is downloaded to processor 'ps7_cortexa9_0'.
15:04:21 INFO  : 'configparams force-mem-access 0' command is executed.
15:04:21 INFO  : ----------------XSDB Script----------------
connect -url tcp:127.0.0.1:3121
source /home/justin/github/2018_fall_hardware_software_codesign_lab/arm-uart/arm-uart.sdk/design_1_wrapper_hw_platform_0/ps7_init.tcl
targets -set -nocase -filter {name =~"APU*" && jtag_cable_name =~ "Digilent Zed 210248585406"} -index 0
loadhw -hw /home/justin/github/2018_fall_hardware_software_codesign_lab/arm-uart/arm-uart.sdk/design_1_wrapper_hw_platform_0/system.hdf -mem-ranges [list {0x40000000 0xbfffffff}]
configparams force-mem-access 1
targets -set -nocase -filter {name =~"APU*" && jtag_cable_name =~ "Digilent Zed 210248585406"} -index 0
stop
ps7_init
ps7_post_config
targets -set -nocase -filter {name =~ "ARM*#0" && jtag_cable_name =~ "Digilent Zed 210248585406"} -index 0
rst -processor
targets -set -nocase -filter {name =~ "ARM*#0" && jtag_cable_name =~ "Digilent Zed 210248585406"} -index 0
dow /home/justin/github/2018_fall_hardware_software_codesign_lab/arm-uart/arm-uart.sdk/input_data_priority/Debug/input_data_priority.elf
configparams force-mem-access 0
----------------End of Script----------------

15:04:21 INFO  : Context for processor 'ps7_cortexa9_0' is selected.
15:04:21 INFO  : 'con' command is executed.
15:04:21 INFO  : ----------------XSDB Script (After Launch)----------------
targets -set -nocase -filter {name =~ "ARM*#0" && jtag_cable_name =~ "Digilent Zed 210248585406"} -index 0
con
----------------End of Script----------------

15:04:21 INFO  : Disconnected from the channel tcfchan#16.
15:07:20 INFO  : 'targets -set -filter {jtag_cable_name =~ "Digilent Zed 210248585406" && level==0} -index 1' command is executed.
15:07:20 INFO  : 'fpga -state' command is executed.
15:07:20 INFO  : Connected to target on host '127.0.0.1' and port '3121'.
15:07:20 INFO  : Jtag cable 'Digilent Zed 210248585406' is selected.
15:07:20 INFO  : 'jtag frequency' command is executed.
15:07:20 INFO  : Sourcing of '/home/justin/github/2018_fall_hardware_software_codesign_lab/arm-uart/arm-uart.sdk/design_1_wrapper_hw_platform_0/ps7_init.tcl' is done.
15:07:20 INFO  : Context for 'APU' is selected.
15:07:20 INFO  : Hardware design information is loaded from '/home/justin/github/2018_fall_hardware_software_codesign_lab/arm-uart/arm-uart.sdk/design_1_wrapper_hw_platform_0/system.hdf'.
15:07:20 INFO  : 'configparams force-mem-access 1' command is executed.
15:07:20 INFO  : Context for 'APU' is selected.
15:07:20 INFO  : 'stop' command is executed.
15:07:21 INFO  : 'ps7_init' command is executed.
15:07:21 INFO  : 'ps7_post_config' command is executed.
15:07:21 INFO  : Context for processor 'ps7_cortexa9_0' is selected.
15:07:21 INFO  : Processor reset is completed for 'ps7_cortexa9_0'.
15:07:21 INFO  : Context for processor 'ps7_cortexa9_0' is selected.
15:07:21 INFO  : The application '/home/justin/github/2018_fall_hardware_software_codesign_lab/arm-uart/arm-uart.sdk/input_data_priority/Debug/input_data_priority.elf' is downloaded to processor 'ps7_cortexa9_0'.
15:07:21 INFO  : 'configparams force-mem-access 0' command is executed.
15:07:21 INFO  : ----------------XSDB Script----------------
connect -url tcp:127.0.0.1:3121
source /home/justin/github/2018_fall_hardware_software_codesign_lab/arm-uart/arm-uart.sdk/design_1_wrapper_hw_platform_0/ps7_init.tcl
targets -set -nocase -filter {name =~"APU*" && jtag_cable_name =~ "Digilent Zed 210248585406"} -index 0
loadhw -hw /home/justin/github/2018_fall_hardware_software_codesign_lab/arm-uart/arm-uart.sdk/design_1_wrapper_hw_platform_0/system.hdf -mem-ranges [list {0x40000000 0xbfffffff}]
configparams force-mem-access 1
targets -set -nocase -filter {name =~"APU*" && jtag_cable_name =~ "Digilent Zed 210248585406"} -index 0
stop
ps7_init
ps7_post_config
targets -set -nocase -filter {name =~ "ARM*#0" && jtag_cable_name =~ "Digilent Zed 210248585406"} -index 0
rst -processor
targets -set -nocase -filter {name =~ "ARM*#0" && jtag_cable_name =~ "Digilent Zed 210248585406"} -index 0
dow /home/justin/github/2018_fall_hardware_software_codesign_lab/arm-uart/arm-uart.sdk/input_data_priority/Debug/input_data_priority.elf
configparams force-mem-access 0
----------------End of Script----------------

15:07:21 INFO  : Context for processor 'ps7_cortexa9_0' is selected.
15:07:21 INFO  : 'con' command is executed.
15:07:21 INFO  : ----------------XSDB Script (After Launch)----------------
targets -set -nocase -filter {name =~ "ARM*#0" && jtag_cable_name =~ "Digilent Zed 210248585406"} -index 0
con
----------------End of Script----------------

15:07:21 INFO  : Disconnected from the channel tcfchan#17.
15:07:45 INFO  : 'targets -set -filter {jtag_cable_name =~ "Digilent Zed 210248585406" && level==0} -index 1' command is executed.
15:07:45 INFO  : 'fpga -state' command is executed.
15:07:45 INFO  : Connected to target on host '127.0.0.1' and port '3121'.
15:07:45 INFO  : Jtag cable 'Digilent Zed 210248585406' is selected.
15:07:45 INFO  : 'jtag frequency' command is executed.
15:07:45 INFO  : Sourcing of '/home/justin/github/2018_fall_hardware_software_codesign_lab/arm-uart/arm-uart.sdk/design_1_wrapper_hw_platform_0/ps7_init.tcl' is done.
15:07:45 INFO  : Context for 'APU' is selected.
15:07:45 INFO  : Hardware design information is loaded from '/home/justin/github/2018_fall_hardware_software_codesign_lab/arm-uart/arm-uart.sdk/design_1_wrapper_hw_platform_0/system.hdf'.
15:07:45 INFO  : 'configparams force-mem-access 1' command is executed.
15:07:45 INFO  : Context for 'APU' is selected.
15:07:45 INFO  : 'stop' command is executed.
15:07:45 INFO  : 'ps7_init' command is executed.
15:07:45 INFO  : 'ps7_post_config' command is executed.
15:07:45 INFO  : Context for processor 'ps7_cortexa9_0' is selected.
15:07:45 INFO  : Processor reset is completed for 'ps7_cortexa9_0'.
15:07:45 INFO  : Context for processor 'ps7_cortexa9_0' is selected.
15:07:46 INFO  : The application '/home/justin/github/2018_fall_hardware_software_codesign_lab/arm-uart/arm-uart.sdk/input_data_priority/Debug/input_data_priority.elf' is downloaded to processor 'ps7_cortexa9_0'.
15:07:46 INFO  : 'configparams force-mem-access 0' command is executed.
15:07:46 INFO  : ----------------XSDB Script----------------
connect -url tcp:127.0.0.1:3121
source /home/justin/github/2018_fall_hardware_software_codesign_lab/arm-uart/arm-uart.sdk/design_1_wrapper_hw_platform_0/ps7_init.tcl
targets -set -nocase -filter {name =~"APU*" && jtag_cable_name =~ "Digilent Zed 210248585406"} -index 0
loadhw -hw /home/justin/github/2018_fall_hardware_software_codesign_lab/arm-uart/arm-uart.sdk/design_1_wrapper_hw_platform_0/system.hdf -mem-ranges [list {0x40000000 0xbfffffff}]
configparams force-mem-access 1
targets -set -nocase -filter {name =~"APU*" && jtag_cable_name =~ "Digilent Zed 210248585406"} -index 0
stop
ps7_init
ps7_post_config
targets -set -nocase -filter {name =~ "ARM*#0" && jtag_cable_name =~ "Digilent Zed 210248585406"} -index 0
rst -processor
targets -set -nocase -filter {name =~ "ARM*#0" && jtag_cable_name =~ "Digilent Zed 210248585406"} -index 0
dow /home/justin/github/2018_fall_hardware_software_codesign_lab/arm-uart/arm-uart.sdk/input_data_priority/Debug/input_data_priority.elf
configparams force-mem-access 0
----------------End of Script----------------

15:07:46 INFO  : Context for processor 'ps7_cortexa9_0' is selected.
15:07:46 INFO  : 'con' command is executed.
15:07:46 INFO  : ----------------XSDB Script (After Launch)----------------
targets -set -nocase -filter {name =~ "ARM*#0" && jtag_cable_name =~ "Digilent Zed 210248585406"} -index 0
con
----------------End of Script----------------

15:07:46 INFO  : Disconnected from the channel tcfchan#18.
15:11:00 INFO  : 'targets -set -filter {jtag_cable_name =~ "Digilent Zed 210248585406" && level==0} -index 1' command is executed.
15:11:00 INFO  : 'fpga -state' command is executed.
15:11:00 INFO  : Connected to target on host '127.0.0.1' and port '3121'.
15:11:00 INFO  : Jtag cable 'Digilent Zed 210248585406' is selected.
15:11:00 INFO  : 'jtag frequency' command is executed.
15:11:00 INFO  : Sourcing of '/home/justin/github/2018_fall_hardware_software_codesign_lab/arm-uart/arm-uart.sdk/design_1_wrapper_hw_platform_0/ps7_init.tcl' is done.
15:11:00 INFO  : Context for 'APU' is selected.
15:11:00 INFO  : Hardware design information is loaded from '/home/justin/github/2018_fall_hardware_software_codesign_lab/arm-uart/arm-uart.sdk/design_1_wrapper_hw_platform_0/system.hdf'.
15:11:00 INFO  : 'configparams force-mem-access 1' command is executed.
15:11:00 INFO  : Context for 'APU' is selected.
15:11:00 INFO  : 'stop' command is executed.
15:11:00 INFO  : 'ps7_init' command is executed.
15:11:00 INFO  : 'ps7_post_config' command is executed.
15:11:00 INFO  : Context for processor 'ps7_cortexa9_0' is selected.
15:11:00 INFO  : Processor reset is completed for 'ps7_cortexa9_0'.
15:11:00 INFO  : Context for processor 'ps7_cortexa9_0' is selected.
15:11:00 INFO  : The application '/home/justin/github/2018_fall_hardware_software_codesign_lab/arm-uart/arm-uart.sdk/input_data_priority/Debug/input_data_priority.elf' is downloaded to processor 'ps7_cortexa9_0'.
15:11:00 INFO  : 'configparams force-mem-access 0' command is executed.
15:11:00 INFO  : ----------------XSDB Script----------------
connect -url tcp:127.0.0.1:3121
source /home/justin/github/2018_fall_hardware_software_codesign_lab/arm-uart/arm-uart.sdk/design_1_wrapper_hw_platform_0/ps7_init.tcl
targets -set -nocase -filter {name =~"APU*" && jtag_cable_name =~ "Digilent Zed 210248585406"} -index 0
loadhw -hw /home/justin/github/2018_fall_hardware_software_codesign_lab/arm-uart/arm-uart.sdk/design_1_wrapper_hw_platform_0/system.hdf -mem-ranges [list {0x40000000 0xbfffffff}]
configparams force-mem-access 1
targets -set -nocase -filter {name =~"APU*" && jtag_cable_name =~ "Digilent Zed 210248585406"} -index 0
stop
ps7_init
ps7_post_config
targets -set -nocase -filter {name =~ "ARM*#0" && jtag_cable_name =~ "Digilent Zed 210248585406"} -index 0
rst -processor
targets -set -nocase -filter {name =~ "ARM*#0" && jtag_cable_name =~ "Digilent Zed 210248585406"} -index 0
dow /home/justin/github/2018_fall_hardware_software_codesign_lab/arm-uart/arm-uart.sdk/input_data_priority/Debug/input_data_priority.elf
configparams force-mem-access 0
----------------End of Script----------------

15:11:24 INFO  : Disconnected from the channel tcfchan#19.
15:11:25 INFO  : 'targets -set -filter {jtag_cable_name =~ "Digilent Zed 210248585406" && level==0} -index 1' command is executed.
15:11:26 INFO  : 'fpga -state' command is executed.
15:11:26 INFO  : Connected to target on host '127.0.0.1' and port '3121'.
15:11:26 INFO  : Jtag cable 'Digilent Zed 210248585406' is selected.
15:11:26 INFO  : 'jtag frequency' command is executed.
15:11:26 INFO  : Sourcing of '/home/justin/github/2018_fall_hardware_software_codesign_lab/arm-uart/arm-uart.sdk/design_1_wrapper_hw_platform_0/ps7_init.tcl' is done.
15:11:26 INFO  : Context for 'APU' is selected.
15:11:27 INFO  : Hardware design information is loaded from '/home/justin/github/2018_fall_hardware_software_codesign_lab/arm-uart/arm-uart.sdk/design_1_wrapper_hw_platform_0/system.hdf'.
15:11:27 INFO  : 'configparams force-mem-access 1' command is executed.
15:11:27 INFO  : Context for 'APU' is selected.
15:11:27 INFO  : 'stop' command is executed.
15:11:27 INFO  : 'ps7_init' command is executed.
15:11:27 INFO  : 'ps7_post_config' command is executed.
15:11:27 INFO  : Context for processor 'ps7_cortexa9_0' is selected.
15:11:27 INFO  : Processor reset is completed for 'ps7_cortexa9_0'.
15:11:27 INFO  : Context for processor 'ps7_cortexa9_0' is selected.
15:11:28 INFO  : The application '/home/justin/github/2018_fall_hardware_software_codesign_lab/arm-uart/arm-uart.sdk/input_data_priority/Debug/input_data_priority.elf' is downloaded to processor 'ps7_cortexa9_0'.
15:11:28 INFO  : 'configparams force-mem-access 0' command is executed.
15:11:28 INFO  : ----------------XSDB Script----------------
connect -url tcp:127.0.0.1:3121
source /home/justin/github/2018_fall_hardware_software_codesign_lab/arm-uart/arm-uart.sdk/design_1_wrapper_hw_platform_0/ps7_init.tcl
targets -set -nocase -filter {name =~"APU*" && jtag_cable_name =~ "Digilent Zed 210248585406"} -index 0
loadhw -hw /home/justin/github/2018_fall_hardware_software_codesign_lab/arm-uart/arm-uart.sdk/design_1_wrapper_hw_platform_0/system.hdf -mem-ranges [list {0x40000000 0xbfffffff}]
configparams force-mem-access 1
targets -set -nocase -filter {name =~"APU*" && jtag_cable_name =~ "Digilent Zed 210248585406"} -index 0
stop
ps7_init
ps7_post_config
targets -set -nocase -filter {name =~ "ARM*#0" && jtag_cable_name =~ "Digilent Zed 210248585406"} -index 0
rst -processor
targets -set -nocase -filter {name =~ "ARM*#0" && jtag_cable_name =~ "Digilent Zed 210248585406"} -index 0
dow /home/justin/github/2018_fall_hardware_software_codesign_lab/arm-uart/arm-uart.sdk/input_data_priority/Debug/input_data_priority.elf
configparams force-mem-access 0
----------------End of Script----------------

15:11:28 INFO  : Context for processor 'ps7_cortexa9_0' is selected.
15:11:28 INFO  : 'con' command is executed.
15:11:28 INFO  : ----------------XSDB Script (After Launch)----------------
targets -set -nocase -filter {name =~ "ARM*#0" && jtag_cable_name =~ "Digilent Zed 210248585406"} -index 0
con
----------------End of Script----------------

15:11:28 INFO  : Disconnected from the channel tcfchan#20.
15:13:12 INFO  : 'targets -set -filter {jtag_cable_name =~ "Digilent Zed 210248585406" && level==0} -index 1' command is executed.
15:13:12 INFO  : 'fpga -state' command is executed.
15:13:12 INFO  : Connected to target on host '127.0.0.1' and port '3121'.
15:13:12 INFO  : Jtag cable 'Digilent Zed 210248585406' is selected.
15:13:12 INFO  : 'jtag frequency' command is executed.
15:13:12 INFO  : Sourcing of '/home/justin/github/2018_fall_hardware_software_codesign_lab/arm-uart/arm-uart.sdk/design_1_wrapper_hw_platform_0/ps7_init.tcl' is done.
15:13:12 INFO  : Context for 'APU' is selected.
15:13:12 INFO  : Hardware design information is loaded from '/home/justin/github/2018_fall_hardware_software_codesign_lab/arm-uart/arm-uart.sdk/design_1_wrapper_hw_platform_0/system.hdf'.
15:13:12 INFO  : 'configparams force-mem-access 1' command is executed.
15:13:12 INFO  : Context for 'APU' is selected.
15:13:12 INFO  : 'stop' command is executed.
15:13:12 INFO  : 'ps7_init' command is executed.
15:13:12 INFO  : 'ps7_post_config' command is executed.
15:13:12 INFO  : Context for processor 'ps7_cortexa9_0' is selected.
15:13:12 INFO  : Processor reset is completed for 'ps7_cortexa9_0'.
15:13:12 INFO  : Context for processor 'ps7_cortexa9_0' is selected.
15:13:13 INFO  : The application '/home/justin/github/2018_fall_hardware_software_codesign_lab/arm-uart/arm-uart.sdk/input_data_priority/Debug/input_data_priority.elf' is downloaded to processor 'ps7_cortexa9_0'.
15:13:13 INFO  : 'configparams force-mem-access 0' command is executed.
15:13:13 INFO  : ----------------XSDB Script----------------
connect -url tcp:127.0.0.1:3121
source /home/justin/github/2018_fall_hardware_software_codesign_lab/arm-uart/arm-uart.sdk/design_1_wrapper_hw_platform_0/ps7_init.tcl
targets -set -nocase -filter {name =~"APU*" && jtag_cable_name =~ "Digilent Zed 210248585406"} -index 0
loadhw -hw /home/justin/github/2018_fall_hardware_software_codesign_lab/arm-uart/arm-uart.sdk/design_1_wrapper_hw_platform_0/system.hdf -mem-ranges [list {0x40000000 0xbfffffff}]
configparams force-mem-access 1
targets -set -nocase -filter {name =~"APU*" && jtag_cable_name =~ "Digilent Zed 210248585406"} -index 0
stop
ps7_init
ps7_post_config
targets -set -nocase -filter {name =~ "ARM*#0" && jtag_cable_name =~ "Digilent Zed 210248585406"} -index 0
rst -processor
targets -set -nocase -filter {name =~ "ARM*#0" && jtag_cable_name =~ "Digilent Zed 210248585406"} -index 0
dow /home/justin/github/2018_fall_hardware_software_codesign_lab/arm-uart/arm-uart.sdk/input_data_priority/Debug/input_data_priority.elf
configparams force-mem-access 0
----------------End of Script----------------

15:13:13 INFO  : Context for processor 'ps7_cortexa9_0' is selected.
15:13:13 INFO  : 'con' command is executed.
15:13:13 INFO  : ----------------XSDB Script (After Launch)----------------
targets -set -nocase -filter {name =~ "ARM*#0" && jtag_cable_name =~ "Digilent Zed 210248585406"} -index 0
con
----------------End of Script----------------

15:13:13 INFO  : Disconnected from the channel tcfchan#21.
15:13:42 INFO  : 'targets -set -filter {jtag_cable_name =~ "Digilent Zed 210248585406" && level==0} -index 1' command is executed.
15:13:42 INFO  : 'fpga -state' command is executed.
15:13:42 INFO  : Connected to target on host '127.0.0.1' and port '3121'.
15:13:43 INFO  : Jtag cable 'Digilent Zed 210248585406' is selected.
15:13:43 INFO  : 'jtag frequency' command is executed.
15:13:43 INFO  : Sourcing of '/home/justin/github/2018_fall_hardware_software_codesign_lab/arm-uart/arm-uart.sdk/design_1_wrapper_hw_platform_0/ps7_init.tcl' is done.
15:13:43 INFO  : Context for 'APU' is selected.
15:13:43 INFO  : Hardware design information is loaded from '/home/justin/github/2018_fall_hardware_software_codesign_lab/arm-uart/arm-uart.sdk/design_1_wrapper_hw_platform_0/system.hdf'.
15:13:43 INFO  : 'configparams force-mem-access 1' command is executed.
15:13:43 INFO  : Context for 'APU' is selected.
15:13:43 INFO  : 'stop' command is executed.
15:13:43 INFO  : 'ps7_init' command is executed.
15:13:43 INFO  : 'ps7_post_config' command is executed.
15:13:43 INFO  : Context for processor 'ps7_cortexa9_0' is selected.
15:13:43 INFO  : Processor reset is completed for 'ps7_cortexa9_0'.
15:13:43 INFO  : Context for processor 'ps7_cortexa9_0' is selected.
15:13:43 INFO  : The application '/home/justin/github/2018_fall_hardware_software_codesign_lab/arm-uart/arm-uart.sdk/input_data_priority/Debug/input_data_priority.elf' is downloaded to processor 'ps7_cortexa9_0'.
15:13:43 INFO  : 'configparams force-mem-access 0' command is executed.
15:13:43 INFO  : ----------------XSDB Script----------------
connect -url tcp:127.0.0.1:3121
source /home/justin/github/2018_fall_hardware_software_codesign_lab/arm-uart/arm-uart.sdk/design_1_wrapper_hw_platform_0/ps7_init.tcl
targets -set -nocase -filter {name =~"APU*" && jtag_cable_name =~ "Digilent Zed 210248585406"} -index 0
loadhw -hw /home/justin/github/2018_fall_hardware_software_codesign_lab/arm-uart/arm-uart.sdk/design_1_wrapper_hw_platform_0/system.hdf -mem-ranges [list {0x40000000 0xbfffffff}]
configparams force-mem-access 1
targets -set -nocase -filter {name =~"APU*" && jtag_cable_name =~ "Digilent Zed 210248585406"} -index 0
stop
ps7_init
ps7_post_config
targets -set -nocase -filter {name =~ "ARM*#0" && jtag_cable_name =~ "Digilent Zed 210248585406"} -index 0
rst -processor
targets -set -nocase -filter {name =~ "ARM*#0" && jtag_cable_name =~ "Digilent Zed 210248585406"} -index 0
dow /home/justin/github/2018_fall_hardware_software_codesign_lab/arm-uart/arm-uart.sdk/input_data_priority/Debug/input_data_priority.elf
configparams force-mem-access 0
----------------End of Script----------------

15:13:43 INFO  : Context for processor 'ps7_cortexa9_0' is selected.
15:13:43 INFO  : 'con' command is executed.
15:13:43 INFO  : ----------------XSDB Script (After Launch)----------------
targets -set -nocase -filter {name =~ "ARM*#0" && jtag_cable_name =~ "Digilent Zed 210248585406"} -index 0
con
----------------End of Script----------------

15:13:43 INFO  : Disconnected from the channel tcfchan#22.
15:14:58 INFO  : 'targets -set -filter {jtag_cable_name =~ "Digilent Zed 210248585406" && level==0} -index 1' command is executed.
15:14:58 INFO  : 'fpga -state' command is executed.
15:14:58 INFO  : Connected to target on host '127.0.0.1' and port '3121'.
15:14:58 INFO  : Jtag cable 'Digilent Zed 210248585406' is selected.
15:14:58 INFO  : 'jtag frequency' command is executed.
15:14:58 INFO  : Sourcing of '/home/justin/github/2018_fall_hardware_software_codesign_lab/arm-uart/arm-uart.sdk/design_1_wrapper_hw_platform_0/ps7_init.tcl' is done.
15:14:58 INFO  : Context for 'APU' is selected.
15:14:58 INFO  : Hardware design information is loaded from '/home/justin/github/2018_fall_hardware_software_codesign_lab/arm-uart/arm-uart.sdk/design_1_wrapper_hw_platform_0/system.hdf'.
15:14:58 INFO  : 'configparams force-mem-access 1' command is executed.
15:14:58 INFO  : Context for 'APU' is selected.
15:14:58 INFO  : 'stop' command is executed.
15:14:58 INFO  : 'ps7_init' command is executed.
15:14:58 INFO  : 'ps7_post_config' command is executed.
15:14:58 INFO  : Context for processor 'ps7_cortexa9_0' is selected.
15:14:58 INFO  : Processor reset is completed for 'ps7_cortexa9_0'.
15:14:59 INFO  : Context for processor 'ps7_cortexa9_0' is selected.
15:14:59 INFO  : The application '/home/justin/github/2018_fall_hardware_software_codesign_lab/arm-uart/arm-uart.sdk/input_data_priority/Debug/input_data_priority.elf' is downloaded to processor 'ps7_cortexa9_0'.
15:14:59 INFO  : 'configparams force-mem-access 0' command is executed.
15:14:59 INFO  : ----------------XSDB Script----------------
connect -url tcp:127.0.0.1:3121
source /home/justin/github/2018_fall_hardware_software_codesign_lab/arm-uart/arm-uart.sdk/design_1_wrapper_hw_platform_0/ps7_init.tcl
targets -set -nocase -filter {name =~"APU*" && jtag_cable_name =~ "Digilent Zed 210248585406"} -index 0
loadhw -hw /home/justin/github/2018_fall_hardware_software_codesign_lab/arm-uart/arm-uart.sdk/design_1_wrapper_hw_platform_0/system.hdf -mem-ranges [list {0x40000000 0xbfffffff}]
configparams force-mem-access 1
targets -set -nocase -filter {name =~"APU*" && jtag_cable_name =~ "Digilent Zed 210248585406"} -index 0
stop
ps7_init
ps7_post_config
targets -set -nocase -filter {name =~ "ARM*#0" && jtag_cable_name =~ "Digilent Zed 210248585406"} -index 0
rst -processor
targets -set -nocase -filter {name =~ "ARM*#0" && jtag_cable_name =~ "Digilent Zed 210248585406"} -index 0
dow /home/justin/github/2018_fall_hardware_software_codesign_lab/arm-uart/arm-uart.sdk/input_data_priority/Debug/input_data_priority.elf
configparams force-mem-access 0
----------------End of Script----------------

15:14:59 INFO  : Context for processor 'ps7_cortexa9_0' is selected.
15:14:59 INFO  : 'con' command is executed.
15:14:59 INFO  : ----------------XSDB Script (After Launch)----------------
targets -set -nocase -filter {name =~ "ARM*#0" && jtag_cable_name =~ "Digilent Zed 210248585406"} -index 0
con
----------------End of Script----------------

15:14:59 INFO  : Disconnected from the channel tcfchan#23.
15:15:06 INFO  : 'targets -set -filter {jtag_cable_name =~ "Digilent Zed 210248585406" && level==0} -index 1' command is executed.
15:15:06 INFO  : 'fpga -state' command is executed.
15:15:06 INFO  : Connected to target on host '127.0.0.1' and port '3121'.
15:15:06 INFO  : Jtag cable 'Digilent Zed 210248585406' is selected.
15:15:06 INFO  : 'jtag frequency' command is executed.
15:15:06 INFO  : Sourcing of '/home/justin/github/2018_fall_hardware_software_codesign_lab/arm-uart/arm-uart.sdk/design_1_wrapper_hw_platform_0/ps7_init.tcl' is done.
15:15:06 INFO  : Context for 'APU' is selected.
15:15:07 INFO  : Hardware design information is loaded from '/home/justin/github/2018_fall_hardware_software_codesign_lab/arm-uart/arm-uart.sdk/design_1_wrapper_hw_platform_0/system.hdf'.
15:15:07 INFO  : 'configparams force-mem-access 1' command is executed.
15:15:07 INFO  : Context for 'APU' is selected.
15:15:07 INFO  : 'stop' command is executed.
15:15:08 INFO  : 'ps7_init' command is executed.
15:15:08 INFO  : 'ps7_post_config' command is executed.
15:15:08 INFO  : Context for processor 'ps7_cortexa9_0' is selected.
15:15:08 INFO  : Processor reset is completed for 'ps7_cortexa9_0'.
15:15:08 INFO  : Context for processor 'ps7_cortexa9_0' is selected.
15:15:08 INFO  : The application '/home/justin/github/2018_fall_hardware_software_codesign_lab/arm-uart/arm-uart.sdk/input_data_priority/Debug/input_data_priority.elf' is downloaded to processor 'ps7_cortexa9_0'.
15:15:08 INFO  : 'configparams force-mem-access 0' command is executed.
15:15:08 INFO  : ----------------XSDB Script----------------
connect -url tcp:127.0.0.1:3121
source /home/justin/github/2018_fall_hardware_software_codesign_lab/arm-uart/arm-uart.sdk/design_1_wrapper_hw_platform_0/ps7_init.tcl
targets -set -nocase -filter {name =~"APU*" && jtag_cable_name =~ "Digilent Zed 210248585406"} -index 0
loadhw -hw /home/justin/github/2018_fall_hardware_software_codesign_lab/arm-uart/arm-uart.sdk/design_1_wrapper_hw_platform_0/system.hdf -mem-ranges [list {0x40000000 0xbfffffff}]
configparams force-mem-access 1
targets -set -nocase -filter {name =~"APU*" && jtag_cable_name =~ "Digilent Zed 210248585406"} -index 0
stop
ps7_init
ps7_post_config
targets -set -nocase -filter {name =~ "ARM*#0" && jtag_cable_name =~ "Digilent Zed 210248585406"} -index 0
rst -processor
targets -set -nocase -filter {name =~ "ARM*#0" && jtag_cable_name =~ "Digilent Zed 210248585406"} -index 0
dow /home/justin/github/2018_fall_hardware_software_codesign_lab/arm-uart/arm-uart.sdk/input_data_priority/Debug/input_data_priority.elf
configparams force-mem-access 0
----------------End of Script----------------

15:15:08 INFO  : Context for processor 'ps7_cortexa9_0' is selected.
15:15:08 INFO  : 'con' command is executed.
15:15:08 INFO  : ----------------XSDB Script (After Launch)----------------
targets -set -nocase -filter {name =~ "ARM*#0" && jtag_cable_name =~ "Digilent Zed 210248585406"} -index 0
con
----------------End of Script----------------

15:15:08 INFO  : Disconnected from the channel tcfchan#24.
