
*** Running vivado
    with args -log top.vds -m64 -product Vivado -mode batch -messageDb vivado.pb -notrace -source top.tcl


****** Vivado v2018.2 (64-bit)
  **** SW Build 2258646 on Thu Jun 14 20:02:38 MDT 2018
  **** IP Build 2256618 on Thu Jun 14 22:10:49 MDT 2018
    ** Copyright 1986-2018 Xilinx, Inc. All Rights Reserved.

source top.tcl -notrace
Command: synth_design -top top -part xc7z020clg484-1
Starting synth_design
Attempting to get a license for feature 'Synthesis' and/or device 'xc7z020'
INFO: [Common 17-349] Got license for feature 'Synthesis' and/or device 'xc7z020'
INFO: Launching helper process for spawning children vivado processes
INFO: Helper process launched with PID 31718 
---------------------------------------------------------------------------------
Starting RTL Elaboration : Time (s): cpu = 00:00:01 ; elapsed = 00:00:02 . Memory (MB): peak = 1308.301 ; gain = 86.699 ; free physical = 22075 ; free virtual = 58532
---------------------------------------------------------------------------------
INFO: [Synth 8-6157] synthesizing module 'top' [/home/justin/github/2018_fall_hardware_software_codesign_lab/add_sub_controller/add_sub_controller.srcs/sources_1/new/top.v:23]
INFO: [Synth 8-6157] synthesizing module 'div1s' [/home/justin/github/2018_fall_hardware_software_codesign_lab/add_sub_controller/add_sub_controller.srcs/sources_1/imports/lab4/div1s.v:21]
	Parameter n bound to: 50000000 - type: integer 
INFO: [Synth 8-6155] done synthesizing module 'div1s' (1#1) [/home/justin/github/2018_fall_hardware_software_codesign_lab/add_sub_controller/add_sub_controller.srcs/sources_1/imports/lab4/div1s.v:21]
INFO: [Synth 8-6157] synthesizing module 'ctrl' [/home/justin/github/2018_fall_hardware_software_codesign_lab/add_sub_controller/add_sub_controller.srcs/sources_1/imports/lab4/ctrl.v:21]
INFO: [Synth 8-6155] done synthesizing module 'ctrl' (2#1) [/home/justin/github/2018_fall_hardware_software_codesign_lab/add_sub_controller/add_sub_controller.srcs/sources_1/imports/lab4/ctrl.v:21]
INFO: [Synth 8-6157] synthesizing module 'led' [/home/justin/github/2018_fall_hardware_software_codesign_lab/add_sub_controller/add_sub_controller.srcs/sources_1/new/led.v:23]
INFO: [Synth 8-6155] done synthesizing module 'led' (3#1) [/home/justin/github/2018_fall_hardware_software_codesign_lab/add_sub_controller/add_sub_controller.srcs/sources_1/new/led.v:23]
INFO: [Synth 8-6155] done synthesizing module 'top' (4#1) [/home/justin/github/2018_fall_hardware_software_codesign_lab/add_sub_controller/add_sub_controller.srcs/sources_1/new/top.v:23]
---------------------------------------------------------------------------------
Finished RTL Elaboration : Time (s): cpu = 00:00:02 ; elapsed = 00:00:03 . Memory (MB): peak = 1352.926 ; gain = 131.324 ; free physical = 22097 ; free virtual = 58549
---------------------------------------------------------------------------------

Report Check Netlist: 
+------+------------------+-------+---------+-------+------------------+
|      |Item              |Errors |Warnings |Status |Description       |
+------+------------------+-------+---------+-------+------------------+
|1     |multi_driven_nets |      0|        0|Passed |Multi driven nets |
+------+------------------+-------+---------+-------+------------------+
---------------------------------------------------------------------------------
Start Handling Custom Attributes
---------------------------------------------------------------------------------
---------------------------------------------------------------------------------
Finished Handling Custom Attributes : Time (s): cpu = 00:00:02 ; elapsed = 00:00:03 . Memory (MB): peak = 1352.926 ; gain = 131.324 ; free physical = 22096 ; free virtual = 58548
---------------------------------------------------------------------------------
---------------------------------------------------------------------------------
Finished RTL Optimization Phase 1 : Time (s): cpu = 00:00:02 ; elapsed = 00:00:03 . Memory (MB): peak = 1352.926 ; gain = 131.324 ; free physical = 22096 ; free virtual = 58548
---------------------------------------------------------------------------------
INFO: [Device 21-403] Loading part xc7z020clg484-1
INFO: [Project 1-570] Preparing netlist for logic optimization

Processing XDC Constraints
Initializing timing engine
Parsing XDC File [/home/justin/github/2018_fall_hardware_software_codesign_lab/add_sub_controller/add_sub_controller.srcs/constrs_1/new/zed_board_constransts.xdc]
Finished Parsing XDC File [/home/justin/github/2018_fall_hardware_software_codesign_lab/add_sub_controller/add_sub_controller.srcs/constrs_1/new/zed_board_constransts.xdc]
INFO: [Project 1-236] Implementation specific constraints were found while reading constraint file [/home/justin/github/2018_fall_hardware_software_codesign_lab/add_sub_controller/add_sub_controller.srcs/constrs_1/new/zed_board_constransts.xdc]. These constraints will be ignored for synthesis but will be used in implementation. Impacted constraints are listed in the file [.Xil/top_propImpl.xdc].
Resolution: To avoid this warning, move constraints listed in [.Xil/top_propImpl.xdc] to another XDC file and exclude this new file from synthesis with the used_in_synthesis property (File Properties dialog in GUI) and re-run elaboration/synthesis.
Completed Processing XDC Constraints

INFO: [Project 1-111] Unisim Transformation Summary:
No Unisim elements were transformed.

Constraint Validation Runtime : Time (s): cpu = 00:00:00.01 ; elapsed = 00:00:00 . Memory (MB): peak = 1705.910 ; gain = 0.000 ; free physical = 21870 ; free virtual = 58322
---------------------------------------------------------------------------------
Finished Constraint Validation : Time (s): cpu = 00:00:10 ; elapsed = 00:00:24 . Memory (MB): peak = 1705.910 ; gain = 484.309 ; free physical = 21921 ; free virtual = 58374
---------------------------------------------------------------------------------
---------------------------------------------------------------------------------
Start Loading Part and Timing Information
---------------------------------------------------------------------------------
Loading part: xc7z020clg484-1
---------------------------------------------------------------------------------
Finished Loading Part and Timing Information : Time (s): cpu = 00:00:10 ; elapsed = 00:00:24 . Memory (MB): peak = 1705.910 ; gain = 484.309 ; free physical = 21921 ; free virtual = 58374
---------------------------------------------------------------------------------
---------------------------------------------------------------------------------
Start Applying 'set_property' XDC Constraints
---------------------------------------------------------------------------------
---------------------------------------------------------------------------------
Finished applying 'set_property' XDC Constraints : Time (s): cpu = 00:00:11 ; elapsed = 00:00:24 . Memory (MB): peak = 1705.910 ; gain = 484.309 ; free physical = 21922 ; free virtual = 58375
---------------------------------------------------------------------------------
INFO: [Synth 8-5818] HDL ADVISOR - The operator resource <adder> is shared. To prevent sharing consider applying a KEEP on the output of the operator [/home/justin/github/2018_fall_hardware_software_codesign_lab/add_sub_controller/add_sub_controller.srcs/sources_1/new/led.v:33]
---------------------------------------------------------------------------------
Finished RTL Optimization Phase 2 : Time (s): cpu = 00:00:11 ; elapsed = 00:00:24 . Memory (MB): peak = 1705.910 ; gain = 484.309 ; free physical = 21913 ; free virtual = 58366
---------------------------------------------------------------------------------

Report RTL Partitions: 
+-+--------------+------------+----------+
| |RTL Partition |Replication |Instances |
+-+--------------+------------+----------+
+-+--------------+------------+----------+
---------------------------------------------------------------------------------
Start RTL Component Statistics 
---------------------------------------------------------------------------------
Detailed RTL Component Info : 
+---Adders : 
	   2 Input      4 Bit       Adders := 1     
+---Registers : 
	                4 Bit    Registers := 1     
	                1 Bit    Registers := 2     
+---Muxes : 
	   2 Input      1 Bit        Muxes := 1     
---------------------------------------------------------------------------------
Finished RTL Component Statistics 
---------------------------------------------------------------------------------
---------------------------------------------------------------------------------
Start RTL Hierarchical Component Statistics 
---------------------------------------------------------------------------------
Hierarchical RTL Component report 
Module div1s 
Detailed RTL Component Info : 
+---Registers : 
	                1 Bit    Registers := 1     
+---Muxes : 
	   2 Input      1 Bit        Muxes := 1     
Module ctrl 
Detailed RTL Component Info : 
+---Registers : 
	                1 Bit    Registers := 1     
Module led 
Detailed RTL Component Info : 
+---Adders : 
	   2 Input      4 Bit       Adders := 1     
+---Registers : 
	                4 Bit    Registers := 1     
---------------------------------------------------------------------------------
Finished RTL Hierarchical Component Statistics
---------------------------------------------------------------------------------
---------------------------------------------------------------------------------
Start Part Resource Summary
---------------------------------------------------------------------------------
Part Resources:
DSPs: 220 (col length:60)
BRAMs: 280 (col length: RAMB18 60 RAMB36 30)
---------------------------------------------------------------------------------
Finished Part Resource Summary
---------------------------------------------------------------------------------
---------------------------------------------------------------------------------
Start Cross Boundary and Area Optimization
---------------------------------------------------------------------------------
Warning: Parallel synthesis criteria is not met 
---------------------------------------------------------------------------------
Finished Cross Boundary and Area Optimization : Time (s): cpu = 00:00:11 ; elapsed = 00:00:24 . Memory (MB): peak = 1705.910 ; gain = 484.309 ; free physical = 21901 ; free virtual = 58356
---------------------------------------------------------------------------------

Report RTL Partitions: 
+-+--------------+------------+----------+
| |RTL Partition |Replication |Instances |
+-+--------------+------------+----------+
+-+--------------+------------+----------+
---------------------------------------------------------------------------------
Start Applying XDC Timing Constraints
---------------------------------------------------------------------------------
---------------------------------------------------------------------------------
Finished Applying XDC Timing Constraints : Time (s): cpu = 00:00:16 ; elapsed = 00:00:31 . Memory (MB): peak = 1705.910 ; gain = 484.309 ; free physical = 21766 ; free virtual = 58219
---------------------------------------------------------------------------------
---------------------------------------------------------------------------------
Start Timing Optimization
---------------------------------------------------------------------------------
---------------------------------------------------------------------------------
Finished Timing Optimization : Time (s): cpu = 00:00:16 ; elapsed = 00:00:31 . Memory (MB): peak = 1705.910 ; gain = 484.309 ; free physical = 21766 ; free virtual = 58219
---------------------------------------------------------------------------------

Report RTL Partitions: 
+-+--------------+------------+----------+
| |RTL Partition |Replication |Instances |
+-+--------------+------------+----------+
+-+--------------+------------+----------+
---------------------------------------------------------------------------------
Start Technology Mapping
---------------------------------------------------------------------------------
---------------------------------------------------------------------------------
Finished Technology Mapping : Time (s): cpu = 00:00:16 ; elapsed = 00:00:31 . Memory (MB): peak = 1705.910 ; gain = 484.309 ; free physical = 21765 ; free virtual = 58218
---------------------------------------------------------------------------------

Report RTL Partitions: 
+-+--------------+------------+----------+
| |RTL Partition |Replication |Instances |
+-+--------------+------------+----------+
+-+--------------+------------+----------+
---------------------------------------------------------------------------------
Start IO Insertion
---------------------------------------------------------------------------------
---------------------------------------------------------------------------------
Start Flattening Before IO Insertion
---------------------------------------------------------------------------------
---------------------------------------------------------------------------------
Finished Flattening Before IO Insertion
---------------------------------------------------------------------------------
---------------------------------------------------------------------------------
Start Final Netlist Cleanup
---------------------------------------------------------------------------------
---------------------------------------------------------------------------------
Finished Final Netlist Cleanup
---------------------------------------------------------------------------------
---------------------------------------------------------------------------------
Finished IO Insertion : Time (s): cpu = 00:00:16 ; elapsed = 00:00:32 . Memory (MB): peak = 1705.910 ; gain = 484.309 ; free physical = 21748 ; free virtual = 58207
---------------------------------------------------------------------------------

Report Check Netlist: 
+------+------------------+-------+---------+-------+------------------+
|      |Item              |Errors |Warnings |Status |Description       |
+------+------------------+-------+---------+-------+------------------+
|1     |multi_driven_nets |      0|        0|Passed |Multi driven nets |
+------+------------------+-------+---------+-------+------------------+
---------------------------------------------------------------------------------
Start Renaming Generated Instances
---------------------------------------------------------------------------------
---------------------------------------------------------------------------------
Finished Renaming Generated Instances : Time (s): cpu = 00:00:16 ; elapsed = 00:00:32 . Memory (MB): peak = 1705.910 ; gain = 484.309 ; free physical = 21749 ; free virtual = 58207
---------------------------------------------------------------------------------

Report RTL Partitions: 
+-+--------------+------------+----------+
| |RTL Partition |Replication |Instances |
+-+--------------+------------+----------+
+-+--------------+------------+----------+
---------------------------------------------------------------------------------
Start Rebuilding User Hierarchy
---------------------------------------------------------------------------------
---------------------------------------------------------------------------------
Finished Rebuilding User Hierarchy : Time (s): cpu = 00:00:16 ; elapsed = 00:00:32 . Memory (MB): peak = 1705.910 ; gain = 484.309 ; free physical = 21748 ; free virtual = 58207
---------------------------------------------------------------------------------
---------------------------------------------------------------------------------
Start Renaming Generated Ports
---------------------------------------------------------------------------------
---------------------------------------------------------------------------------
Finished Renaming Generated Ports : Time (s): cpu = 00:00:16 ; elapsed = 00:00:32 . Memory (MB): peak = 1705.910 ; gain = 484.309 ; free physical = 21748 ; free virtual = 58207
---------------------------------------------------------------------------------
---------------------------------------------------------------------------------
Start Handling Custom Attributes
---------------------------------------------------------------------------------
---------------------------------------------------------------------------------
Finished Handling Custom Attributes : Time (s): cpu = 00:00:16 ; elapsed = 00:00:32 . Memory (MB): peak = 1705.910 ; gain = 484.309 ; free physical = 21748 ; free virtual = 58207
---------------------------------------------------------------------------------
---------------------------------------------------------------------------------
Start Renaming Generated Nets
---------------------------------------------------------------------------------
---------------------------------------------------------------------------------
Finished Renaming Generated Nets : Time (s): cpu = 00:00:16 ; elapsed = 00:00:32 . Memory (MB): peak = 1705.910 ; gain = 484.309 ; free physical = 21748 ; free virtual = 58207
---------------------------------------------------------------------------------
---------------------------------------------------------------------------------
Start Writing Synthesis Report
---------------------------------------------------------------------------------

Report BlackBoxes: 
+-+--------------+----------+
| |BlackBox name |Instances |
+-+--------------+----------+
+-+--------------+----------+

Report Cell Usage: 
+------+-------+------+
|      |Cell   |Count |
+------+-------+------+
|1     |BUFG   |     1|
|2     |CARRY4 |     7|
|3     |LUT1   |     2|
|4     |LUT3   |     1|
|5     |LUT4   |     3|
|6     |LUT5   |     4|
|7     |LUT6   |     1|
|8     |FDCE   |     4|
|9     |FDRE   |    27|
|10    |IBUF   |     3|
|11    |OBUF   |     4|
+------+-------+------+

Report Instance Areas: 
+------+-----------------+-------+------+
|      |Instance         |Module |Cells |
+------+-----------------+-------+------+
|1     |top              |       |    57|
|2     |  nolabel_line32 |div1s  |    40|
|3     |  nolabel_line37 |ctrl   |     1|
|4     |  nolabel_line43 |led    |     8|
+------+-----------------+-------+------+
---------------------------------------------------------------------------------
Finished Writing Synthesis Report : Time (s): cpu = 00:00:16 ; elapsed = 00:00:32 . Memory (MB): peak = 1705.910 ; gain = 484.309 ; free physical = 21748 ; free virtual = 58207
---------------------------------------------------------------------------------
Synthesis finished with 0 errors, 0 critical warnings and 0 warnings.
Synthesis Optimization Runtime : Time (s): cpu = 00:00:09 ; elapsed = 00:00:13 . Memory (MB): peak = 1705.910 ; gain = 131.324 ; free physical = 21806 ; free virtual = 58264
Synthesis Optimization Complete : Time (s): cpu = 00:00:16 ; elapsed = 00:00:32 . Memory (MB): peak = 1705.910 ; gain = 484.309 ; free physical = 21806 ; free virtual = 58265
INFO: [Project 1-571] Translating synthesized netlist
INFO: [Netlist 29-17] Analyzing 10 Unisim elements for replacement
INFO: [Netlist 29-28] Unisim Transformation completed in 0 CPU seconds
INFO: [Project 1-570] Preparing netlist for logic optimization
INFO: [Opt 31-138] Pushed 0 inverter(s) to 0 load pin(s).
INFO: [Project 1-111] Unisim Transformation Summary:
No Unisim elements were transformed.

INFO: [Common 17-83] Releasing license: Synthesis
21 Infos, 0 Warnings, 0 Critical Warnings and 0 Errors encountered.
synth_design completed successfully
synth_design: Time (s): cpu = 00:00:18 ; elapsed = 00:00:33 . Memory (MB): peak = 1719.918 ; gain = 510.070 ; free physical = 21809 ; free virtual = 58263
WARNING: [Constraints 18-5210] No constraint will be written out.
INFO: [Common 17-1381] The checkpoint '/home/justin/github/2018_fall_hardware_software_codesign_lab/add_sub_controller/add_sub_controller.runs/synth_1/top.dcp' has been generated.
INFO: [runtcl-4] Executing : report_utilization -file top_utilization_synth.rpt -pb top_utilization_synth.pb
report_utilization: Time (s): cpu = 00:00:00.08 ; elapsed = 00:00:00.10 . Memory (MB): peak = 1743.930 ; gain = 0.000 ; free physical = 21810 ; free virtual = 58264
INFO: [Common 17-206] Exiting Vivado at Fri Oct 26 22:56:06 2018...
