17:36:27 INFO  : Registering command handlers for SDK TCF services
17:36:28 INFO  : Launching XSCT server: xsct -n -interactive /home/justin/github/2018_fall_hardware_software_codesign_lab/custom_ip/custom_ip.sdk/temp_xsdb_launch_script.tcl
17:36:30 INFO  : XSCT server has started successfully.
17:36:30 INFO  : Successfully done setting XSCT server connection channel  
17:36:30 INFO  : Successfully done setting SDK workspace  
17:36:30 INFO  : Processing command line option -hwspec /home/justin/github/2018_fall_hardware_software_codesign_lab/custom_ip/custom_ip.sdk/design_1_wrapper.hdf.
01:51:09 INFO  : Registering command handlers for SDK TCF services
01:51:10 INFO  : Launching XSCT server: xsct -n -interactive /home/justin/github/2018_fall_hardware_software_codesign_lab/custom_ip/custom_ip.sdk/temp_xsdb_launch_script.tcl
01:51:12 INFO  : XSCT server has started successfully.
01:51:12 INFO  : Successfully done setting XSCT server connection channel  
01:51:12 INFO  : Successfully done setting SDK workspace  
01:51:12 INFO  : Processing command line option -hwspec /home/justin/github/2018_fall_hardware_software_codesign_lab/custom_ip/custom_ip.sdk/design_1_wrapper.hdf.
01:51:12 INFO  : Checking for hwspec changes in the project design_1_wrapper_hw_platform_0.
15:03:23 INFO  : Registering command handlers for SDK TCF services
15:03:24 INFO  : Launching XSCT server: xsct -n -interactive /home/justin/github/2018_fall_hardware_software_codesign_lab/custom_ip/custom_ip.sdk/temp_xsdb_launch_script.tcl
15:03:25 INFO  : XSCT server has started successfully.
15:03:25 INFO  : Successfully done setting XSCT server connection channel  
15:03:25 INFO  : Successfully done setting SDK workspace  
15:03:25 INFO  : Processing command line option -hwspec /home/justin/github/2018_fall_hardware_software_codesign_lab/custom_ip/custom_ip.sdk/design_1_wrapper.hdf.
15:03:25 INFO  : Checking for hwspec changes in the project design_1_wrapper_hw_platform_0.
15:03:56 INFO  : Connected to target on host '127.0.0.1' and port '3121'.
15:03:56 INFO  : 'targets -set -filter {jtag_cable_name =~ "Digilent Zed 210248585406" && level==0} -index 1' command is executed.
15:03:58 INFO  : FPGA configured successfully with bitstream "/home/justin/github/2018_fall_hardware_software_codesign_lab/custom_ip/custom_ip.sdk/design_1_wrapper_hw_platform_0/design_1_wrapper.bit"
15:04:15 INFO  : 'targets -set -filter {jtag_cable_name =~ "Digilent Zed 210248585406" && level==0} -index 1' command is executed.
15:04:15 INFO  : 'fpga -state' command is executed.
15:04:15 INFO  : Connected to target on host '127.0.0.1' and port '3121'.
15:04:15 INFO  : Jtag cable 'Digilent Zed 210248585406' is selected.
15:04:15 INFO  : 'jtag frequency' command is executed.
15:04:15 INFO  : Sourcing of '/home/justin/github/2018_fall_hardware_software_codesign_lab/custom_ip/custom_ip.sdk/design_1_wrapper_hw_platform_0/ps7_init.tcl' is done.
15:04:15 INFO  : Context for 'APU' is selected.
15:04:15 INFO  : Hardware design information is loaded from '/home/justin/github/2018_fall_hardware_software_codesign_lab/custom_ip/custom_ip.sdk/design_1_wrapper_hw_platform_0/system.hdf'.
15:04:15 INFO  : 'configparams force-mem-access 1' command is executed.
15:04:15 INFO  : Context for 'APU' is selected.
15:04:15 INFO  : 'stop' command is executed.
15:04:15 INFO  : 'ps7_init' command is executed.
15:04:15 INFO  : 'ps7_post_config' command is executed.
15:04:15 INFO  : Context for processor 'ps7_cortexa9_0' is selected.
15:04:15 INFO  : Processor reset is completed for 'ps7_cortexa9_0'.
15:04:15 INFO  : Context for processor 'ps7_cortexa9_0' is selected.
15:04:15 INFO  : The application '/home/justin/github/2018_fall_hardware_software_codesign_lab/custom_ip/custom_ip.sdk/led_test/Debug/led_test.elf' is downloaded to processor 'ps7_cortexa9_0'.
15:04:15 INFO  : 'configparams force-mem-access 0' command is executed.
15:04:15 INFO  : ----------------XSDB Script----------------
connect -url tcp:127.0.0.1:3121
source /home/justin/github/2018_fall_hardware_software_codesign_lab/custom_ip/custom_ip.sdk/design_1_wrapper_hw_platform_0/ps7_init.tcl
targets -set -nocase -filter {name =~"APU*" && jtag_cable_name =~ "Digilent Zed 210248585406"} -index 0
loadhw -hw /home/justin/github/2018_fall_hardware_software_codesign_lab/custom_ip/custom_ip.sdk/design_1_wrapper_hw_platform_0/system.hdf -mem-ranges [list {0x40000000 0xbfffffff}]
configparams force-mem-access 1
targets -set -nocase -filter {name =~"APU*" && jtag_cable_name =~ "Digilent Zed 210248585406"} -index 0
stop
ps7_init
ps7_post_config
targets -set -nocase -filter {name =~ "ARM*#0" && jtag_cable_name =~ "Digilent Zed 210248585406"} -index 0
rst -processor
targets -set -nocase -filter {name =~ "ARM*#0" && jtag_cable_name =~ "Digilent Zed 210248585406"} -index 0
dow /home/justin/github/2018_fall_hardware_software_codesign_lab/custom_ip/custom_ip.sdk/led_test/Debug/led_test.elf
configparams force-mem-access 0
----------------End of Script----------------

15:04:15 INFO  : Context for processor 'ps7_cortexa9_0' is selected.
15:04:15 INFO  : 'con' command is executed.
15:04:15 INFO  : ----------------XSDB Script (After Launch)----------------
targets -set -nocase -filter {name =~ "ARM*#0" && jtag_cable_name =~ "Digilent Zed 210248585406"} -index 0
con
----------------End of Script----------------

15:04:15 INFO  : Disconnected from the channel tcfchan#1.
15:06:07 INFO  : Connected to target on host '127.0.0.1' and port '3121'.
15:06:07 INFO  : 'targets -set -filter {jtag_cable_name =~ "Digilent Zed 210248585406" && level==0} -index 1' command is executed.
15:06:09 INFO  : FPGA configured successfully with bitstream "/home/justin/github/2018_fall_hardware_software_codesign_lab/custom_ip/custom_ip.sdk/design_1_wrapper_hw_platform_0/design_1_wrapper.bit"
15:06:22 INFO  : 'targets -set -filter {jtag_cable_name =~ "Digilent Zed 210248585406" && level==0} -index 1' command is executed.
15:06:22 INFO  : 'fpga -state' command is executed.
15:06:22 INFO  : Connected to target on host '127.0.0.1' and port '3121'.
15:06:23 INFO  : Jtag cable 'Digilent Zed 210248585406' is selected.
15:06:23 INFO  : 'jtag frequency' command is executed.
15:06:23 INFO  : Sourcing of '/home/justin/github/2018_fall_hardware_software_codesign_lab/custom_ip/custom_ip.sdk/design_1_wrapper_hw_platform_0/ps7_init.tcl' is done.
15:06:23 INFO  : Context for 'APU' is selected.
15:06:23 INFO  : Hardware design information is loaded from '/home/justin/github/2018_fall_hardware_software_codesign_lab/custom_ip/custom_ip.sdk/design_1_wrapper_hw_platform_0/system.hdf'.
15:06:23 INFO  : 'configparams force-mem-access 1' command is executed.
15:06:23 INFO  : Context for 'APU' is selected.
15:06:23 INFO  : 'stop' command is executed.
15:06:23 INFO  : 'ps7_init' command is executed.
15:06:23 INFO  : 'ps7_post_config' command is executed.
15:06:23 INFO  : Context for processor 'ps7_cortexa9_0' is selected.
15:06:23 INFO  : Processor reset is completed for 'ps7_cortexa9_0'.
15:06:23 INFO  : Context for processor 'ps7_cortexa9_0' is selected.
15:06:23 INFO  : The application '/home/justin/github/2018_fall_hardware_software_codesign_lab/custom_ip/custom_ip.sdk/led_test/Debug/led_test.elf' is downloaded to processor 'ps7_cortexa9_0'.
15:06:23 INFO  : 'configparams force-mem-access 0' command is executed.
15:06:23 INFO  : ----------------XSDB Script----------------
connect -url tcp:127.0.0.1:3121
source /home/justin/github/2018_fall_hardware_software_codesign_lab/custom_ip/custom_ip.sdk/design_1_wrapper_hw_platform_0/ps7_init.tcl
targets -set -nocase -filter {name =~"APU*" && jtag_cable_name =~ "Digilent Zed 210248585406"} -index 0
loadhw -hw /home/justin/github/2018_fall_hardware_software_codesign_lab/custom_ip/custom_ip.sdk/design_1_wrapper_hw_platform_0/system.hdf -mem-ranges [list {0x40000000 0xbfffffff}]
configparams force-mem-access 1
targets -set -nocase -filter {name =~"APU*" && jtag_cable_name =~ "Digilent Zed 210248585406"} -index 0
stop
ps7_init
ps7_post_config
targets -set -nocase -filter {name =~ "ARM*#0" && jtag_cable_name =~ "Digilent Zed 210248585406"} -index 0
rst -processor
targets -set -nocase -filter {name =~ "ARM*#0" && jtag_cable_name =~ "Digilent Zed 210248585406"} -index 0
dow /home/justin/github/2018_fall_hardware_software_codesign_lab/custom_ip/custom_ip.sdk/led_test/Debug/led_test.elf
configparams force-mem-access 0
----------------End of Script----------------

15:06:23 INFO  : Context for processor 'ps7_cortexa9_0' is selected.
15:06:23 INFO  : 'con' command is executed.
15:06:23 INFO  : ----------------XSDB Script (After Launch)----------------
targets -set -nocase -filter {name =~ "ARM*#0" && jtag_cable_name =~ "Digilent Zed 210248585406"} -index 0
con
----------------End of Script----------------

15:06:23 INFO  : Disconnected from the channel tcfchan#2.
15:07:19 INFO  : 'targets -set -filter {jtag_cable_name =~ "Digilent Zed 210248585406" && level==0} -index 1' command is executed.
15:07:19 INFO  : 'fpga -state' command is executed.
15:07:19 INFO  : Connected to target on host '127.0.0.1' and port '3121'.
15:07:19 INFO  : Jtag cable 'Digilent Zed 210248585406' is selected.
15:07:19 INFO  : 'jtag frequency' command is executed.
15:07:19 INFO  : Sourcing of '/home/justin/github/2018_fall_hardware_software_codesign_lab/custom_ip/custom_ip.sdk/design_1_wrapper_hw_platform_0/ps7_init.tcl' is done.
15:07:19 INFO  : Context for 'APU' is selected.
15:07:19 INFO  : Hardware design information is loaded from '/home/justin/github/2018_fall_hardware_software_codesign_lab/custom_ip/custom_ip.sdk/design_1_wrapper_hw_platform_0/system.hdf'.
15:07:19 INFO  : 'configparams force-mem-access 1' command is executed.
15:07:19 INFO  : Context for 'APU' is selected.
15:07:19 INFO  : 'stop' command is executed.
15:07:20 INFO  : 'ps7_init' command is executed.
15:07:20 INFO  : 'ps7_post_config' command is executed.
15:07:20 INFO  : Context for processor 'ps7_cortexa9_0' is selected.
15:07:20 INFO  : Processor reset is completed for 'ps7_cortexa9_0'.
15:07:20 INFO  : Context for processor 'ps7_cortexa9_0' is selected.
15:07:20 INFO  : The application '/home/justin/github/2018_fall_hardware_software_codesign_lab/custom_ip/custom_ip.sdk/led_test/Debug/led_test.elf' is downloaded to processor 'ps7_cortexa9_0'.
15:07:20 INFO  : 'configparams force-mem-access 0' command is executed.
15:07:20 INFO  : ----------------XSDB Script----------------
connect -url tcp:127.0.0.1:3121
source /home/justin/github/2018_fall_hardware_software_codesign_lab/custom_ip/custom_ip.sdk/design_1_wrapper_hw_platform_0/ps7_init.tcl
targets -set -nocase -filter {name =~"APU*" && jtag_cable_name =~ "Digilent Zed 210248585406"} -index 0
loadhw -hw /home/justin/github/2018_fall_hardware_software_codesign_lab/custom_ip/custom_ip.sdk/design_1_wrapper_hw_platform_0/system.hdf -mem-ranges [list {0x40000000 0xbfffffff}]
configparams force-mem-access 1
targets -set -nocase -filter {name =~"APU*" && jtag_cable_name =~ "Digilent Zed 210248585406"} -index 0
stop
ps7_init
ps7_post_config
targets -set -nocase -filter {name =~ "ARM*#0" && jtag_cable_name =~ "Digilent Zed 210248585406"} -index 0
rst -processor
targets -set -nocase -filter {name =~ "ARM*#0" && jtag_cable_name =~ "Digilent Zed 210248585406"} -index 0
dow /home/justin/github/2018_fall_hardware_software_codesign_lab/custom_ip/custom_ip.sdk/led_test/Debug/led_test.elf
configparams force-mem-access 0
----------------End of Script----------------

15:07:20 INFO  : Memory regions updated for context APU
15:07:20 INFO  : Context for processor 'ps7_cortexa9_0' is selected.
15:07:20 INFO  : 'con' command is executed.
15:07:20 INFO  : ----------------XSDB Script (After Launch)----------------
targets -set -nocase -filter {name =~ "ARM*#0" && jtag_cable_name =~ "Digilent Zed 210248585406"} -index 0
con
----------------End of Script----------------

15:07:20 INFO  : Launch script is exported to file '/home/justin/github/2018_fall_hardware_software_codesign_lab/custom_ip/custom_ip.sdk/.sdk/launch_scripts/xilinx_c-c++_application_(system_debugger)/system_debugger_using_debug_led_test.elf_on_local.tcl'
15:07:38 INFO  : Disconnected from the channel tcfchan#3.
15:07:39 INFO  : 'targets -set -filter {jtag_cable_name =~ "Digilent Zed 210248585406" && level==0} -index 1' command is executed.
15:07:39 INFO  : 'fpga -state' command is executed.
15:07:39 INFO  : Connected to target on host '127.0.0.1' and port '3121'.
15:07:40 INFO  : Jtag cable 'Digilent Zed 210248585406' is selected.
15:07:40 INFO  : 'jtag frequency' command is executed.
15:07:40 INFO  : Sourcing of '/home/justin/github/2018_fall_hardware_software_codesign_lab/custom_ip/custom_ip.sdk/design_1_wrapper_hw_platform_0/ps7_init.tcl' is done.
15:07:40 INFO  : Context for 'APU' is selected.
15:07:41 INFO  : Hardware design information is loaded from '/home/justin/github/2018_fall_hardware_software_codesign_lab/custom_ip/custom_ip.sdk/design_1_wrapper_hw_platform_0/system.hdf'.
15:07:41 INFO  : 'configparams force-mem-access 1' command is executed.
15:07:41 INFO  : Context for 'APU' is selected.
15:07:41 INFO  : 'stop' command is executed.
15:07:41 INFO  : 'ps7_init' command is executed.
15:07:41 INFO  : 'ps7_post_config' command is executed.
15:07:41 INFO  : Context for processor 'ps7_cortexa9_0' is selected.
15:07:41 INFO  : Processor reset is completed for 'ps7_cortexa9_0'.
15:07:41 INFO  : Context for processor 'ps7_cortexa9_0' is selected.
15:07:41 INFO  : The application '/home/justin/github/2018_fall_hardware_software_codesign_lab/custom_ip/custom_ip.sdk/led_test/Debug/led_test.elf' is downloaded to processor 'ps7_cortexa9_0'.
15:07:41 INFO  : 'configparams force-mem-access 0' command is executed.
15:07:41 INFO  : ----------------XSDB Script----------------
connect -url tcp:127.0.0.1:3121
source /home/justin/github/2018_fall_hardware_software_codesign_lab/custom_ip/custom_ip.sdk/design_1_wrapper_hw_platform_0/ps7_init.tcl
targets -set -nocase -filter {name =~"APU*" && jtag_cable_name =~ "Digilent Zed 210248585406"} -index 0
loadhw -hw /home/justin/github/2018_fall_hardware_software_codesign_lab/custom_ip/custom_ip.sdk/design_1_wrapper_hw_platform_0/system.hdf -mem-ranges [list {0x40000000 0xbfffffff}]
configparams force-mem-access 1
targets -set -nocase -filter {name =~"APU*" && jtag_cable_name =~ "Digilent Zed 210248585406"} -index 0
stop
ps7_init
ps7_post_config
targets -set -nocase -filter {name =~ "ARM*#0" && jtag_cable_name =~ "Digilent Zed 210248585406"} -index 0
rst -processor
targets -set -nocase -filter {name =~ "ARM*#0" && jtag_cable_name =~ "Digilent Zed 210248585406"} -index 0
dow /home/justin/github/2018_fall_hardware_software_codesign_lab/custom_ip/custom_ip.sdk/led_test/Debug/led_test.elf
configparams force-mem-access 0
----------------End of Script----------------

15:07:41 INFO  : Memory regions updated for context APU
15:07:41 INFO  : Context for processor 'ps7_cortexa9_0' is selected.
15:07:41 INFO  : 'con' command is executed.
15:07:41 INFO  : ----------------XSDB Script (After Launch)----------------
targets -set -nocase -filter {name =~ "ARM*#0" && jtag_cable_name =~ "Digilent Zed 210248585406"} -index 0
con
----------------End of Script----------------

15:07:41 INFO  : Launch script is exported to file '/home/justin/github/2018_fall_hardware_software_codesign_lab/custom_ip/custom_ip.sdk/.sdk/launch_scripts/xilinx_c-c++_application_(system_debugger)/system_debugger_using_debug_led_test.elf_on_local.tcl'
15:07:55 INFO  : 'targets -set -filter {jtag_cable_name =~ "Digilent Zed 210248585406" && level==0} -index 1' command is executed.
15:07:55 INFO  : 'fpga -state' command is executed.
15:07:55 INFO  : Connected to target on host '127.0.0.1' and port '3121'.
15:07:55 INFO  : Jtag cable 'Digilent Zed 210248585406' is selected.
15:07:55 INFO  : 'jtag frequency' command is executed.
15:07:55 INFO  : Sourcing of '/home/justin/github/2018_fall_hardware_software_codesign_lab/custom_ip/custom_ip.sdk/design_1_wrapper_hw_platform_0/ps7_init.tcl' is done.
15:07:55 INFO  : Context for 'APU' is selected.
15:07:55 INFO  : Hardware design information is loaded from '/home/justin/github/2018_fall_hardware_software_codesign_lab/custom_ip/custom_ip.sdk/design_1_wrapper_hw_platform_0/system.hdf'.
15:07:55 INFO  : 'configparams force-mem-access 1' command is executed.
15:07:55 INFO  : Context for 'APU' is selected.
15:07:55 INFO  : 'stop' command is executed.
15:07:55 INFO  : 'ps7_init' command is executed.
15:07:55 INFO  : 'ps7_post_config' command is executed.
15:07:55 INFO  : Context for processor 'ps7_cortexa9_0' is selected.
15:07:55 INFO  : Processor reset is completed for 'ps7_cortexa9_0'.
15:07:55 INFO  : Context for processor 'ps7_cortexa9_0' is selected.
15:07:55 INFO  : The application '/home/justin/github/2018_fall_hardware_software_codesign_lab/custom_ip/custom_ip.sdk/led_test/Debug/led_test.elf' is downloaded to processor 'ps7_cortexa9_0'.
15:07:55 INFO  : 'configparams force-mem-access 0' command is executed.
15:07:55 INFO  : ----------------XSDB Script----------------
connect -url tcp:127.0.0.1:3121
source /home/justin/github/2018_fall_hardware_software_codesign_lab/custom_ip/custom_ip.sdk/design_1_wrapper_hw_platform_0/ps7_init.tcl
targets -set -nocase -filter {name =~"APU*" && jtag_cable_name =~ "Digilent Zed 210248585406"} -index 0
loadhw -hw /home/justin/github/2018_fall_hardware_software_codesign_lab/custom_ip/custom_ip.sdk/design_1_wrapper_hw_platform_0/system.hdf -mem-ranges [list {0x40000000 0xbfffffff}]
configparams force-mem-access 1
targets -set -nocase -filter {name =~"APU*" && jtag_cable_name =~ "Digilent Zed 210248585406"} -index 0
stop
ps7_init
ps7_post_config
targets -set -nocase -filter {name =~ "ARM*#0" && jtag_cable_name =~ "Digilent Zed 210248585406"} -index 0
rst -processor
targets -set -nocase -filter {name =~ "ARM*#0" && jtag_cable_name =~ "Digilent Zed 210248585406"} -index 0
dow /home/justin/github/2018_fall_hardware_software_codesign_lab/custom_ip/custom_ip.sdk/led_test/Debug/led_test.elf
configparams force-mem-access 0
----------------End of Script----------------

15:07:55 INFO  : Context for processor 'ps7_cortexa9_0' is selected.
15:07:55 INFO  : 'con' command is executed.
15:07:55 INFO  : ----------------XSDB Script (After Launch)----------------
targets -set -nocase -filter {name =~ "ARM*#0" && jtag_cable_name =~ "Digilent Zed 210248585406"} -index 0
con
----------------End of Script----------------

15:07:55 INFO  : Disconnected from the channel tcfchan#4.
15:08:07 INFO  : Connected to target on host '127.0.0.1' and port '3121'.
15:08:07 INFO  : 'targets -set -filter {jtag_cable_name =~ "Digilent Zed 210248585406" && level==0} -index 1' command is executed.
15:08:10 INFO  : FPGA configured successfully with bitstream "/home/justin/github/2018_fall_hardware_software_codesign_lab/custom_ip/custom_ip.sdk/design_1_wrapper_hw_platform_0/design_1_wrapper.bit"
15:08:28 INFO  : 'targets -set -filter {jtag_cable_name =~ "Digilent Zed 210248585406" && level==0} -index 1' command is executed.
15:08:28 INFO  : 'fpga -state' command is executed.
15:08:28 INFO  : Connected to target on host '127.0.0.1' and port '3121'.
15:08:28 INFO  : Jtag cable 'Digilent Zed 210248585406' is selected.
15:08:28 INFO  : 'jtag frequency' command is executed.
15:08:28 INFO  : Sourcing of '/home/justin/github/2018_fall_hardware_software_codesign_lab/custom_ip/custom_ip.sdk/design_1_wrapper_hw_platform_0/ps7_init.tcl' is done.
15:08:28 INFO  : Context for 'APU' is selected.
15:08:28 INFO  : Hardware design information is loaded from '/home/justin/github/2018_fall_hardware_software_codesign_lab/custom_ip/custom_ip.sdk/design_1_wrapper_hw_platform_0/system.hdf'.
15:08:28 INFO  : 'configparams force-mem-access 1' command is executed.
15:08:28 INFO  : Context for 'APU' is selected.
15:08:28 INFO  : 'stop' command is executed.
15:08:28 INFO  : 'ps7_init' command is executed.
15:08:28 INFO  : 'ps7_post_config' command is executed.
15:08:28 INFO  : Context for processor 'ps7_cortexa9_0' is selected.
15:08:28 INFO  : Processor reset is completed for 'ps7_cortexa9_0'.
15:08:28 INFO  : Context for processor 'ps7_cortexa9_0' is selected.
15:08:28 INFO  : The application '/home/justin/github/2018_fall_hardware_software_codesign_lab/custom_ip/custom_ip.sdk/led_test/Debug/led_test.elf' is downloaded to processor 'ps7_cortexa9_0'.
15:08:28 INFO  : 'configparams force-mem-access 0' command is executed.
15:08:28 INFO  : ----------------XSDB Script----------------
connect -url tcp:127.0.0.1:3121
source /home/justin/github/2018_fall_hardware_software_codesign_lab/custom_ip/custom_ip.sdk/design_1_wrapper_hw_platform_0/ps7_init.tcl
targets -set -nocase -filter {name =~"APU*" && jtag_cable_name =~ "Digilent Zed 210248585406"} -index 0
loadhw -hw /home/justin/github/2018_fall_hardware_software_codesign_lab/custom_ip/custom_ip.sdk/design_1_wrapper_hw_platform_0/system.hdf -mem-ranges [list {0x40000000 0xbfffffff}]
configparams force-mem-access 1
targets -set -nocase -filter {name =~"APU*" && jtag_cable_name =~ "Digilent Zed 210248585406"} -index 0
stop
ps7_init
ps7_post_config
targets -set -nocase -filter {name =~ "ARM*#0" && jtag_cable_name =~ "Digilent Zed 210248585406"} -index 0
rst -processor
targets -set -nocase -filter {name =~ "ARM*#0" && jtag_cable_name =~ "Digilent Zed 210248585406"} -index 0
dow /home/justin/github/2018_fall_hardware_software_codesign_lab/custom_ip/custom_ip.sdk/led_test/Debug/led_test.elf
configparams force-mem-access 0
----------------End of Script----------------

15:08:28 INFO  : Context for processor 'ps7_cortexa9_0' is selected.
15:08:29 INFO  : 'con' command is executed.
15:08:29 INFO  : ----------------XSDB Script (After Launch)----------------
targets -set -nocase -filter {name =~ "ARM*#0" && jtag_cable_name =~ "Digilent Zed 210248585406"} -index 0
con
----------------End of Script----------------

15:08:29 INFO  : Disconnected from the channel tcfchan#5.
15:11:54 INFO  : 'targets -set -filter {jtag_cable_name =~ "Digilent Zed 210248585406" && level==0} -index 1' command is executed.
15:11:54 INFO  : 'fpga -state' command is executed.
15:11:54 INFO  : Connected to target on host '127.0.0.1' and port '3121'.
15:11:54 INFO  : Jtag cable 'Digilent Zed 210248585406' is selected.
15:11:54 INFO  : 'jtag frequency' command is executed.
15:11:54 INFO  : Sourcing of '/home/justin/github/2018_fall_hardware_software_codesign_lab/custom_ip/custom_ip.sdk/design_1_wrapper_hw_platform_0/ps7_init.tcl' is done.
15:11:54 INFO  : Context for 'APU' is selected.
15:11:54 INFO  : Hardware design information is loaded from '/home/justin/github/2018_fall_hardware_software_codesign_lab/custom_ip/custom_ip.sdk/design_1_wrapper_hw_platform_0/system.hdf'.
15:11:54 INFO  : 'configparams force-mem-access 1' command is executed.
15:11:54 INFO  : Context for 'APU' is selected.
15:11:54 INFO  : 'stop' command is executed.
15:11:54 INFO  : 'ps7_init' command is executed.
15:11:54 INFO  : 'ps7_post_config' command is executed.
15:11:54 INFO  : Context for processor 'ps7_cortexa9_0' is selected.
15:11:54 INFO  : Processor reset is completed for 'ps7_cortexa9_0'.
15:11:54 INFO  : Context for processor 'ps7_cortexa9_0' is selected.
15:11:55 INFO  : The application '/home/justin/github/2018_fall_hardware_software_codesign_lab/custom_ip/custom_ip.sdk/led_test/Debug/led_test.elf' is downloaded to processor 'ps7_cortexa9_0'.
15:11:55 INFO  : 'configparams force-mem-access 0' command is executed.
15:11:55 INFO  : ----------------XSDB Script----------------
connect -url tcp:127.0.0.1:3121
source /home/justin/github/2018_fall_hardware_software_codesign_lab/custom_ip/custom_ip.sdk/design_1_wrapper_hw_platform_0/ps7_init.tcl
targets -set -nocase -filter {name =~"APU*" && jtag_cable_name =~ "Digilent Zed 210248585406"} -index 0
loadhw -hw /home/justin/github/2018_fall_hardware_software_codesign_lab/custom_ip/custom_ip.sdk/design_1_wrapper_hw_platform_0/system.hdf -mem-ranges [list {0x40000000 0xbfffffff}]
configparams force-mem-access 1
targets -set -nocase -filter {name =~"APU*" && jtag_cable_name =~ "Digilent Zed 210248585406"} -index 0
stop
ps7_init
ps7_post_config
targets -set -nocase -filter {name =~ "ARM*#0" && jtag_cable_name =~ "Digilent Zed 210248585406"} -index 0
rst -processor
targets -set -nocase -filter {name =~ "ARM*#0" && jtag_cable_name =~ "Digilent Zed 210248585406"} -index 0
dow /home/justin/github/2018_fall_hardware_software_codesign_lab/custom_ip/custom_ip.sdk/led_test/Debug/led_test.elf
configparams force-mem-access 0
----------------End of Script----------------

15:11:55 INFO  : Context for processor 'ps7_cortexa9_0' is selected.
15:11:55 INFO  : 'con' command is executed.
15:11:55 INFO  : ----------------XSDB Script (After Launch)----------------
targets -set -nocase -filter {name =~ "ARM*#0" && jtag_cable_name =~ "Digilent Zed 210248585406"} -index 0
con
----------------End of Script----------------

15:11:55 INFO  : Disconnected from the channel tcfchan#6.
15:13:29 INFO  : 'targets -set -filter {jtag_cable_name =~ "Digilent Zed 210248585406" && level==0} -index 1' command is executed.
15:13:29 INFO  : 'fpga -state' command is executed.
15:13:29 INFO  : Connected to target on host '127.0.0.1' and port '3121'.
15:13:29 INFO  : Jtag cable 'Digilent Zed 210248585406' is selected.
15:13:29 INFO  : 'jtag frequency' command is executed.
15:13:29 INFO  : Sourcing of '/home/justin/github/2018_fall_hardware_software_codesign_lab/custom_ip/custom_ip.sdk/design_1_wrapper_hw_platform_0/ps7_init.tcl' is done.
15:13:29 INFO  : Context for 'APU' is selected.
15:13:29 INFO  : Hardware design information is loaded from '/home/justin/github/2018_fall_hardware_software_codesign_lab/custom_ip/custom_ip.sdk/design_1_wrapper_hw_platform_0/system.hdf'.
15:13:29 INFO  : 'configparams force-mem-access 1' command is executed.
15:13:29 INFO  : Context for 'APU' is selected.
15:13:29 INFO  : 'stop' command is executed.
15:13:30 INFO  : 'ps7_init' command is executed.
15:13:30 INFO  : 'ps7_post_config' command is executed.
15:13:30 INFO  : Context for processor 'ps7_cortexa9_0' is selected.
15:13:30 INFO  : Processor reset is completed for 'ps7_cortexa9_0'.
15:13:30 INFO  : Context for processor 'ps7_cortexa9_0' is selected.
15:13:30 INFO  : The application '/home/justin/github/2018_fall_hardware_software_codesign_lab/custom_ip/custom_ip.sdk/led_test/Debug/led_test.elf' is downloaded to processor 'ps7_cortexa9_0'.
15:13:30 INFO  : 'configparams force-mem-access 0' command is executed.
15:13:30 INFO  : ----------------XSDB Script----------------
connect -url tcp:127.0.0.1:3121
source /home/justin/github/2018_fall_hardware_software_codesign_lab/custom_ip/custom_ip.sdk/design_1_wrapper_hw_platform_0/ps7_init.tcl
targets -set -nocase -filter {name =~"APU*" && jtag_cable_name =~ "Digilent Zed 210248585406"} -index 0
loadhw -hw /home/justin/github/2018_fall_hardware_software_codesign_lab/custom_ip/custom_ip.sdk/design_1_wrapper_hw_platform_0/system.hdf -mem-ranges [list {0x40000000 0xbfffffff}]
configparams force-mem-access 1
targets -set -nocase -filter {name =~"APU*" && jtag_cable_name =~ "Digilent Zed 210248585406"} -index 0
stop
ps7_init
ps7_post_config
targets -set -nocase -filter {name =~ "ARM*#0" && jtag_cable_name =~ "Digilent Zed 210248585406"} -index 0
rst -processor
targets -set -nocase -filter {name =~ "ARM*#0" && jtag_cable_name =~ "Digilent Zed 210248585406"} -index 0
dow /home/justin/github/2018_fall_hardware_software_codesign_lab/custom_ip/custom_ip.sdk/led_test/Debug/led_test.elf
configparams force-mem-access 0
----------------End of Script----------------

15:13:30 INFO  : Context for processor 'ps7_cortexa9_0' is selected.
15:13:30 INFO  : 'con' command is executed.
15:13:30 INFO  : ----------------XSDB Script (After Launch)----------------
targets -set -nocase -filter {name =~ "ARM*#0" && jtag_cable_name =~ "Digilent Zed 210248585406"} -index 0
con
----------------End of Script----------------

15:13:30 INFO  : Disconnected from the channel tcfchan#7.
15:13:39 INFO  : 'targets -set -filter {jtag_cable_name =~ "Digilent Zed 210248585406" && level==0} -index 1' command is executed.
15:13:39 INFO  : 'fpga -state' command is executed.
15:13:39 INFO  : Connected to target on host '127.0.0.1' and port '3121'.
15:13:39 INFO  : Jtag cable 'Digilent Zed 210248585406' is selected.
15:13:39 INFO  : 'jtag frequency' command is executed.
15:13:39 INFO  : Sourcing of '/home/justin/github/2018_fall_hardware_software_codesign_lab/custom_ip/custom_ip.sdk/design_1_wrapper_hw_platform_0/ps7_init.tcl' is done.
15:13:39 INFO  : Context for 'APU' is selected.
15:13:39 INFO  : Hardware design information is loaded from '/home/justin/github/2018_fall_hardware_software_codesign_lab/custom_ip/custom_ip.sdk/design_1_wrapper_hw_platform_0/system.hdf'.
15:13:39 INFO  : 'configparams force-mem-access 1' command is executed.
15:13:39 INFO  : Context for 'APU' is selected.
15:13:39 INFO  : 'stop' command is executed.
15:13:41 INFO  : 'ps7_init' command is executed.
15:13:41 INFO  : 'ps7_post_config' command is executed.
15:13:41 INFO  : Context for processor 'ps7_cortexa9_0' is selected.
15:13:41 INFO  : Processor reset is completed for 'ps7_cortexa9_0'.
15:13:41 INFO  : Context for processor 'ps7_cortexa9_0' is selected.
15:13:43 ERROR : Memory write error at 0x100000. APB AP transaction error, DAP status f0000021
15:13:43 INFO  : ----------------XSDB Script----------------
connect -url tcp:127.0.0.1:3121
source /home/justin/github/2018_fall_hardware_software_codesign_lab/custom_ip/custom_ip.sdk/design_1_wrapper_hw_platform_0/ps7_init.tcl
targets -set -nocase -filter {name =~"APU*" && jtag_cable_name =~ "Digilent Zed 210248585406"} -index 0
loadhw -hw /home/justin/github/2018_fall_hardware_software_codesign_lab/custom_ip/custom_ip.sdk/design_1_wrapper_hw_platform_0/system.hdf -mem-ranges [list {0x40000000 0xbfffffff}]
configparams force-mem-access 1
targets -set -nocase -filter {name =~"APU*" && jtag_cable_name =~ "Digilent Zed 210248585406"} -index 0
stop
ps7_init
ps7_post_config
targets -set -nocase -filter {name =~ "ARM*#0" && jtag_cable_name =~ "Digilent Zed 210248585406"} -index 0
rst -processor
targets -set -nocase -filter {name =~ "ARM*#0" && jtag_cable_name =~ "Digilent Zed 210248585406"} -index 0
dow /home/justin/github/2018_fall_hardware_software_codesign_lab/custom_ip/custom_ip.sdk/led_test/Debug/led_test.elf
----------------End of Script----------------

15:13:53 INFO  : 'targets -set -filter {jtag_cable_name =~ "Digilent Zed 210248585406" && level==0} -index 1' command is executed.
15:13:53 INFO  : 'fpga -state' command is executed.
15:13:53 INFO  : Connected to target on host '127.0.0.1' and port '3121'.
15:13:53 INFO  : Jtag cable 'Digilent Zed 210248585406' is selected.
15:13:53 INFO  : 'jtag frequency' command is executed.
15:13:53 INFO  : Sourcing of '/home/justin/github/2018_fall_hardware_software_codesign_lab/custom_ip/custom_ip.sdk/design_1_wrapper_hw_platform_0/ps7_init.tcl' is done.
15:13:53 INFO  : Context for 'APU' is selected.
15:13:53 INFO  : Hardware design information is loaded from '/home/justin/github/2018_fall_hardware_software_codesign_lab/custom_ip/custom_ip.sdk/design_1_wrapper_hw_platform_0/system.hdf'.
15:13:53 INFO  : 'configparams force-mem-access 1' command is executed.
15:13:53 INFO  : Context for 'APU' is selected.
15:13:53 INFO  : 'stop' command is executed.
15:13:53 INFO  : 'ps7_init' command is executed.
15:13:53 INFO  : 'ps7_post_config' command is executed.
15:13:53 INFO  : Context for processor 'ps7_cortexa9_0' is selected.
15:13:53 INFO  : Processor reset is completed for 'ps7_cortexa9_0'.
15:13:53 INFO  : Context for processor 'ps7_cortexa9_0' is selected.
15:13:53 INFO  : The application '/home/justin/github/2018_fall_hardware_software_codesign_lab/custom_ip/custom_ip.sdk/led_test/Debug/led_test.elf' is downloaded to processor 'ps7_cortexa9_0'.
15:13:53 INFO  : 'configparams force-mem-access 0' command is executed.
15:13:53 INFO  : ----------------XSDB Script----------------
connect -url tcp:127.0.0.1:3121
source /home/justin/github/2018_fall_hardware_software_codesign_lab/custom_ip/custom_ip.sdk/design_1_wrapper_hw_platform_0/ps7_init.tcl
targets -set -nocase -filter {name =~"APU*" && jtag_cable_name =~ "Digilent Zed 210248585406"} -index 0
loadhw -hw /home/justin/github/2018_fall_hardware_software_codesign_lab/custom_ip/custom_ip.sdk/design_1_wrapper_hw_platform_0/system.hdf -mem-ranges [list {0x40000000 0xbfffffff}]
configparams force-mem-access 1
targets -set -nocase -filter {name =~"APU*" && jtag_cable_name =~ "Digilent Zed 210248585406"} -index 0
stop
ps7_init
ps7_post_config
targets -set -nocase -filter {name =~ "ARM*#0" && jtag_cable_name =~ "Digilent Zed 210248585406"} -index 0
rst -processor
targets -set -nocase -filter {name =~ "ARM*#0" && jtag_cable_name =~ "Digilent Zed 210248585406"} -index 0
dow /home/justin/github/2018_fall_hardware_software_codesign_lab/custom_ip/custom_ip.sdk/led_test/Debug/led_test.elf
configparams force-mem-access 0
----------------End of Script----------------

15:13:53 INFO  : Context for processor 'ps7_cortexa9_0' is selected.
15:13:53 INFO  : 'con' command is executed.
15:13:53 INFO  : ----------------XSDB Script (After Launch)----------------
targets -set -nocase -filter {name =~ "ARM*#0" && jtag_cable_name =~ "Digilent Zed 210248585406"} -index 0
con
----------------End of Script----------------

15:13:53 INFO  : Disconnected from the channel tcfchan#8.
15:14:05 INFO  : 'targets -set -filter {jtag_cable_name =~ "Digilent Zed 210248585406" && level==0} -index 1' command is executed.
15:14:05 INFO  : 'fpga -state' command is executed.
15:14:05 INFO  : Connected to target on host '127.0.0.1' and port '3121'.
15:14:06 INFO  : Jtag cable 'Digilent Zed 210248585406' is selected.
15:14:06 INFO  : 'jtag frequency' command is executed.
15:14:06 INFO  : Sourcing of '/home/justin/github/2018_fall_hardware_software_codesign_lab/custom_ip/custom_ip.sdk/design_1_wrapper_hw_platform_0/ps7_init.tcl' is done.
15:14:06 INFO  : Context for 'APU' is selected.
15:14:06 INFO  : Hardware design information is loaded from '/home/justin/github/2018_fall_hardware_software_codesign_lab/custom_ip/custom_ip.sdk/design_1_wrapper_hw_platform_0/system.hdf'.
15:14:06 INFO  : 'configparams force-mem-access 1' command is executed.
15:14:06 INFO  : Context for 'APU' is selected.
15:14:06 INFO  : 'stop' command is executed.
15:14:07 INFO  : 'ps7_init' command is executed.
15:14:07 INFO  : 'ps7_post_config' command is executed.
15:14:07 INFO  : Context for processor 'ps7_cortexa9_0' is selected.
15:14:07 INFO  : Processor reset is completed for 'ps7_cortexa9_0'.
15:14:07 INFO  : Context for processor 'ps7_cortexa9_0' is selected.
15:14:09 ERROR : Memory write error at 0x100000. APB AP transaction error, DAP status f0000021
15:14:09 INFO  : ----------------XSDB Script----------------
connect -url tcp:127.0.0.1:3121
source /home/justin/github/2018_fall_hardware_software_codesign_lab/custom_ip/custom_ip.sdk/design_1_wrapper_hw_platform_0/ps7_init.tcl
targets -set -nocase -filter {name =~"APU*" && jtag_cable_name =~ "Digilent Zed 210248585406"} -index 0
loadhw -hw /home/justin/github/2018_fall_hardware_software_codesign_lab/custom_ip/custom_ip.sdk/design_1_wrapper_hw_platform_0/system.hdf -mem-ranges [list {0x40000000 0xbfffffff}]
configparams force-mem-access 1
targets -set -nocase -filter {name =~"APU*" && jtag_cable_name =~ "Digilent Zed 210248585406"} -index 0
stop
ps7_init
ps7_post_config
targets -set -nocase -filter {name =~ "ARM*#0" && jtag_cable_name =~ "Digilent Zed 210248585406"} -index 0
rst -processor
targets -set -nocase -filter {name =~ "ARM*#0" && jtag_cable_name =~ "Digilent Zed 210248585406"} -index 0
dow /home/justin/github/2018_fall_hardware_software_codesign_lab/custom_ip/custom_ip.sdk/led_test/Debug/led_test.elf
----------------End of Script----------------

15:14:28 INFO  : Connected to target on host '127.0.0.1' and port '3121'.
15:14:28 INFO  : 'targets -set -filter {jtag_cable_name =~ "Digilent Zed 210248585406" && level==0} -index 1' command is executed.
15:14:30 INFO  : FPGA configured successfully with bitstream "/home/justin/github/2018_fall_hardware_software_codesign_lab/custom_ip/custom_ip.sdk/design_1_wrapper_hw_platform_0/design_1_wrapper.bit"
15:14:43 INFO  : 'targets -set -filter {jtag_cable_name =~ "Digilent Zed 210248585406" && level==0} -index 1' command is executed.
15:14:43 INFO  : 'fpga -state' command is executed.
15:14:43 INFO  : Connected to target on host '127.0.0.1' and port '3121'.
15:14:43 INFO  : Jtag cable 'Digilent Zed 210248585406' is selected.
15:14:43 INFO  : 'jtag frequency' command is executed.
15:14:43 INFO  : Sourcing of '/home/justin/github/2018_fall_hardware_software_codesign_lab/custom_ip/custom_ip.sdk/design_1_wrapper_hw_platform_0/ps7_init.tcl' is done.
15:14:43 INFO  : Context for 'APU' is selected.
15:14:43 INFO  : Hardware design information is loaded from '/home/justin/github/2018_fall_hardware_software_codesign_lab/custom_ip/custom_ip.sdk/design_1_wrapper_hw_platform_0/system.hdf'.
15:14:43 INFO  : 'configparams force-mem-access 1' command is executed.
15:14:43 INFO  : Context for 'APU' is selected.
15:14:43 INFO  : 'stop' command is executed.
15:14:44 INFO  : 'ps7_init' command is executed.
15:14:44 INFO  : 'ps7_post_config' command is executed.
15:14:44 INFO  : Context for processor 'ps7_cortexa9_0' is selected.
15:14:44 INFO  : Processor reset is completed for 'ps7_cortexa9_0'.
15:14:44 INFO  : Context for processor 'ps7_cortexa9_0' is selected.
15:14:44 INFO  : The application '/home/justin/github/2018_fall_hardware_software_codesign_lab/custom_ip/custom_ip.sdk/led_test/Debug/led_test.elf' is downloaded to processor 'ps7_cortexa9_0'.
15:14:44 INFO  : 'configparams force-mem-access 0' command is executed.
15:14:44 INFO  : ----------------XSDB Script----------------
connect -url tcp:127.0.0.1:3121
source /home/justin/github/2018_fall_hardware_software_codesign_lab/custom_ip/custom_ip.sdk/design_1_wrapper_hw_platform_0/ps7_init.tcl
targets -set -nocase -filter {name =~"APU*" && jtag_cable_name =~ "Digilent Zed 210248585406"} -index 0
loadhw -hw /home/justin/github/2018_fall_hardware_software_codesign_lab/custom_ip/custom_ip.sdk/design_1_wrapper_hw_platform_0/system.hdf -mem-ranges [list {0x40000000 0xbfffffff}]
configparams force-mem-access 1
targets -set -nocase -filter {name =~"APU*" && jtag_cable_name =~ "Digilent Zed 210248585406"} -index 0
stop
ps7_init
ps7_post_config
targets -set -nocase -filter {name =~ "ARM*#0" && jtag_cable_name =~ "Digilent Zed 210248585406"} -index 0
rst -processor
targets -set -nocase -filter {name =~ "ARM*#0" && jtag_cable_name =~ "Digilent Zed 210248585406"} -index 0
dow /home/justin/github/2018_fall_hardware_software_codesign_lab/custom_ip/custom_ip.sdk/led_test/Debug/led_test.elf
configparams force-mem-access 0
----------------End of Script----------------

15:14:44 INFO  : Context for processor 'ps7_cortexa9_0' is selected.
15:14:44 INFO  : 'con' command is executed.
15:14:44 INFO  : ----------------XSDB Script (After Launch)----------------
targets -set -nocase -filter {name =~ "ARM*#0" && jtag_cable_name =~ "Digilent Zed 210248585406"} -index 0
con
----------------End of Script----------------

15:14:44 INFO  : Disconnected from the channel tcfchan#9.
15:15:10 INFO  : 'targets -set -filter {jtag_cable_name =~ "Digilent Zed 210248585406" && level==0} -index 1' command is executed.
15:15:10 INFO  : 'fpga -state' command is executed.
15:15:10 INFO  : Connected to target on host '127.0.0.1' and port '3121'.
15:15:10 INFO  : Jtag cable 'Digilent Zed 210248585406' is selected.
15:15:10 INFO  : 'jtag frequency' command is executed.
15:15:10 INFO  : Sourcing of '/home/justin/github/2018_fall_hardware_software_codesign_lab/custom_ip/custom_ip.sdk/design_1_wrapper_hw_platform_0/ps7_init.tcl' is done.
15:15:10 INFO  : Context for 'APU' is selected.
15:15:11 INFO  : Hardware design information is loaded from '/home/justin/github/2018_fall_hardware_software_codesign_lab/custom_ip/custom_ip.sdk/design_1_wrapper_hw_platform_0/system.hdf'.
15:15:11 INFO  : 'configparams force-mem-access 1' command is executed.
15:15:11 INFO  : Context for 'APU' is selected.
15:15:11 INFO  : 'stop' command is executed.
15:15:11 INFO  : 'ps7_init' command is executed.
15:15:11 INFO  : 'ps7_post_config' command is executed.
15:15:11 INFO  : Context for processor 'ps7_cortexa9_0' is selected.
15:15:11 INFO  : Processor reset is completed for 'ps7_cortexa9_0'.
15:15:11 INFO  : Context for processor 'ps7_cortexa9_0' is selected.
15:15:11 INFO  : The application '/home/justin/github/2018_fall_hardware_software_codesign_lab/custom_ip/custom_ip.sdk/led_test/Debug/led_test.elf' is downloaded to processor 'ps7_cortexa9_0'.
15:15:11 INFO  : 'configparams force-mem-access 0' command is executed.
15:15:11 INFO  : ----------------XSDB Script----------------
connect -url tcp:127.0.0.1:3121
source /home/justin/github/2018_fall_hardware_software_codesign_lab/custom_ip/custom_ip.sdk/design_1_wrapper_hw_platform_0/ps7_init.tcl
targets -set -nocase -filter {name =~"APU*" && jtag_cable_name =~ "Digilent Zed 210248585406"} -index 0
loadhw -hw /home/justin/github/2018_fall_hardware_software_codesign_lab/custom_ip/custom_ip.sdk/design_1_wrapper_hw_platform_0/system.hdf -mem-ranges [list {0x40000000 0xbfffffff}]
configparams force-mem-access 1
targets -set -nocase -filter {name =~"APU*" && jtag_cable_name =~ "Digilent Zed 210248585406"} -index 0
stop
ps7_init
ps7_post_config
targets -set -nocase -filter {name =~ "ARM*#0" && jtag_cable_name =~ "Digilent Zed 210248585406"} -index 0
rst -processor
targets -set -nocase -filter {name =~ "ARM*#0" && jtag_cable_name =~ "Digilent Zed 210248585406"} -index 0
dow /home/justin/github/2018_fall_hardware_software_codesign_lab/custom_ip/custom_ip.sdk/led_test/Debug/led_test.elf
configparams force-mem-access 0
----------------End of Script----------------

15:15:11 INFO  : Context for processor 'ps7_cortexa9_0' is selected.
15:15:11 INFO  : 'con' command is executed.
15:15:11 INFO  : ----------------XSDB Script (After Launch)----------------
targets -set -nocase -filter {name =~ "ARM*#0" && jtag_cable_name =~ "Digilent Zed 210248585406"} -index 0
con
----------------End of Script----------------

15:15:11 INFO  : Disconnected from the channel tcfchan#10.
15:15:28 INFO  : 'targets -set -filter {jtag_cable_name =~ "Digilent Zed 210248585406" && level==0} -index 1' command is executed.
15:15:28 INFO  : 'fpga -state' command is executed.
15:15:28 INFO  : Connected to target on host '127.0.0.1' and port '3121'.
15:15:28 INFO  : Jtag cable 'Digilent Zed 210248585406' is selected.
15:15:28 INFO  : 'jtag frequency' command is executed.
15:15:28 INFO  : Sourcing of '/home/justin/github/2018_fall_hardware_software_codesign_lab/custom_ip/custom_ip.sdk/design_1_wrapper_hw_platform_0/ps7_init.tcl' is done.
15:15:28 INFO  : Context for 'APU' is selected.
15:15:30 INFO  : Hardware design information is loaded from '/home/justin/github/2018_fall_hardware_software_codesign_lab/custom_ip/custom_ip.sdk/design_1_wrapper_hw_platform_0/system.hdf'.
15:15:30 INFO  : 'configparams force-mem-access 1' command is executed.
15:15:30 INFO  : Context for 'APU' is selected.
15:15:30 INFO  : 'stop' command is executed.
15:15:30 INFO  : 'ps7_init' command is executed.
15:15:30 INFO  : 'ps7_post_config' command is executed.
15:15:30 INFO  : Context for processor 'ps7_cortexa9_0' is selected.
15:15:30 INFO  : Processor reset is completed for 'ps7_cortexa9_0'.
15:15:30 INFO  : Context for processor 'ps7_cortexa9_0' is selected.
15:15:30 INFO  : The application '/home/justin/github/2018_fall_hardware_software_codesign_lab/custom_ip/custom_ip.sdk/led_test/Debug/led_test.elf' is downloaded to processor 'ps7_cortexa9_0'.
15:15:30 INFO  : 'configparams force-mem-access 0' command is executed.
15:15:30 INFO  : ----------------XSDB Script----------------
connect -url tcp:127.0.0.1:3121
source /home/justin/github/2018_fall_hardware_software_codesign_lab/custom_ip/custom_ip.sdk/design_1_wrapper_hw_platform_0/ps7_init.tcl
targets -set -nocase -filter {name =~"APU*" && jtag_cable_name =~ "Digilent Zed 210248585406"} -index 0
loadhw -hw /home/justin/github/2018_fall_hardware_software_codesign_lab/custom_ip/custom_ip.sdk/design_1_wrapper_hw_platform_0/system.hdf -mem-ranges [list {0x40000000 0xbfffffff}]
configparams force-mem-access 1
targets -set -nocase -filter {name =~"APU*" && jtag_cable_name =~ "Digilent Zed 210248585406"} -index 0
stop
ps7_init
ps7_post_config
targets -set -nocase -filter {name =~ "ARM*#0" && jtag_cable_name =~ "Digilent Zed 210248585406"} -index 0
rst -processor
targets -set -nocase -filter {name =~ "ARM*#0" && jtag_cable_name =~ "Digilent Zed 210248585406"} -index 0
dow /home/justin/github/2018_fall_hardware_software_codesign_lab/custom_ip/custom_ip.sdk/led_test/Debug/led_test.elf
configparams force-mem-access 0
----------------End of Script----------------

15:15:30 INFO  : Context for processor 'ps7_cortexa9_0' is selected.
15:15:30 INFO  : 'con' command is executed.
15:15:30 INFO  : ----------------XSDB Script (After Launch)----------------
targets -set -nocase -filter {name =~ "ARM*#0" && jtag_cable_name =~ "Digilent Zed 210248585406"} -index 0
con
----------------End of Script----------------

15:15:30 INFO  : Disconnected from the channel tcfchan#11.
15:16:58 INFO  : 'targets -set -filter {jtag_cable_name =~ "Digilent Zed 210248585406" && level==0} -index 1' command is executed.
15:16:58 INFO  : 'fpga -state' command is executed.
15:16:58 INFO  : Connected to target on host '127.0.0.1' and port '3121'.
15:16:58 INFO  : Jtag cable 'Digilent Zed 210248585406' is selected.
15:16:58 INFO  : 'jtag frequency' command is executed.
15:16:58 INFO  : Sourcing of '/home/justin/github/2018_fall_hardware_software_codesign_lab/custom_ip/custom_ip.sdk/design_1_wrapper_hw_platform_0/ps7_init.tcl' is done.
15:16:58 INFO  : Context for 'APU' is selected.
15:16:58 INFO  : Hardware design information is loaded from '/home/justin/github/2018_fall_hardware_software_codesign_lab/custom_ip/custom_ip.sdk/design_1_wrapper_hw_platform_0/system.hdf'.
15:16:58 INFO  : 'configparams force-mem-access 1' command is executed.
15:16:58 INFO  : Context for 'APU' is selected.
15:16:58 INFO  : 'stop' command is executed.
15:16:58 INFO  : 'ps7_init' command is executed.
15:16:58 INFO  : 'ps7_post_config' command is executed.
15:16:58 INFO  : Context for processor 'ps7_cortexa9_0' is selected.
15:16:58 INFO  : Processor reset is completed for 'ps7_cortexa9_0'.
15:16:58 INFO  : Context for processor 'ps7_cortexa9_0' is selected.
15:16:58 INFO  : The application '/home/justin/github/2018_fall_hardware_software_codesign_lab/custom_ip/custom_ip.sdk/led_test/Debug/led_test.elf' is downloaded to processor 'ps7_cortexa9_0'.
15:16:58 INFO  : 'configparams force-mem-access 0' command is executed.
15:16:58 INFO  : ----------------XSDB Script----------------
connect -url tcp:127.0.0.1:3121
source /home/justin/github/2018_fall_hardware_software_codesign_lab/custom_ip/custom_ip.sdk/design_1_wrapper_hw_platform_0/ps7_init.tcl
targets -set -nocase -filter {name =~"APU*" && jtag_cable_name =~ "Digilent Zed 210248585406"} -index 0
loadhw -hw /home/justin/github/2018_fall_hardware_software_codesign_lab/custom_ip/custom_ip.sdk/design_1_wrapper_hw_platform_0/system.hdf -mem-ranges [list {0x40000000 0xbfffffff}]
configparams force-mem-access 1
targets -set -nocase -filter {name =~"APU*" && jtag_cable_name =~ "Digilent Zed 210248585406"} -index 0
stop
ps7_init
ps7_post_config
targets -set -nocase -filter {name =~ "ARM*#0" && jtag_cable_name =~ "Digilent Zed 210248585406"} -index 0
rst -processor
targets -set -nocase -filter {name =~ "ARM*#0" && jtag_cable_name =~ "Digilent Zed 210248585406"} -index 0
dow /home/justin/github/2018_fall_hardware_software_codesign_lab/custom_ip/custom_ip.sdk/led_test/Debug/led_test.elf
configparams force-mem-access 0
----------------End of Script----------------

15:16:58 INFO  : Context for processor 'ps7_cortexa9_0' is selected.
15:16:58 INFO  : 'con' command is executed.
15:16:58 INFO  : ----------------XSDB Script (After Launch)----------------
targets -set -nocase -filter {name =~ "ARM*#0" && jtag_cable_name =~ "Digilent Zed 210248585406"} -index 0
con
----------------End of Script----------------

15:16:58 INFO  : Disconnected from the channel tcfchan#12.
15:25:40 INFO  : 'targets -set -filter {jtag_cable_name =~ "Digilent Zed 210248585406" && level==0} -index 1' command is executed.
15:25:40 INFO  : 'fpga -state' command is executed.
15:25:40 INFO  : Connected to target on host '127.0.0.1' and port '3121'.
15:25:40 INFO  : Jtag cable 'Digilent Zed 210248585406' is selected.
15:25:40 INFO  : 'jtag frequency' command is executed.
15:25:40 INFO  : Sourcing of '/home/justin/github/2018_fall_hardware_software_codesign_lab/custom_ip/custom_ip.sdk/design_1_wrapper_hw_platform_0/ps7_init.tcl' is done.
15:25:40 INFO  : Context for 'APU' is selected.
15:25:42 INFO  : Hardware design information is loaded from '/home/justin/github/2018_fall_hardware_software_codesign_lab/custom_ip/custom_ip.sdk/design_1_wrapper_hw_platform_0/system.hdf'.
15:25:42 INFO  : 'configparams force-mem-access 1' command is executed.
15:25:42 INFO  : Context for 'APU' is selected.
15:25:42 INFO  : 'stop' command is executed.
15:25:42 INFO  : 'ps7_init' command is executed.
15:25:42 INFO  : 'ps7_post_config' command is executed.
15:25:42 INFO  : Context for processor 'ps7_cortexa9_0' is selected.
15:25:42 INFO  : Processor reset is completed for 'ps7_cortexa9_0'.
15:25:42 INFO  : Context for processor 'ps7_cortexa9_0' is selected.
15:25:42 INFO  : The application '/home/justin/github/2018_fall_hardware_software_codesign_lab/custom_ip/custom_ip.sdk/led_test/Debug/led_test.elf' is downloaded to processor 'ps7_cortexa9_0'.
15:25:42 INFO  : 'configparams force-mem-access 0' command is executed.
15:25:42 INFO  : ----------------XSDB Script----------------
connect -url tcp:127.0.0.1:3121
source /home/justin/github/2018_fall_hardware_software_codesign_lab/custom_ip/custom_ip.sdk/design_1_wrapper_hw_platform_0/ps7_init.tcl
targets -set -nocase -filter {name =~"APU*" && jtag_cable_name =~ "Digilent Zed 210248585406"} -index 0
loadhw -hw /home/justin/github/2018_fall_hardware_software_codesign_lab/custom_ip/custom_ip.sdk/design_1_wrapper_hw_platform_0/system.hdf -mem-ranges [list {0x40000000 0xbfffffff}]
configparams force-mem-access 1
targets -set -nocase -filter {name =~"APU*" && jtag_cable_name =~ "Digilent Zed 210248585406"} -index 0
stop
ps7_init
ps7_post_config
targets -set -nocase -filter {name =~ "ARM*#0" && jtag_cable_name =~ "Digilent Zed 210248585406"} -index 0
rst -processor
targets -set -nocase -filter {name =~ "ARM*#0" && jtag_cable_name =~ "Digilent Zed 210248585406"} -index 0
dow /home/justin/github/2018_fall_hardware_software_codesign_lab/custom_ip/custom_ip.sdk/led_test/Debug/led_test.elf
configparams force-mem-access 0
----------------End of Script----------------

15:25:42 INFO  : Context for processor 'ps7_cortexa9_0' is selected.
15:25:42 INFO  : 'con' command is executed.
15:25:42 INFO  : ----------------XSDB Script (After Launch)----------------
targets -set -nocase -filter {name =~ "ARM*#0" && jtag_cable_name =~ "Digilent Zed 210248585406"} -index 0
con
----------------End of Script----------------

15:25:42 INFO  : Disconnected from the channel tcfchan#13.
15:25:59 INFO  : 'targets -set -filter {jtag_cable_name =~ "Digilent Zed 210248585406" && level==0} -index 1' command is executed.
15:25:59 INFO  : 'fpga -state' command is executed.
15:25:59 INFO  : Connected to target on host '127.0.0.1' and port '3121'.
15:25:59 INFO  : Jtag cable 'Digilent Zed 210248585406' is selected.
15:25:59 INFO  : 'jtag frequency' command is executed.
15:25:59 INFO  : Sourcing of '/home/justin/github/2018_fall_hardware_software_codesign_lab/custom_ip/custom_ip.sdk/design_1_wrapper_hw_platform_0/ps7_init.tcl' is done.
15:25:59 INFO  : Context for 'APU' is selected.
15:26:00 INFO  : Hardware design information is loaded from '/home/justin/github/2018_fall_hardware_software_codesign_lab/custom_ip/custom_ip.sdk/design_1_wrapper_hw_platform_0/system.hdf'.
15:26:00 INFO  : 'configparams force-mem-access 1' command is executed.
15:26:00 INFO  : Context for 'APU' is selected.
15:26:00 INFO  : 'stop' command is executed.
15:26:01 INFO  : 'ps7_init' command is executed.
15:26:01 INFO  : 'ps7_post_config' command is executed.
15:26:01 INFO  : Context for processor 'ps7_cortexa9_0' is selected.
15:26:01 INFO  : Processor reset is completed for 'ps7_cortexa9_0'.
15:26:01 INFO  : Context for processor 'ps7_cortexa9_0' is selected.
15:26:01 INFO  : The application '/home/justin/github/2018_fall_hardware_software_codesign_lab/custom_ip/custom_ip.sdk/led_test/Debug/led_test.elf' is downloaded to processor 'ps7_cortexa9_0'.
15:26:01 INFO  : 'configparams force-mem-access 0' command is executed.
15:26:01 INFO  : ----------------XSDB Script----------------
connect -url tcp:127.0.0.1:3121
source /home/justin/github/2018_fall_hardware_software_codesign_lab/custom_ip/custom_ip.sdk/design_1_wrapper_hw_platform_0/ps7_init.tcl
targets -set -nocase -filter {name =~"APU*" && jtag_cable_name =~ "Digilent Zed 210248585406"} -index 0
loadhw -hw /home/justin/github/2018_fall_hardware_software_codesign_lab/custom_ip/custom_ip.sdk/design_1_wrapper_hw_platform_0/system.hdf -mem-ranges [list {0x40000000 0xbfffffff}]
configparams force-mem-access 1
targets -set -nocase -filter {name =~"APU*" && jtag_cable_name =~ "Digilent Zed 210248585406"} -index 0
stop
ps7_init
ps7_post_config
targets -set -nocase -filter {name =~ "ARM*#0" && jtag_cable_name =~ "Digilent Zed 210248585406"} -index 0
rst -processor
targets -set -nocase -filter {name =~ "ARM*#0" && jtag_cable_name =~ "Digilent Zed 210248585406"} -index 0
dow /home/justin/github/2018_fall_hardware_software_codesign_lab/custom_ip/custom_ip.sdk/led_test/Debug/led_test.elf
configparams force-mem-access 0
----------------End of Script----------------

15:26:01 INFO  : Context for processor 'ps7_cortexa9_0' is selected.
15:26:01 INFO  : 'con' command is executed.
15:26:01 INFO  : ----------------XSDB Script (After Launch)----------------
targets -set -nocase -filter {name =~ "ARM*#0" && jtag_cable_name =~ "Digilent Zed 210248585406"} -index 0
con
----------------End of Script----------------

15:26:01 INFO  : Disconnected from the channel tcfchan#14.
15:47:21 INFO  : SDK has detected change in the last modified timestamps for source hardware specification file Source:1545205473000,  Project:1543962775000
15:47:21 INFO  : Project design_1_wrapper_hw_platform_0's source hardware specification located at /home/justin/github/2018_fall_hardware_software_codesign_lab/custom_ip/custom_ip.sdk/design_1_wrapper.hdf is now different from the local copy.
		 The local copy will be replaced with the source specification and your workspace will be updated.
15:47:35 INFO  : Copied contents of /home/justin/github/2018_fall_hardware_software_codesign_lab/custom_ip/custom_ip.sdk/design_1_wrapper.hdf into /design_1_wrapper_hw_platform_0/system.hdf.
15:47:38 INFO  : Synchronizing projects in the workspace with the hardware platform specification changes.
15:47:39 INFO  : 
15:47:39 INFO  : Updating hardware inferred compiler options for led_test.
15:47:39 INFO  : Clearing existing target manager status.
15:47:39 INFO  : Closing and re-opening the MSS file of ther project led_test_bsp
15:47:39 INFO  : Closing and re-opening the MSS file of ther project led_test_bsp
15:47:40 INFO  : Workspace synchronized with the new hardware specification file. Cleaning dependent projects...
15:47:40 WARN  : Linker script will not be updated automatically. Users need to update it manually.
15:48:16 INFO  : Connected to target on host '127.0.0.1' and port '3121'.
15:48:16 INFO  : 'targets -set -filter {jtag_cable_name =~ "Digilent Zed 210248585406" && level==0} -index 1' command is executed.
15:48:19 INFO  : FPGA configured successfully with bitstream "/home/justin/github/2018_fall_hardware_software_codesign_lab/custom_ip/custom_ip.sdk/design_1_wrapper_hw_platform_0/design_1_wrapper.bit"
15:48:33 INFO  : 'targets -set -filter {jtag_cable_name =~ "Digilent Zed 210248585406" && level==0} -index 1' command is executed.
15:48:33 INFO  : 'fpga -state' command is executed.
15:48:33 INFO  : Connected to target on host '127.0.0.1' and port '3121'.
15:48:33 INFO  : Jtag cable 'Digilent Zed 210248585406' is selected.
15:48:33 INFO  : 'jtag frequency' command is executed.
15:48:33 INFO  : Sourcing of '/home/justin/github/2018_fall_hardware_software_codesign_lab/custom_ip/custom_ip.sdk/design_1_wrapper_hw_platform_0/ps7_init.tcl' is done.
15:48:33 INFO  : Context for 'APU' is selected.
15:48:33 INFO  : Hardware design information is loaded from '/home/justin/github/2018_fall_hardware_software_codesign_lab/custom_ip/custom_ip.sdk/design_1_wrapper_hw_platform_0/system.hdf'.
15:48:33 INFO  : 'configparams force-mem-access 1' command is executed.
15:48:33 INFO  : Context for 'APU' is selected.
15:48:33 INFO  : 'stop' command is executed.
15:48:33 INFO  : 'ps7_init' command is executed.
15:48:33 INFO  : 'ps7_post_config' command is executed.
15:48:34 INFO  : Context for processor 'ps7_cortexa9_0' is selected.
15:48:34 INFO  : Processor reset is completed for 'ps7_cortexa9_0'.
15:48:34 INFO  : Context for processor 'ps7_cortexa9_0' is selected.
15:48:34 INFO  : The application '/home/justin/github/2018_fall_hardware_software_codesign_lab/custom_ip/custom_ip.sdk/led_test/Debug/led_test.elf' is downloaded to processor 'ps7_cortexa9_0'.
15:48:34 INFO  : 'configparams force-mem-access 0' command is executed.
15:48:34 INFO  : ----------------XSDB Script----------------
connect -url tcp:127.0.0.1:3121
source /home/justin/github/2018_fall_hardware_software_codesign_lab/custom_ip/custom_ip.sdk/design_1_wrapper_hw_platform_0/ps7_init.tcl
targets -set -nocase -filter {name =~"APU*" && jtag_cable_name =~ "Digilent Zed 210248585406"} -index 0
loadhw -hw /home/justin/github/2018_fall_hardware_software_codesign_lab/custom_ip/custom_ip.sdk/design_1_wrapper_hw_platform_0/system.hdf -mem-ranges [list {0x40000000 0xbfffffff}]
configparams force-mem-access 1
targets -set -nocase -filter {name =~"APU*" && jtag_cable_name =~ "Digilent Zed 210248585406"} -index 0
stop
ps7_init
ps7_post_config
targets -set -nocase -filter {name =~ "ARM*#0" && jtag_cable_name =~ "Digilent Zed 210248585406"} -index 0
rst -processor
targets -set -nocase -filter {name =~ "ARM*#0" && jtag_cable_name =~ "Digilent Zed 210248585406"} -index 0
dow /home/justin/github/2018_fall_hardware_software_codesign_lab/custom_ip/custom_ip.sdk/led_test/Debug/led_test.elf
configparams force-mem-access 0
----------------End of Script----------------

15:48:34 INFO  : Context for processor 'ps7_cortexa9_0' is selected.
15:48:34 INFO  : 'con' command is executed.
15:48:34 INFO  : ----------------XSDB Script (After Launch)----------------
targets -set -nocase -filter {name =~ "ARM*#0" && jtag_cable_name =~ "Digilent Zed 210248585406"} -index 0
con
----------------End of Script----------------

15:48:34 INFO  : Disconnected from the channel tcfchan#15.
15:48:51 INFO  : 'targets -set -filter {jtag_cable_name =~ "Digilent Zed 210248585406" && level==0} -index 1' command is executed.
15:48:51 INFO  : 'fpga -state' command is executed.
15:48:51 INFO  : Connected to target on host '127.0.0.1' and port '3121'.
15:48:51 INFO  : Jtag cable 'Digilent Zed 210248585406' is selected.
15:48:51 INFO  : 'jtag frequency' command is executed.
15:48:51 INFO  : Sourcing of '/home/justin/github/2018_fall_hardware_software_codesign_lab/custom_ip/custom_ip.sdk/design_1_wrapper_hw_platform_0/ps7_init.tcl' is done.
15:48:51 INFO  : Context for 'APU' is selected.
15:48:52 INFO  : Hardware design information is loaded from '/home/justin/github/2018_fall_hardware_software_codesign_lab/custom_ip/custom_ip.sdk/design_1_wrapper_hw_platform_0/system.hdf'.
15:48:52 INFO  : 'configparams force-mem-access 1' command is executed.
15:48:52 INFO  : Context for 'APU' is selected.
15:48:52 INFO  : 'stop' command is executed.
15:48:53 INFO  : 'ps7_init' command is executed.
15:48:53 INFO  : 'ps7_post_config' command is executed.
15:48:53 INFO  : Context for processor 'ps7_cortexa9_0' is selected.
15:48:53 INFO  : Processor reset is completed for 'ps7_cortexa9_0'.
15:48:53 INFO  : Context for processor 'ps7_cortexa9_0' is selected.
15:48:53 INFO  : The application '/home/justin/github/2018_fall_hardware_software_codesign_lab/custom_ip/custom_ip.sdk/led_test/Debug/led_test.elf' is downloaded to processor 'ps7_cortexa9_0'.
15:48:53 INFO  : 'configparams force-mem-access 0' command is executed.
15:48:53 INFO  : ----------------XSDB Script----------------
connect -url tcp:127.0.0.1:3121
source /home/justin/github/2018_fall_hardware_software_codesign_lab/custom_ip/custom_ip.sdk/design_1_wrapper_hw_platform_0/ps7_init.tcl
targets -set -nocase -filter {name =~"APU*" && jtag_cable_name =~ "Digilent Zed 210248585406"} -index 0
loadhw -hw /home/justin/github/2018_fall_hardware_software_codesign_lab/custom_ip/custom_ip.sdk/design_1_wrapper_hw_platform_0/system.hdf -mem-ranges [list {0x40000000 0xbfffffff}]
configparams force-mem-access 1
targets -set -nocase -filter {name =~"APU*" && jtag_cable_name =~ "Digilent Zed 210248585406"} -index 0
stop
ps7_init
ps7_post_config
targets -set -nocase -filter {name =~ "ARM*#0" && jtag_cable_name =~ "Digilent Zed 210248585406"} -index 0
rst -processor
targets -set -nocase -filter {name =~ "ARM*#0" && jtag_cable_name =~ "Digilent Zed 210248585406"} -index 0
dow /home/justin/github/2018_fall_hardware_software_codesign_lab/custom_ip/custom_ip.sdk/led_test/Debug/led_test.elf
configparams force-mem-access 0
----------------End of Script----------------

15:48:53 INFO  : Context for processor 'ps7_cortexa9_0' is selected.
15:48:53 INFO  : 'con' command is executed.
15:48:53 INFO  : ----------------XSDB Script (After Launch)----------------
targets -set -nocase -filter {name =~ "ARM*#0" && jtag_cable_name =~ "Digilent Zed 210248585406"} -index 0
con
----------------End of Script----------------

15:48:53 INFO  : Disconnected from the channel tcfchan#16.
